{
  "stats": {
    "suites": 7,
    "tests": 31,
    "passes": 31,
    "pending": 0,
    "failures": 0,
    "start": "2025-11-30T19:11:07.153Z",
    "end": "2025-11-30T19:13:18.323Z",
    "duration": 131170,
    "testsRegistered": 31,
    "passPercent": 100,
    "pendingPercent": 0,
    "other": 0,
    "hasOther": false,
    "skipped": 0,
    "hasSkipped": false
  },
  "results": [
    {
      "uuid": "d0183331-dac0-4107-86a4-95c8c441439d",
      "title": "",
      "fullFile": "cypress\\e2e\\product.cy.js",
      "file": "cypress\\e2e\\product.cy.js",
      "beforeHooks": [],
      "afterHooks": [],
      "tests": [],
      "suites": [
        {
          "uuid": "8bcb0de9-6b7b-4d48-aa88-f70306da159a",
          "title": "Product E2E Tests",
          "fullFile": "",
          "file": "",
          "beforeHooks": [],
          "afterHooks": [],
          "tests": [],
          "suites": [
            {
              "uuid": "2d4120ad-85ce-4498-93e2-0cc8c35bb5a5",
              "title": "a) Create Product Flow",
              "fullFile": "",
              "file": "",
              "beforeHooks": [],
              "afterHooks": [],
              "tests": [
                {
                  "title": "Nên tạo sản phẩm mới thành công với đầy đủ thông tin",
                  "fullTitle": "Product E2E Tests a) Create Product Flow Nên tạo sản phẩm mới thành công với đầy đủ thông tin",
                  "timedOut": null,
                  "duration": 8141,
                  "state": "passed",
                  "speed": "medium",
                  "pass": true,
                  "fail": false,
                  "pending": false,
                  "context": null,
                  "code": "const timestamp = Date.now();\nconst newProduct = {\n  name: `Test Product ${timestamp}`,\n  price: \"15000000\",\n  quantity: \"10\",\n  description: \"Laptop Dell XPS 13 inch\",\n  categoryId: \"1\"\n};\nproductPage.clickAddNew();\nproductPage.shouldShowForm();\nproductPage.shouldHaveFormTitle(\"Tạo Sản Phẩm Mới\");\nproductPage.fillProductForm(newProduct);\nproductPage.clickSave();\ncy.wait(2000); // Đợi API response và toast hiển thị\ncy.get(\".toast-message\").should(\"contain\", \"thành công\");\nproductPage.shouldNotShowForm();\nproductPage.shouldContainProductName(\"Test Product\");",
                  "err": {},
                  "uuid": "fba46438-822e-44b2-91a4-0a96a2235d62",
                  "parentUUID": "2d4120ad-85ce-4498-93e2-0cc8c35bb5a5",
                  "isHook": false,
                  "skipped": false
                },
                {
                  "title": "Nên hiển thị form tạo mới khi click \"Thêm Mới\"",
                  "fullTitle": "Product E2E Tests a) Create Product Flow Nên hiển thị form tạo mới khi click \"Thêm Mới\"",
                  "timedOut": null,
                  "duration": 3472,
                  "state": "passed",
                  "speed": "fast",
                  "pass": true,
                  "fail": false,
                  "pending": false,
                  "context": null,
                  "code": "productPage.clickAddNew();\nproductPage.shouldShowForm();\nproductPage.shouldHaveFormTitle(\"Tạo Sản Phẩm Mới\");",
                  "err": {},
                  "uuid": "4230cd77-d3f4-46b1-8e99-b5356e886c12",
                  "parentUUID": "2d4120ad-85ce-4498-93e2-0cc8c35bb5a5",
                  "isHook": false,
                  "skipped": false
                },
                {
                  "title": "Nên đóng form khi click \"Hủy bỏ\"",
                  "fullTitle": "Product E2E Tests a) Create Product Flow Nên đóng form khi click \"Hủy bỏ\"",
                  "timedOut": null,
                  "duration": 3566,
                  "state": "passed",
                  "speed": "fast",
                  "pass": true,
                  "fail": false,
                  "pending": false,
                  "context": null,
                  "code": "productPage.clickAddNew();\nproductPage.shouldShowForm();\nproductPage.clickCancel();\nproductPage.shouldNotShowForm();",
                  "err": {},
                  "uuid": "0e002b89-b99e-462d-a883-7565d2efbcbe",
                  "parentUUID": "2d4120ad-85ce-4498-93e2-0cc8c35bb5a5",
                  "isHook": false,
                  "skipped": false
                },
                {
                  "title": "Nên validate tên sản phẩm không được để trống",
                  "fullTitle": "Product E2E Tests a) Create Product Flow Nên validate tên sản phẩm không được để trống",
                  "timedOut": null,
                  "duration": 4331,
                  "state": "passed",
                  "speed": "fast",
                  "pass": true,
                  "fail": false,
                  "pending": false,
                  "context": null,
                  "code": "productPage.clickAddNew();\nproductPage.fillProductForm({\n  name: \"\",\n  price: \"10000\",\n  quantity: \"5\",\n  categoryId: \"1\"\n});\nproductPage.clickSave();\nproductPage.shouldShowFormError(\"name\", \"không được để trống\");",
                  "err": {},
                  "uuid": "136f9957-d74f-424a-af9a-bfc38cf27566",
                  "parentUUID": "2d4120ad-85ce-4498-93e2-0cc8c35bb5a5",
                  "isHook": false,
                  "skipped": false
                },
                {
                  "title": "Nên validate giá sản phẩm phải lớn hơn 0",
                  "fullTitle": "Product E2E Tests a) Create Product Flow Nên validate giá sản phẩm phải lớn hơn 0",
                  "timedOut": null,
                  "duration": 4745,
                  "state": "passed",
                  "speed": "fast",
                  "pass": true,
                  "fail": false,
                  "pending": false,
                  "context": null,
                  "code": "productPage.clickAddNew();\nproductPage.fillProductForm({\n  name: \"Test Product\",\n  price: \"0\",\n  quantity: \"5\",\n  categoryId: \"1\"\n});\nproductPage.clickSave();\nproductPage.shouldShowFormError(\"price\", \"phải lớn hơn 0\");",
                  "err": {},
                  "uuid": "a356439b-03b4-4334-9328-d1d7b6b77b99",
                  "parentUUID": "2d4120ad-85ce-4498-93e2-0cc8c35bb5a5",
                  "isHook": false,
                  "skipped": false
                },
                {
                  "title": "Nên validate số lượng phải lớn hơn hoặc bằng 0",
                  "fullTitle": "Product E2E Tests a) Create Product Flow Nên validate số lượng phải lớn hơn hoặc bằng 0",
                  "timedOut": null,
                  "duration": 4812,
                  "state": "passed",
                  "speed": "fast",
                  "pass": true,
                  "fail": false,
                  "pending": false,
                  "context": null,
                  "code": "productPage.clickAddNew();\nproductPage.fillProductForm({\n  name: \"Test Product\",\n  price: \"10000\",\n  quantity: \"-1\",\n  categoryId: \"1\"\n});\nproductPage.clickSave();\nproductPage.shouldShowFormError(\"quantity\", \"không được nhỏ hơn 0\");",
                  "err": {},
                  "uuid": "321e01b0-c52c-433d-8592-445c69ea5d54",
                  "parentUUID": "2d4120ad-85ce-4498-93e2-0cc8c35bb5a5",
                  "isHook": false,
                  "skipped": false
                }
              ],
              "suites": [],
              "passes": [
                "fba46438-822e-44b2-91a4-0a96a2235d62",
                "4230cd77-d3f4-46b1-8e99-b5356e886c12",
                "0e002b89-b99e-462d-a883-7565d2efbcbe",
                "136f9957-d74f-424a-af9a-bfc38cf27566",
                "a356439b-03b4-4334-9328-d1d7b6b77b99",
                "321e01b0-c52c-433d-8592-445c69ea5d54"
              ],
              "failures": [],
              "pending": [],
              "skipped": [],
              "duration": 29067,
              "root": false,
              "rootEmpty": false,
              "_timeout": 2000
            },
            {
              "uuid": "9bd38da0-839f-452d-993b-ced1176f7fdc",
              "title": "b) Read/List Products Flow",
              "fullFile": "",
              "file": "",
              "beforeHooks": [],
              "afterHooks": [],
              "tests": [
                {
                  "title": "Nên hiển thị danh sách sản phẩm khi vào trang",
                  "fullTitle": "Product E2E Tests b) Read/List Products Flow Nên hiển thị danh sách sản phẩm khi vào trang",
                  "timedOut": null,
                  "duration": 3362,
                  "state": "passed",
                  "speed": "fast",
                  "pass": true,
                  "fail": false,
                  "pending": false,
                  "context": null,
                  "code": "productPage.shouldHaveTitle(\"Quản Lý Sản Phẩm\");\nproductPage.shouldHaveSearchInput();\nproductPage.shouldHaveAddButton();\nproductPage.shouldHaveFilterSection();\nproductPage.waitForProducts();\nproductPage.shouldHaveMinimumProducts(1);",
                  "err": {},
                  "uuid": "de7b5b00-191b-4ff1-83ab-ac68dab1dff8",
                  "parentUUID": "9bd38da0-839f-452d-993b-ced1176f7fdc",
                  "isHook": false,
                  "skipped": false
                },
                {
                  "title": "Nên xem chi tiết sản phẩm khi click \"Xem Chi Tiết\"",
                  "fullTitle": "Product E2E Tests b) Read/List Products Flow Nên xem chi tiết sản phẩm khi click \"Xem Chi Tiết\"",
                  "timedOut": null,
                  "duration": 3404,
                  "state": "passed",
                  "speed": "fast",
                  "pass": true,
                  "fail": false,
                  "pending": false,
                  "context": null,
                  "code": "// Lấy tên sản phẩm đầu tiên\nproductPage.getProductNameByIndex(0).then(productName => {\n  productPage.clickViewDetail(0);\n  productPage.shouldShowDetailModal();\n  productPage.shouldShowDetailName(productName);\n});",
                  "err": {},
                  "uuid": "b94cdb34-2cf5-4121-b96d-37ea6ecd9ffc",
                  "parentUUID": "9bd38da0-839f-452d-993b-ced1176f7fdc",
                  "isHook": false,
                  "skipped": false
                },
                {
                  "title": "Nên đóng modal chi tiết khi click nút đóng",
                  "fullTitle": "Product E2E Tests b) Read/List Products Flow Nên đóng modal chi tiết khi click nút đóng",
                  "timedOut": null,
                  "duration": 3486,
                  "state": "passed",
                  "speed": "fast",
                  "pass": true,
                  "fail": false,
                  "pending": false,
                  "context": null,
                  "code": "productPage.clickViewDetail(0);\nproductPage.shouldShowDetailModal();\nproductPage.closeDetailModal();\nproductPage.shouldNotShowDetailModal();",
                  "err": {},
                  "uuid": "1ba68a1a-1c16-40d4-bae2-ce7a81b29a40",
                  "parentUUID": "9bd38da0-839f-452d-993b-ced1176f7fdc",
                  "isHook": false,
                  "skipped": false
                },
                {
                  "title": "Nên hiển thị đầy đủ thông tin trong modal chi tiết",
                  "fullTitle": "Product E2E Tests b) Read/List Products Flow Nên hiển thị đầy đủ thông tin trong modal chi tiết",
                  "timedOut": null,
                  "duration": 3433,
                  "state": "passed",
                  "speed": "fast",
                  "pass": true,
                  "fail": false,
                  "pending": false,
                  "context": null,
                  "code": "productPage.clickViewDetail(0);\nproductPage.shouldShowDetailModal();\n// Verify các elements hiển thị\ncy.get(\".detail-name\").should(\"be.visible\");\ncy.get(\".detail-price\").should(\"be.visible\");\ncy.get(\".detail-category\").should(\"be.visible\");\ncy.get('.detail-row:contains(\"Tồn kho\")').should(\"be.visible\");\ncy.get(\".detail-description-content\").should(\"be.visible\");",
                  "err": {},
                  "uuid": "1d6f876b-fd57-450c-a83f-c103db2b673b",
                  "parentUUID": "9bd38da0-839f-452d-993b-ced1176f7fdc",
                  "isHook": false,
                  "skipped": false
                },
                {
                  "title": "Nên phân trang đúng khi có nhiều sản phẩm",
                  "fullTitle": "Product E2E Tests b) Read/List Products Flow Nên phân trang đúng khi có nhiều sản phẩm",
                  "timedOut": null,
                  "duration": 3336,
                  "state": "passed",
                  "speed": "fast",
                  "pass": true,
                  "fail": false,
                  "pending": false,
                  "context": null,
                  "code": "// Kiểm tra xem có pagination không\ncy.get(\"body\").then($body => {\n  if ($body.find(\".pagination\").length > 0) {\n    productPage.shouldHavePagination();\n    productPage.shouldBeOnPage(1);\n    // Click next page\n    cy.get(\".page-btn:last\").then($btn => {\n      if (!$btn.prop(\"disabled\")) {\n        productPage.clickNextPage();\n        cy.wait(500);\n        productPage.shouldBeOnPage(2);\n      }\n    });\n  }\n});",
                  "err": {},
                  "uuid": "9811d3b5-6db8-4891-a64d-018937fdc331",
                  "parentUUID": "9bd38da0-839f-452d-993b-ced1176f7fdc",
                  "isHook": false,
                  "skipped": false
                }
              ],
              "suites": [],
              "passes": [
                "de7b5b00-191b-4ff1-83ab-ac68dab1dff8",
                "b94cdb34-2cf5-4121-b96d-37ea6ecd9ffc",
                "1ba68a1a-1c16-40d4-bae2-ce7a81b29a40",
                "1d6f876b-fd57-450c-a83f-c103db2b673b",
                "9811d3b5-6db8-4891-a64d-018937fdc331"
              ],
              "failures": [],
              "pending": [],
              "skipped": [],
              "duration": 17021,
              "root": false,
              "rootEmpty": false,
              "_timeout": 2000
            },
            {
              "uuid": "b0d46be0-73f9-4945-b0b5-46804deee518",
              "title": "c) Update Product Flow",
              "fullFile": "",
              "file": "",
              "beforeHooks": [],
              "afterHooks": [],
              "tests": [
                {
                  "title": "Nên cập nhật sản phẩm thành công",
                  "fullTitle": "Product E2E Tests c) Update Product Flow Nên cập nhật sản phẩm thành công",
                  "timedOut": null,
                  "duration": 5007,
                  "state": "passed",
                  "speed": "medium",
                  "pass": true,
                  "fail": false,
                  "pending": false,
                  "context": null,
                  "code": "// Click vào sản phẩm đầu tiên để xem chi tiết\nproductPage.clickViewDetail(0);\nproductPage.shouldShowDetailModal();\n// Click edit từ modal\nproductPage.clickDetailEdit();\nproductPage.shouldShowForm();\nproductPage.shouldHaveFormTitle(\"Chỉnh Sửa Sản Phẩm\");\n// Update thông tin\ncy.get('[name=\"price\"]').clear().type(\"18000000\");\nproductPage.clickSave();\ncy.wait(1000);\nproductPage.shouldShowSuccessMessage(\"Cập nhật thành công\");\nproductPage.shouldNotShowForm();",
                  "err": {},
                  "uuid": "33a2c4ed-010c-4cdc-b9bf-ed1b87a01d46",
                  "parentUUID": "b0d46be0-73f9-4945-b0b5-46804deee518",
                  "isHook": false,
                  "skipped": false
                },
                {
                  "title": "Nên mở form edit với dữ liệu hiện tại của sản phẩm",
                  "fullTitle": "Product E2E Tests c) Update Product Flow Nên mở form edit với dữ liệu hiện tại của sản phẩm",
                  "timedOut": null,
                  "duration": 3526,
                  "state": "passed",
                  "speed": "fast",
                  "pass": true,
                  "fail": false,
                  "pending": false,
                  "context": null,
                  "code": "productPage.getProductNameByIndex(0).then(productName => {\n  productPage.clickViewDetail(0);\n  productPage.clickDetailEdit();\n  productPage.shouldShowForm();\n  productPage.shouldHaveFormTitle(\"Chỉnh Sửa Sản Phẩm\");\n  productPage.shouldHaveFormValue(\"name\", productName);\n});",
                  "err": {},
                  "uuid": "d8984b99-43dc-4ff0-83fe-44cbf22d2884",
                  "parentUUID": "b0d46be0-73f9-4945-b0b5-46804deee518",
                  "isHook": false,
                  "skipped": false
                },
                {
                  "title": "Nên validate khi update với dữ liệu không hợp lệ",
                  "fullTitle": "Product E2E Tests c) Update Product Flow Nên validate khi update với dữ liệu không hợp lệ",
                  "timedOut": null,
                  "duration": 3977,
                  "state": "passed",
                  "speed": "fast",
                  "pass": true,
                  "fail": false,
                  "pending": false,
                  "context": null,
                  "code": "productPage.clickViewDetail(0);\nproductPage.clickDetailEdit();\n// Xóa tên sản phẩm (invalid)\ncy.get('[name=\"name\"]').clear();\nproductPage.clickSave();\nproductPage.shouldShowFormError(\"name\", \"không được để trống\");\nproductPage.shouldShowForm(); // Form vẫn mở",
                  "err": {},
                  "uuid": "140cf6d6-a9a9-4598-98b8-c5c9c26ce639",
                  "parentUUID": "b0d46be0-73f9-4945-b0b5-46804deee518",
                  "isHook": false,
                  "skipped": false
                },
                {
                  "title": "Nên hủy bỏ update khi click \"Hủy bỏ\"",
                  "fullTitle": "Product E2E Tests c) Update Product Flow Nên hủy bỏ update khi click \"Hủy bỏ\"",
                  "timedOut": null,
                  "duration": 4040,
                  "state": "passed",
                  "speed": "fast",
                  "pass": true,
                  "fail": false,
                  "pending": false,
                  "context": null,
                  "code": "productPage.clickViewDetail(0);\nproductPage.clickDetailEdit();\nproductPage.shouldShowForm();\n// Thay đổi dữ liệu nhưng không save\ncy.get('[name=\"price\"]').clear().type(\"99999999\");\nproductPage.clickCancel();\nproductPage.shouldNotShowForm();",
                  "err": {},
                  "uuid": "9434d8ff-ca84-4dd0-a9f0-9d10aacaef7b",
                  "parentUUID": "b0d46be0-73f9-4945-b0b5-46804deee518",
                  "isHook": false,
                  "skipped": false
                }
              ],
              "suites": [],
              "passes": [
                "33a2c4ed-010c-4cdc-b9bf-ed1b87a01d46",
                "d8984b99-43dc-4ff0-83fe-44cbf22d2884",
                "140cf6d6-a9a9-4598-98b8-c5c9c26ce639",
                "9434d8ff-ca84-4dd0-a9f0-9d10aacaef7b"
              ],
              "failures": [],
              "pending": [],
              "skipped": [],
              "duration": 16550,
              "root": false,
              "rootEmpty": false,
              "_timeout": 2000
            },
            {
              "uuid": "27ebd596-5a08-4f69-87b9-05bcf9b365ac",
              "title": "d) Delete Product Flow",
              "fullFile": "",
              "file": "",
              "beforeHooks": [],
              "afterHooks": [],
              "tests": [
                {
                  "title": "Nên hiển thị modal xác nhận khi xóa sản phẩm",
                  "fullTitle": "Product E2E Tests d) Delete Product Flow Nên hiển thị modal xác nhận khi xóa sản phẩm",
                  "timedOut": null,
                  "duration": 3485,
                  "state": "passed",
                  "speed": "fast",
                  "pass": true,
                  "fail": false,
                  "pending": false,
                  "context": null,
                  "code": "productPage.getProductNameByIndex(0).then(productName => {\n  productPage.clickViewDetail(0);\n  productPage.clickDetailDelete();\n  productPage.shouldShowDeleteModal();\n  productPage.shouldShowDeleteConfirmation(productName);\n});",
                  "err": {},
                  "uuid": "5cac48ce-3d2c-4e3b-a770-e0782443ceec",
                  "parentUUID": "27ebd596-5a08-4f69-87b9-05bcf9b365ac",
                  "isHook": false,
                  "skipped": false
                },
                {
                  "title": "Nên hủy xóa khi click \"Hủy bỏ\" trong modal xác nhận",
                  "fullTitle": "Product E2E Tests d) Delete Product Flow Nên hủy xóa khi click \"Hủy bỏ\" trong modal xác nhận",
                  "timedOut": null,
                  "duration": 3614,
                  "state": "passed",
                  "speed": "fast",
                  "pass": true,
                  "fail": false,
                  "pending": false,
                  "context": null,
                  "code": "productPage.clickViewDetail(0);\nproductPage.clickDetailDelete();\nproductPage.shouldShowDeleteModal();\nproductPage.cancelDelete();\nproductPage.shouldNotShowDeleteModal();",
                  "err": {},
                  "uuid": "d2f1356b-ce3b-4dfd-aa93-7d8d20e0fbb8",
                  "parentUUID": "27ebd596-5a08-4f69-87b9-05bcf9b365ac",
                  "isHook": false,
                  "skipped": false
                },
                {
                  "title": "Nên xóa sản phẩm thành công khi xác nhận",
                  "fullTitle": "Product E2E Tests d) Delete Product Flow Nên xóa sản phẩm thành công khi xác nhận",
                  "timedOut": null,
                  "duration": 5616,
                  "state": "passed",
                  "speed": "medium",
                  "pass": true,
                  "fail": false,
                  "pending": false,
                  "context": null,
                  "code": "// Đếm số sản phẩm trước khi xóa\nproductPage.getProductCount().then(initialCount => {\n  productPage.getProductNameByIndex(0).then(productName => {\n    productPage.clickViewDetail(0);\n    productPage.clickDetailDelete();\n    productPage.shouldShowDeleteModal();\n    productPage.confirmDelete();\n    cy.wait(2000);\n    cy.get(\".toast-message\").should(\"contain\", \"xóa\");\n    productPage.shouldNotShowDeleteModal();\n    // Verify sản phẩm đã bị xóa (có thể bằng hoặc nhỏ hơn do pagination)\n    cy.get(\".product-card\").should(\"have.length.at.most\", initialCount);\n  });\n});",
                  "err": {},
                  "uuid": "a8d1efca-c959-47b6-b928-43997b06847d",
                  "parentUUID": "27ebd596-5a08-4f69-87b9-05bcf9b365ac",
                  "isHook": false,
                  "skipped": false
                },
                {
                  "title": "Nên xóa đúng sản phẩm được chọn",
                  "fullTitle": "Product E2E Tests d) Delete Product Flow Nên xóa đúng sản phẩm được chọn",
                  "timedOut": null,
                  "duration": 4657,
                  "state": "passed",
                  "speed": "fast",
                  "pass": true,
                  "fail": false,
                  "pending": false,
                  "context": null,
                  "code": "// Kiểm tra còn products không trước\ncy.get(\"body\").then($body => {\n  if ($body.find(\".product-card\").length === 0) {\n    cy.log(\"No products available for delete test\");\n    return;\n  }\n  // Nếu còn products, thực hiện test xóa\n  productPage.getProductNameByIndex(0).then(productNameToDelete => {\n    productPage.clickViewDetail(0);\n    productPage.clickDetailDelete();\n    productPage.confirmDelete();\n    cy.wait(1000);\n    // Verify sản phẩm đã bị xóa - check nếu còn products thì không chứa tên đã xóa\n    cy.get(\"body\").then($body2 => {\n      if ($body2.find(\".product-card\").length > 0) {\n        cy.get(\".product-card\").each($card => {\n          cy.wrap($card).find(\".card-title\").should(\"not.contain\", productNameToDelete);\n        });\n      } else {\n        // Nếu không còn product nào -> đã xóa hết -> pass test\n        cy.log(\"All products deleted\");\n      }\n    });\n  });\n});",
                  "err": {},
                  "uuid": "4e0b9c19-4508-4884-b092-d6baf5c38e91",
                  "parentUUID": "27ebd596-5a08-4f69-87b9-05bcf9b365ac",
                  "isHook": false,
                  "skipped": false
                }
              ],
              "suites": [],
              "passes": [
                "5cac48ce-3d2c-4e3b-a770-e0782443ceec",
                "d2f1356b-ce3b-4dfd-aa93-7d8d20e0fbb8",
                "a8d1efca-c959-47b6-b928-43997b06847d",
                "4e0b9c19-4508-4884-b092-d6baf5c38e91"
              ],
              "failures": [],
              "pending": [],
              "skipped": [],
              "duration": 17372,
              "root": false,
              "rootEmpty": false,
              "_timeout": 2000
            },
            {
              "uuid": "6041724a-0e4b-44c8-a7c7-382432bf19e6",
              "title": "e) Search and Filter Functionality",
              "fullFile": "",
              "file": "",
              "beforeHooks": [],
              "afterHooks": [],
              "tests": [
                {
                  "title": "Nên tìm kiếm sản phẩm theo tên",
                  "fullTitle": "Product E2E Tests e) Search and Filter Functionality Nên tìm kiếm sản phẩm theo tên",
                  "timedOut": null,
                  "duration": 4161,
                  "state": "passed",
                  "speed": "fast",
                  "pass": true,
                  "fail": false,
                  "pending": false,
                  "context": null,
                  "code": "// Kiểm tra còn products không\ncy.get(\"body\").then($body => {\n  if ($body.find(\".product-card\").length > 0) {\n    productPage.getProductNameByIndex(0).then(productName => {\n      const searchTerm = productName.substring(0, 5);\n      productPage.typeSearch(searchTerm);\n      cy.wait(500);\n      // Verify kết quả tìm kiếm\n      cy.get(\".product-card\").each($card => {\n        cy.wrap($card).find(\".card-title\").invoke(\"text\").should(\"match\", new RegExp(searchTerm, \"i\"));\n      });\n    });\n  } else {\n    cy.log(\"No products available for search test\");\n  }\n});",
                  "err": {},
                  "uuid": "a810a451-d34b-4ef3-a996-aec4e4ee7900",
                  "parentUUID": "6041724a-0e4b-44c8-a7c7-382432bf19e6",
                  "isHook": false,
                  "skipped": false
                },
                {
                  "title": "Nên hiển thị \"Không tìm thấy\" khi search không có kết quả",
                  "fullTitle": "Product E2E Tests e) Search and Filter Functionality Nên hiển thị \"Không tìm thấy\" khi search không có kết quả",
                  "timedOut": null,
                  "duration": 4547,
                  "state": "passed",
                  "speed": "fast",
                  "pass": true,
                  "fail": false,
                  "pending": false,
                  "context": null,
                  "code": "productPage.typeSearch(\"ProductNotExist123456789\");\ncy.wait(500);\nproductPage.shouldShowNoResults();",
                  "err": {},
                  "uuid": "6d8f3028-402e-4a11-9c63-c7395bab502d",
                  "parentUUID": "6041724a-0e4b-44c8-a7c7-382432bf19e6",
                  "isHook": false,
                  "skipped": false
                },
                {
                  "title": "Nên clear search và hiển thị lại tất cả sản phẩm",
                  "fullTitle": "Product E2E Tests e) Search and Filter Functionality Nên clear search và hiển thị lại tất cả sản phẩm",
                  "timedOut": null,
                  "duration": 4786,
                  "state": "passed",
                  "speed": "fast",
                  "pass": true,
                  "fail": false,
                  "pending": false,
                  "context": null,
                  "code": "// Search trước\nproductPage.typeSearch(\"test\");\ncy.wait(500);\n// Clear search\nproductPage.clearSearch();\ncy.wait(500);\n// Verify hiển thị lại products (nếu có)\ncy.get(\"body\").then($body => {\n  if ($body.find(\".product-card\").length > 0) {\n    productPage.shouldHaveMinimumProducts(1);\n  } else {\n    cy.log(\"No products available after clear\");\n  }\n});",
                  "err": {},
                  "uuid": "bd759fe5-8539-42db-9bf2-01c1bb8f4bf5",
                  "parentUUID": "6041724a-0e4b-44c8-a7c7-382432bf19e6",
                  "isHook": false,
                  "skipped": false
                },
                {
                  "title": "Nên lọc sản phẩm theo danh mục",
                  "fullTitle": "Product E2E Tests e) Search and Filter Functionality Nên lọc sản phẩm theo danh mục",
                  "timedOut": null,
                  "duration": 3918,
                  "state": "passed",
                  "speed": "fast",
                  "pass": true,
                  "fail": false,
                  "pending": false,
                  "context": null,
                  "code": "// Click vào filter đầu tiên (không phải \"Tất cả\")\ncy.get(\".filter-pill\").eq(1).then($pill => {\n  const categoryName = $pill.text().trim();\n  cy.wrap($pill).click();\n  cy.wait(500);\n  productPage.shouldHaveActiveFilter(categoryName);\n  // Verify tất cả sản phẩm đều thuộc category này (nếu có sản phẩm)\n  cy.get(\"body\").then($body => {\n    if ($body.find(\".product-card\").length > 0) {\n      cy.get(\".product-card\").each($card => {\n        cy.wrap($card).find(\".card-category\").should(\"contain\", categoryName);\n      });\n    } else {\n      // Nếu không có sản phẩm trong category này thì pass\n      cy.log(\"No products in this category\");\n    }\n  });\n});",
                  "err": {},
                  "uuid": "999ad9c8-40c4-4431-b676-0f7e712f9e91",
                  "parentUUID": "6041724a-0e4b-44c8-a7c7-382432bf19e6",
                  "isHook": false,
                  "skipped": false
                },
                {
                  "title": "Nên reset filter về \"Tất cả\"",
                  "fullTitle": "Product E2E Tests e) Search and Filter Functionality Nên reset filter về \"Tất cả\"",
                  "timedOut": null,
                  "duration": 4553,
                  "state": "passed",
                  "speed": "fast",
                  "pass": true,
                  "fail": false,
                  "pending": false,
                  "context": null,
                  "code": "// Chọn một category cụ thể\ncy.get(\".filter-pill\").eq(1).click();\ncy.wait(500);\n// Click \"Tất cả\"\nproductPage.selectFilter(\"Tất cả\");\ncy.wait(500);\nproductPage.shouldHaveActiveFilter(\"Tất cả\");\n// Verify có products (nếu có)\ncy.get(\"body\").then($body => {\n  if ($body.find(\".product-card\").length > 0) {\n    productPage.shouldHaveMinimumProducts(1);\n  } else {\n    cy.log(\"No products available\");\n  }\n});",
                  "err": {},
                  "uuid": "e0562a4c-d131-486c-b389-297957f4b974",
                  "parentUUID": "6041724a-0e4b-44c8-a7c7-382432bf19e6",
                  "isHook": false,
                  "skipped": false
                },
                {
                  "title": "Nên kết hợp search và filter",
                  "fullTitle": "Product E2E Tests e) Search and Filter Functionality Nên kết hợp search và filter",
                  "timedOut": null,
                  "duration": 5345,
                  "state": "passed",
                  "speed": "medium",
                  "pass": true,
                  "fail": false,
                  "pending": false,
                  "context": null,
                  "code": "// Đảm bảo ở filter \"Tất cả\" trước\nproductPage.selectFilter(\"Tất cả\");\ncy.wait(500);\n// Kiểm tra còn products không\ncy.get(\"body\").then($body => {\n  if ($body.find(\".product-card\").length === 0) {\n    cy.log(\"No products available for combined search test\");\n    return;\n  }\n  // Lấy sản phẩm đầu tiên và category của nó\n  cy.get(\".product-card\").first().then($card => {\n    const categoryName = $card.find(\".card-category\").text().trim();\n    const productName = $card.find(\".card-title\").text().trim();\n    const searchTerm = productName.substring(0, 3);\n    // Chọn filter theo category của sản phẩm này\n    cy.get(\".filter-pill\").contains(categoryName).click();\n    cy.wait(500);\n    // Verify filter active\n    productPage.shouldHaveActiveFilter(categoryName);\n    // Sau đó search\n    productPage.typeSearch(searchTerm);\n    cy.wait(500);\n    // Verify cả filter và search đều hoạt động\n    cy.get(\".search-input\").should(\"have.value\", searchTerm);\n    // Nếu có kết quả, verify đúng category và match search\n    cy.get(\"body\").then($body => {\n      if ($body.find(\".product-card\").length > 0) {\n        cy.get(\".product-card\").each($card => {\n          cy.wrap($card).find(\".card-category\").should(\"contain\", categoryName);\n          cy.wrap($card).find(\".card-title\").invoke(\"text\").should(\"match\", new RegExp(searchTerm, \"i\"));\n        });\n      } else {\n        // Không có kết quả là OK (search quá strict)\n        cy.log(\"No results with combined filter and search\");\n      }\n    });\n  });\n});",
                  "err": {},
                  "uuid": "f1d17e94-3563-44fb-ba14-6eff6b70f6f7",
                  "parentUUID": "6041724a-0e4b-44c8-a7c7-382432bf19e6",
                  "isHook": false,
                  "skipped": false
                },
                {
                  "title": "Nên reset về trang 1 khi search hoặc filter",
                  "fullTitle": "Product E2E Tests e) Search and Filter Functionality Nên reset về trang 1 khi search hoặc filter",
                  "timedOut": null,
                  "duration": 3287,
                  "state": "passed",
                  "speed": "fast",
                  "pass": true,
                  "fail": false,
                  "pending": false,
                  "context": null,
                  "code": "// Nếu có pagination, đi đến trang 2\ncy.get(\"body\").then($body => {\n  if ($body.find(\".pagination\").length > 0) {\n    cy.get(\".page-btn:last\").then($btn => {\n      if (!$btn.prop(\"disabled\")) {\n        productPage.clickNextPage();\n        cy.wait(500);\n        // Sau đó search -> nên reset về trang 1\n        productPage.typeSearch(\"test\");\n        cy.wait(500);\n        // Verify về trang 1 (nếu còn có pagination sau khi search)\n        cy.get(\"body\").then($body2 => {\n          if ($body2.find(\".page-btn.active\").length > 0) {\n            cy.get(\".page-btn.active\").should(\"contain\", \"1\");\n          } else {\n            // Không còn pagination sau search -> pass\n            cy.log(\"No pagination after search\");\n          }\n        });\n      } else {\n        cy.log(\"Only one page, cannot test pagination reset\");\n      }\n    });\n  } else {\n    cy.log(\"No pagination found, skipping test\");\n  }\n});",
                  "err": {},
                  "uuid": "6f825f9a-113e-4711-b18b-c1421560814d",
                  "parentUUID": "6041724a-0e4b-44c8-a7c7-382432bf19e6",
                  "isHook": false,
                  "skipped": false
                }
              ],
              "suites": [],
              "passes": [
                "a810a451-d34b-4ef3-a996-aec4e4ee7900",
                "6d8f3028-402e-4a11-9c63-c7395bab502d",
                "bd759fe5-8539-42db-9bf2-01c1bb8f4bf5",
                "999ad9c8-40c4-4431-b676-0f7e712f9e91",
                "e0562a4c-d131-486c-b389-297957f4b974",
                "f1d17e94-3563-44fb-ba14-6eff6b70f6f7",
                "6f825f9a-113e-4711-b18b-c1421560814d"
              ],
              "failures": [],
              "pending": [],
              "skipped": [],
              "duration": 30597,
              "root": false,
              "rootEmpty": false,
              "_timeout": 2000
            },
            {
              "uuid": "f149d374-37f6-413c-beaf-3a6d6d7fa6de",
              "title": "Additional E2E Scenarios",
              "fullFile": "",
              "file": "",
              "beforeHooks": [],
              "afterHooks": [],
              "tests": [
                {
                  "title": "Nên hiển thị placeholder image khi sản phẩm không có ảnh",
                  "fullTitle": "Product E2E Tests Additional E2E Scenarios Nên hiển thị placeholder image khi sản phẩm không có ảnh",
                  "timedOut": null,
                  "duration": 3319,
                  "state": "passed",
                  "speed": "fast",
                  "pass": true,
                  "fail": false,
                  "pending": false,
                  "context": null,
                  "code": "cy.get(\"body\").then($body => {\n  if ($body.find(\".card-image\").length > 0) {\n    cy.get(\".card-image\").first().should(\"have.attr\", \"src\");\n  } else {\n    cy.log(\"No products with images available\");\n  }\n});",
                  "err": {},
                  "uuid": "d967cf30-50ef-402a-becf-8384313efa43",
                  "parentUUID": "f149d374-37f6-413c-beaf-3a6d6d7fa6de",
                  "isHook": false,
                  "skipped": false
                },
                {
                  "title": "Nên format giá tiền đúng định dạng VND",
                  "fullTitle": "Product E2E Tests Additional E2E Scenarios Nên format giá tiền đúng định dạng VND",
                  "timedOut": null,
                  "duration": 3441,
                  "state": "passed",
                  "speed": "fast",
                  "pass": true,
                  "fail": false,
                  "pending": false,
                  "context": null,
                  "code": "cy.get(\"body\").then($body => {\n  if ($body.find(\".card-price\").length > 0) {\n    cy.get(\".card-price\").first().invoke(\"text\").should(\"match\", /\\d{1,3}(,\\d{3})*\\s*đ/);\n  } else {\n    cy.log(\"No products with prices available\");\n  }\n});",
                  "err": {},
                  "uuid": "58d786ca-31ce-4c8d-a8eb-819f4de41f72",
                  "parentUUID": "f149d374-37f6-413c-beaf-3a6d6d7fa6de",
                  "isHook": false,
                  "skipped": false
                },
                {
                  "title": "Nên có nút logout và hoạt động đúng",
                  "fullTitle": "Product E2E Tests Additional E2E Scenarios Nên có nút logout và hoạt động đúng",
                  "timedOut": null,
                  "duration": 3478,
                  "state": "passed",
                  "speed": "fast",
                  "pass": true,
                  "fail": false,
                  "pending": false,
                  "context": null,
                  "code": "productPage.shouldHaveLogoutButton();\nproductPage.clickLogout();\n// Verify redirect về login\ncy.url().should(\"include\", \"/login\");",
                  "err": {},
                  "uuid": "f1acce0b-6673-41df-89f0-efb80f3de838",
                  "parentUUID": "f149d374-37f6-413c-beaf-3a6d6d7fa6de",
                  "isHook": false,
                  "skipped": false
                },
                {
                  "title": "Nên persist data sau khi reload trang",
                  "fullTitle": "Product E2E Tests Additional E2E Scenarios Nên persist data sau khi reload trang",
                  "timedOut": null,
                  "duration": 4539,
                  "state": "passed",
                  "speed": "fast",
                  "pass": true,
                  "fail": false,
                  "pending": false,
                  "context": null,
                  "code": "cy.get(\"body\").then($body => {\n  if ($body.find(\".product-card\").length > 0) {\n    productPage.getProductCount().then(initialCount => {\n      cy.reload();\n      cy.wait(1000);\n      productPage.getProductCount().should(\"equal\", initialCount);\n    });\n  } else {\n    cy.log(\"No products available for persist test\");\n  }\n});",
                  "err": {},
                  "uuid": "81f689f0-2cae-430e-86a2-960b40cbaa55",
                  "parentUUID": "f149d374-37f6-413c-beaf-3a6d6d7fa6de",
                  "isHook": false,
                  "skipped": false
                },
                {
                  "title": "Nên hiển thị loading state khi tải dữ liệu",
                  "fullTitle": "Product E2E Tests Additional E2E Scenarios Nên hiển thị loading state khi tải dữ liệu",
                  "timedOut": null,
                  "duration": 3407,
                  "state": "passed",
                  "speed": "fast",
                  "pass": true,
                  "fail": false,
                  "pending": false,
                  "context": null,
                  "code": "cy.intercept(\"GET\", \"**/api/products**\", req => {\n  req.reply(res => {\n    res.setDelay(1000); // Delay 1s để thấy loading\n  });\n}).as(\"getProducts\");\ncy.reload();\n// Có thể check loading spinner hoặc message nếu có\ncy.get(\"body\").should(\"be.visible\");",
                  "err": {},
                  "uuid": "8bab0924-2287-467a-846b-ac285de8e96c",
                  "parentUUID": "f149d374-37f6-413c-beaf-3a6d6d7fa6de",
                  "isHook": false,
                  "skipped": false
                }
              ],
              "suites": [],
              "passes": [
                "d967cf30-50ef-402a-becf-8384313efa43",
                "58d786ca-31ce-4c8d-a8eb-819f4de41f72",
                "f1acce0b-6673-41df-89f0-efb80f3de838",
                "81f689f0-2cae-430e-86a2-960b40cbaa55",
                "8bab0924-2287-467a-846b-ac285de8e96c"
              ],
              "failures": [],
              "pending": [],
              "skipped": [],
              "duration": 18184,
              "root": false,
              "rootEmpty": false,
              "_timeout": 2000
            }
          ],
          "passes": [],
          "failures": [],
          "pending": [],
          "skipped": [],
          "duration": 0,
          "root": false,
          "rootEmpty": false,
          "_timeout": 2000
        }
      ],
      "passes": [],
      "failures": [],
      "pending": [],
      "skipped": [],
      "duration": 0,
      "root": true,
      "rootEmpty": true,
      "_timeout": 2000
    }
  ],
  "meta": {
    "mocha": {
      "version": "7.2.0"
    },
    "mochawesome": {
      "options": {
        "quiet": false,
        "reportFilename": "mochawesome",
        "saveHtml": true,
        "saveJson": true,
        "consoleReporter": "spec",
        "useInlineDiffs": false,
        "code": true
      },
      "version": "7.1.4"
    },
    "marge": {
      "options": {
        "reportDir": "cypress/reports",
        "overwrite": false,
        "html": true,
        "json": true,
        "charts": true,
        "reportPageTitle": "Login E2E Test Report",
        "embeddedScreenshots": true,
        "inlineAssets": true
      },
      "version": "6.3.2"
    }
  }
}