{
  "stats": {
    "suites": 6,
    "tests": 27,
    "passes": 27,
    "pending": 0,
    "failures": 0,
    "start": "2025-11-30T11:46:13.328Z",
    "end": "2025-11-30T11:46:49.440Z",
    "duration": 36112,
    "testsRegistered": 27,
    "passPercent": 100,
    "pendingPercent": 0,
    "other": 0,
    "hasOther": false,
    "skipped": 0,
    "hasSkipped": false
  },
  "results": [
    {
      "uuid": "1fe9294f-ff57-46bb-9615-9b03f15ef0a8",
      "title": "",
      "fullFile": "cypress\\e2e\\login.cy.js",
      "file": "cypress\\e2e\\login.cy.js",
      "beforeHooks": [],
      "afterHooks": [],
      "tests": [],
      "suites": [
        {
          "uuid": "64b88a04-0253-4fe0-9a8f-e79529de38f4",
          "title": "Login E2E Tests",
          "fullFile": "",
          "file": "",
          "beforeHooks": [],
          "afterHooks": [],
          "tests": [],
          "suites": [
            {
              "uuid": "170b8021-14a9-46bd-a1cb-bc4a2e8ada34",
              "title": "Complete Login Flow",
              "fullFile": "",
              "file": "",
              "beforeHooks": [],
              "afterHooks": [],
              "tests": [
                {
                  "title": "Nên hiển thị tất cả các elements của form login",
                  "fullTitle": "Login E2E Tests Complete Login Flow Nên hiển thị tất cả các elements của form login",
                  "timedOut": null,
                  "duration": 709,
                  "state": "passed",
                  "speed": "fast",
                  "pass": true,
                  "fail": false,
                  "pending": false,
                  "context": null,
                  "code": "loginPage.checkElementsVisible();\n// Kiểm tra placeholder/labels\ncy.get(loginPage.selectors.usernameInput).should(\"have.attr\", \"type\", \"text\").and(\"have.attr\", \"id\", \"username\");\ncy.get(loginPage.selectors.passwordInput).should(\"have.attr\", \"type\", \"password\").and(\"have.attr\", \"id\", \"password\");\ncy.get(loginPage.selectors.loginButton).should(\"contain\", \"Đăng nhập\").and(\"have.attr\", \"type\", \"submit\");",
                  "err": {},
                  "uuid": "ea49b55c-22b8-4e70-9fed-6ec710e41982",
                  "parentUUID": "170b8021-14a9-46bd-a1cb-bc4a2e8ada34",
                  "isHook": false,
                  "skipped": false
                },
                {
                  "title": "Nên đăng nhập thành công với credentials hợp lệ",
                  "fullTitle": "Login E2E Tests Complete Login Flow Nên đăng nhập thành công với credentials hợp lệ",
                  "timedOut": null,
                  "duration": 2895,
                  "state": "passed",
                  "speed": "fast",
                  "pass": true,
                  "fail": false,
                  "pending": false,
                  "context": null,
                  "code": "// Nhập thông tin hợp lệ\nloginPage.login(\"testuser\", \"Test123\");\n// Đợi và kiểm tra chuyển hướng\ncy.wait(500);\ncy.url().should(\"include\", \"/product\", {\n  timeout: 3000\n});\n// Kiểm tra token được lưu\nloginPage.checkTokenSaved();",
                  "err": {},
                  "uuid": "ba64945a-f72c-4753-a6aa-92b918b79ac2",
                  "parentUUID": "170b8021-14a9-46bd-a1cb-bc4a2e8ada34",
                  "isHook": false,
                  "skipped": false
                },
                {
                  "title": "Nên thực hiện complete flow: nhập username → nhập password → submit → redirect",
                  "fullTitle": "Login E2E Tests Complete Login Flow Nên thực hiện complete flow: nhập username → nhập password → submit → redirect",
                  "timedOut": null,
                  "duration": 2460,
                  "state": "passed",
                  "speed": "fast",
                  "pass": true,
                  "fail": false,
                  "pending": false,
                  "context": null,
                  "code": "// Step 1: Nhập username\nloginPage.typeUsername(\"testuser\");\ncy.get(loginPage.selectors.usernameInput).should(\"have.value\", \"testuser\");\n// Step 2: Nhập password\nloginPage.typePassword(\"Test123\");\ncy.get(loginPage.selectors.passwordInput).should(\"have.value\", \"Test123\");\n// Step 3: Click submit\nloginPage.clickLoginButton();\n// Step 4: Đợi và kiểm tra redirect\ncy.url().should(\"include\", \"/product\", {\n  timeout: 3000\n});\n// Step 5: Kiểm tra token exists\ncy.window().its(\"localStorage.token\").should(\"exist\");",
                  "err": {},
                  "uuid": "14f67c2d-7be1-4741-8119-ce843023a4df",
                  "parentUUID": "170b8021-14a9-46bd-a1cb-bc4a2e8ada34",
                  "isHook": false,
                  "skipped": false
                }
              ],
              "suites": [],
              "passes": [
                "ea49b55c-22b8-4e70-9fed-6ec710e41982",
                "ba64945a-f72c-4753-a6aa-92b918b79ac2",
                "14f67c2d-7be1-4741-8119-ce843023a4df"
              ],
              "failures": [],
              "pending": [],
              "skipped": [],
              "duration": 6064,
              "root": false,
              "rootEmpty": false,
              "_timeout": 2000
            },
            {
              "uuid": "29cf90e5-0670-4977-b1a7-3d0dc317b6cc",
              "title": "Validation Messages",
              "fullFile": "",
              "file": "",
              "beforeHooks": [],
              "afterHooks": [],
              "tests": [
                {
                  "title": "Nên hiển thị lỗi khi username trống",
                  "fullTitle": "Login E2E Tests Validation Messages Nên hiển thị lỗi khi username trống",
                  "timedOut": null,
                  "duration": 534,
                  "state": "passed",
                  "speed": "fast",
                  "pass": true,
                  "fail": false,
                  "pending": false,
                  "context": null,
                  "code": "loginPage.typePassword(\"Test123\");\nloginPage.clickLoginButton();\nloginPage.checkUsernameError(\"Tên đăng nhập không được để trống\");\nloginPage.checkInvalidClass(\"username\");",
                  "err": {},
                  "uuid": "e8aed947-752f-4b12-bede-288c527b3517",
                  "parentUUID": "29cf90e5-0670-4977-b1a7-3d0dc317b6cc",
                  "isHook": false,
                  "skipped": false
                },
                {
                  "title": "Nên hiển thị lỗi khi password trống",
                  "fullTitle": "Login E2E Tests Validation Messages Nên hiển thị lỗi khi password trống",
                  "timedOut": null,
                  "duration": 552,
                  "state": "passed",
                  "speed": "fast",
                  "pass": true,
                  "fail": false,
                  "pending": false,
                  "context": null,
                  "code": "loginPage.typeUsername(\"testuser\");\nloginPage.clickLoginButton();\nloginPage.checkPasswordError(\"Mật khẩu không được để trống\");\nloginPage.checkInvalidClass(\"password\");",
                  "err": {},
                  "uuid": "799a08aa-99a1-433b-bdb4-3fcbe891cb50",
                  "parentUUID": "29cf90e5-0670-4977-b1a7-3d0dc317b6cc",
                  "isHook": false,
                  "skipped": false
                },
                {
                  "title": "Nên hiển thị lỗi khi cả username và password trống",
                  "fullTitle": "Login E2E Tests Validation Messages Nên hiển thị lỗi khi cả username và password trống",
                  "timedOut": null,
                  "duration": 198,
                  "state": "passed",
                  "speed": "fast",
                  "pass": true,
                  "fail": false,
                  "pending": false,
                  "context": null,
                  "code": "loginPage.clickLoginButton();\nloginPage.checkUsernameError(\"Tên đăng nhập không được để trống\");\nloginPage.checkPasswordError(\"Mật khẩu không được để trống\");",
                  "err": {},
                  "uuid": "c2e713d3-5256-4e30-a4af-d1a37b210bcb",
                  "parentUUID": "29cf90e5-0670-4977-b1a7-3d0dc317b6cc",
                  "isHook": false,
                  "skipped": false
                },
                {
                  "title": "Nên hiển thị lỗi khi username quá ngắn",
                  "fullTitle": "Login E2E Tests Validation Messages Nên hiển thị lỗi khi username quá ngắn",
                  "timedOut": null,
                  "duration": 738,
                  "state": "passed",
                  "speed": "fast",
                  "pass": true,
                  "fail": false,
                  "pending": false,
                  "context": null,
                  "code": "loginPage.typeUsername(\"ab\");\nloginPage.typePassword(\"Test123\");\nloginPage.clickLoginButton();\nloginPage.checkUsernameError(\"Tên đăng nhập phải có ít nhất 3 ký tự\");",
                  "err": {},
                  "uuid": "5368d0ce-5961-4b57-943f-f5132bd59721",
                  "parentUUID": "29cf90e5-0670-4977-b1a7-3d0dc317b6cc",
                  "isHook": false,
                  "skipped": false
                },
                {
                  "title": "Nên hiển thị lỗi khi password quá ngắn",
                  "fullTitle": "Login E2E Tests Validation Messages Nên hiển thị lỗi khi password quá ngắn",
                  "timedOut": null,
                  "duration": 825,
                  "state": "passed",
                  "speed": "fast",
                  "pass": true,
                  "fail": false,
                  "pending": false,
                  "context": null,
                  "code": "loginPage.typeUsername(\"testuser\");\nloginPage.typePassword(\"12345\");\nloginPage.clickLoginButton();\nloginPage.checkPasswordError(\"Mật khẩu phải có ít nhất 6 ký tự\");",
                  "err": {},
                  "uuid": "7c644a31-4a93-43a3-8be0-626e2b520939",
                  "parentUUID": "29cf90e5-0670-4977-b1a7-3d0dc317b6cc",
                  "isHook": false,
                  "skipped": false
                },
                {
                  "title": "Nên xóa error message khi người dùng sửa input hợp lệ",
                  "fullTitle": "Login E2E Tests Validation Messages Nên xóa error message khi người dùng sửa input hợp lệ",
                  "timedOut": null,
                  "duration": 920,
                  "state": "passed",
                  "speed": "fast",
                  "pass": true,
                  "fail": false,
                  "pending": false,
                  "context": null,
                  "code": "// Tạo lỗi trước\nloginPage.clickLoginButton();\nloginPage.checkUsernameError(\"Tên đăng nhập không được để trống\");\n// Nhập lại giá trị hợp lệ và submit\nloginPage.typeUsername(\"testuser\");\nloginPage.typePassword(\"Test123\");\nloginPage.clickLoginButton();\n// Không còn error\nloginPage.checkNoUsernameError();\nloginPage.checkNoPasswordError();",
                  "err": {},
                  "uuid": "6a0ef201-39a5-4814-9edc-21b17d452b3a",
                  "parentUUID": "29cf90e5-0670-4977-b1a7-3d0dc317b6cc",
                  "isHook": false,
                  "skipped": false
                }
              ],
              "suites": [],
              "passes": [
                "e8aed947-752f-4b12-bede-288c527b3517",
                "799a08aa-99a1-433b-bdb4-3fcbe891cb50",
                "c2e713d3-5256-4e30-a4af-d1a37b210bcb",
                "5368d0ce-5961-4b57-943f-f5132bd59721",
                "7c644a31-4a93-43a3-8be0-626e2b520939",
                "6a0ef201-39a5-4814-9edc-21b17d452b3a"
              ],
              "failures": [],
              "pending": [],
              "skipped": [],
              "duration": 3767,
              "root": false,
              "rootEmpty": false,
              "_timeout": 2000
            },
            {
              "uuid": "1a6aeb94-66bd-44ef-b6e2-363e06a91aec",
              "title": "Success/Error Flows",
              "fullFile": "",
              "file": "",
              "beforeHooks": [],
              "afterHooks": [],
              "tests": [
                {
                  "title": "Nên hiển thị error message khi credentials không đúng",
                  "fullTitle": "Login E2E Tests Success/Error Flows Nên hiển thị error message khi credentials không đúng",
                  "timedOut": null,
                  "duration": 2034,
                  "state": "passed",
                  "speed": "fast",
                  "pass": true,
                  "fail": false,
                  "pending": false,
                  "context": null,
                  "code": "loginPage.login(\"wronguser\", \"Wrong123\");\n// Đợi response và kiểm tra thông báo lỗi\ncy.wait(1000);\ncy.get(\".toast-message\").should(\"be.visible\").and(\"contain\", \"không đúng\");\n// Không chuyển hướng\ncy.url().should(\"include\", \"/login\");\n// Không lưu token\ncy.window().then(window => {\n  const token = window.localStorage.getItem(\"token\");\n  expect(token).to.be.null;\n});",
                  "err": {},
                  "uuid": "15835d95-2c66-4e7c-8b2e-2b9ef35f7659",
                  "parentUUID": "1a6aeb94-66bd-44ef-b6e2-363e06a91aec",
                  "isHook": false,
                  "skipped": false
                },
                {
                  "title": "Nên xử lý đúng khi username sai",
                  "fullTitle": "Login E2E Tests Success/Error Flows Nên xử lý đúng khi username sai",
                  "timedOut": null,
                  "duration": 2032,
                  "state": "passed",
                  "speed": "fast",
                  "pass": true,
                  "fail": false,
                  "pending": false,
                  "context": null,
                  "code": "loginPage.login(\"invaliduser\", \"Test123\");\ncy.wait(1000);\ncy.get(\".toast-message\").should(\"be.visible\").and(\"contain\", \"không đúng\");\ncy.url().should(\"include\", \"/login\");",
                  "err": {},
                  "uuid": "a73fbf37-a119-4718-b779-5829e3d75cc3",
                  "parentUUID": "1a6aeb94-66bd-44ef-b6e2-363e06a91aec",
                  "isHook": false,
                  "skipped": false
                },
                {
                  "title": "Nên xử lý đúng khi password sai",
                  "fullTitle": "Login E2E Tests Success/Error Flows Nên xử lý đúng khi password sai",
                  "timedOut": null,
                  "duration": 1929,
                  "state": "passed",
                  "speed": "fast",
                  "pass": true,
                  "fail": false,
                  "pending": false,
                  "context": null,
                  "code": "loginPage.login(\"testuser\", \"Wrong123\");\ncy.wait(1000);\ncy.get(\".toast-message\").should(\"be.visible\").and(\"contain\", \"không đúng\");\ncy.url().should(\"include\", \"/login\");",
                  "err": {},
                  "uuid": "b9d467a8-13b7-46a6-9e33-188e5623d3c1",
                  "parentUUID": "1a6aeb94-66bd-44ef-b6e2-363e06a91aec",
                  "isHook": false,
                  "skipped": false
                },
                {
                  "title": "Nên cho phép thử lại sau khi đăng nhập thất bại",
                  "fullTitle": "Login E2E Tests Success/Error Flows Nên cho phép thử lại sau khi đăng nhập thất bại",
                  "timedOut": null,
                  "duration": 4552,
                  "state": "passed",
                  "speed": "fast",
                  "pass": true,
                  "fail": false,
                  "pending": false,
                  "context": null,
                  "code": "// Lần 1: Thất bại\nloginPage.login(\"testuser\", \"Wrong123\");\ncy.wait(1000);\ncy.get(\".toast-message\").should(\"be.visible\").and(\"contain\", \"không đúng\");\n// Clear form\nloginPage.clearForm();\n// Lần 2: Thành công\nloginPage.login(\"testuser\", \"Test123\");\ncy.wait(500);\ncy.url().should(\"include\", \"/product\", {\n  timeout: 3000\n});",
                  "err": {},
                  "uuid": "9c494ef4-3df8-4fe0-b953-7bfe0ce68d0a",
                  "parentUUID": "1a6aeb94-66bd-44ef-b6e2-363e06a91aec",
                  "isHook": false,
                  "skipped": false
                },
                {
                  "title": "Nên hiển thị loading state khi đang xử lý login",
                  "fullTitle": "Login E2E Tests Success/Error Flows Nên hiển thị loading state khi đang xử lý login",
                  "timedOut": null,
                  "duration": 851,
                  "state": "passed",
                  "speed": "fast",
                  "pass": true,
                  "fail": false,
                  "pending": false,
                  "context": null,
                  "code": "loginPage.login(\"testuser\", \"Test123\");\n// Button vẫn tồn tại trong quá trình xử lý\ncy.get(loginPage.selectors.loginButton).should(\"exist\");",
                  "err": {},
                  "uuid": "fb1bd7b4-5263-43c7-83a7-20ef2e6bb0fd",
                  "parentUUID": "1a6aeb94-66bd-44ef-b6e2-363e06a91aec",
                  "isHook": false,
                  "skipped": false
                }
              ],
              "suites": [],
              "passes": [
                "15835d95-2c66-4e7c-8b2e-2b9ef35f7659",
                "a73fbf37-a119-4718-b779-5829e3d75cc3",
                "b9d467a8-13b7-46a6-9e33-188e5623d3c1",
                "9c494ef4-3df8-4fe0-b953-7bfe0ce68d0a",
                "fb1bd7b4-5263-43c7-83a7-20ef2e6bb0fd"
              ],
              "failures": [],
              "pending": [],
              "skipped": [],
              "duration": 11398,
              "root": false,
              "rootEmpty": false,
              "_timeout": 2000
            },
            {
              "uuid": "36d5f5bd-5673-4f27-9666-066a03bc8bcc",
              "title": "UI Elements Interactions",
              "fullFile": "",
              "file": "",
              "beforeHooks": [],
              "afterHooks": [],
              "tests": [
                {
                  "title": "Nên focus vào username input khi page load",
                  "fullTitle": "Login E2E Tests UI Elements Interactions Nên focus vào username input khi page load",
                  "timedOut": null,
                  "duration": 200,
                  "state": "passed",
                  "speed": "fast",
                  "pass": true,
                  "fail": false,
                  "pending": false,
                  "context": null,
                  "code": "// Click vào input để test focus behavior\ncy.get(loginPage.selectors.usernameInput).click().should(\"be.focused\");",
                  "err": {},
                  "uuid": "e9aadc2e-f16d-4de9-a34a-112344849bab",
                  "parentUUID": "36d5f5bd-5673-4f27-9666-066a03bc8bcc",
                  "isHook": false,
                  "skipped": false
                },
                {
                  "title": "Nên chuyển focus từ username sang password",
                  "fullTitle": "Login E2E Tests UI Elements Interactions Nên chuyển focus từ username sang password",
                  "timedOut": null,
                  "duration": 126,
                  "state": "passed",
                  "speed": "fast",
                  "pass": true,
                  "fail": false,
                  "pending": false,
                  "context": null,
                  "code": "// Test focus capability - manually moving focus between fields\ncy.get(loginPage.selectors.usernameInput).focus().should(\"be.focused\");\ncy.get(loginPage.selectors.passwordInput).focus().should(\"be.focused\");\n// Note: Actual Tab key simulation requires cypress-real-events plugin",
                  "err": {},
                  "uuid": "68539640-c63c-4eae-b685-1c2f2d28884f",
                  "parentUUID": "36d5f5bd-5673-4f27-9666-066a03bc8bcc",
                  "isHook": false,
                  "skipped": false
                },
                {
                  "title": "Nên submit form khi nhấn Enter ở username field",
                  "fullTitle": "Login E2E Tests UI Elements Interactions Nên submit form khi nhấn Enter ở username field",
                  "timedOut": null,
                  "duration": 512,
                  "state": "passed",
                  "speed": "fast",
                  "pass": true,
                  "fail": false,
                  "pending": false,
                  "context": null,
                  "code": "loginPage.typeUsername(\"testuser\");\ncy.get(loginPage.selectors.usernameInput).type(\"{enter}\");\n// Nên có validation error vì password trống\nloginPage.checkPasswordError(\"Mật khẩu không được để trống\");",
                  "err": {},
                  "uuid": "5015cbf5-9ee9-4571-935b-56fe565a5a81",
                  "parentUUID": "36d5f5bd-5673-4f27-9666-066a03bc8bcc",
                  "isHook": false,
                  "skipped": false
                },
                {
                  "title": "Nên submit form khi nhấn Enter ở password field",
                  "fullTitle": "Login E2E Tests UI Elements Interactions Nên submit form khi nhấn Enter ở password field",
                  "timedOut": null,
                  "duration": 2347,
                  "state": "passed",
                  "speed": "fast",
                  "pass": true,
                  "fail": false,
                  "pending": false,
                  "context": null,
                  "code": "loginPage.typeUsername(\"testuser\");\nloginPage.typePassword(\"Test123\");\ncy.get(loginPage.selectors.passwordInput).type(\"{enter}\");\n// Nên login thành công và redirect\ncy.wait(500);\ncy.url().should(\"include\", \"/product\", {\n  timeout: 3000\n});",
                  "err": {},
                  "uuid": "dc012d20-96ff-4ec8-88f9-5c1382dd201c",
                  "parentUUID": "36d5f5bd-5673-4f27-9666-066a03bc8bcc",
                  "isHook": false,
                  "skipped": false
                },
                {
                  "title": "Nên mask password input",
                  "fullTitle": "Login E2E Tests UI Elements Interactions Nên mask password input",
                  "timedOut": null,
                  "duration": 439,
                  "state": "passed",
                  "speed": "fast",
                  "pass": true,
                  "fail": false,
                  "pending": false,
                  "context": null,
                  "code": "cy.get(loginPage.selectors.passwordInput).should(\"have.attr\", \"type\", \"password\");\nloginPage.typePassword(\"Test123\");\ncy.get(loginPage.selectors.passwordInput).should(\"have.value\", \"Test123\").and(\"have.attr\", \"type\", \"password\");",
                  "err": {},
                  "uuid": "ace1b1c8-b540-498b-956f-88594c605d5d",
                  "parentUUID": "36d5f5bd-5673-4f27-9666-066a03bc8bcc",
                  "isHook": false,
                  "skipped": false
                },
                {
                  "title": "Nên có thể clear và re-type inputs",
                  "fullTitle": "Login E2E Tests UI Elements Interactions Nên có thể clear và re-type inputs",
                  "timedOut": null,
                  "duration": 1559,
                  "state": "passed",
                  "speed": "fast",
                  "pass": true,
                  "fail": false,
                  "pending": false,
                  "context": null,
                  "code": "// Type lần 1\nloginPage.typeUsername(\"user1\");\nloginPage.typePassword(\"pass1\");\n// Clear và type lại\nloginPage.clearForm();\ncy.get(loginPage.selectors.usernameInput).should(\"have.value\", \"\");\ncy.get(loginPage.selectors.passwordInput).should(\"have.value\", \"\");\n// Type lần 2\nloginPage.typeUsername(\"user2\");\nloginPage.typePassword(\"pass2\");\ncy.get(loginPage.selectors.usernameInput).should(\"have.value\", \"user2\");\ncy.get(loginPage.selectors.passwordInput).should(\"have.value\", \"pass2\");",
                  "err": {},
                  "uuid": "82d12278-8211-4542-830d-e50feaa41d6b",
                  "parentUUID": "36d5f5bd-5673-4f27-9666-066a03bc8bcc",
                  "isHook": false,
                  "skipped": false
                },
                {
                  "title": "Nên thêm class 'invalid' cho fields có lỗi",
                  "fullTitle": "Login E2E Tests UI Elements Interactions Nên thêm class 'invalid' cho fields có lỗi",
                  "timedOut": null,
                  "duration": 195,
                  "state": "passed",
                  "speed": "fast",
                  "pass": true,
                  "fail": false,
                  "pending": false,
                  "context": null,
                  "code": "loginPage.clickLoginButton();\ncy.get(loginPage.selectors.usernameInput).should(\"have.class\", \"invalid\");\ncy.get(loginPage.selectors.passwordInput).should(\"have.class\", \"invalid\");",
                  "err": {},
                  "uuid": "5a88a991-d9af-46f8-a85c-6da7af440749",
                  "parentUUID": "36d5f5bd-5673-4f27-9666-066a03bc8bcc",
                  "isHook": false,
                  "skipped": false
                },
                {
                  "title": "Nên có thể click vào button nhiều lần",
                  "fullTitle": "Login E2E Tests UI Elements Interactions Nên có thể click vào button nhiều lần",
                  "timedOut": null,
                  "duration": 2587,
                  "state": "passed",
                  "speed": "fast",
                  "pass": true,
                  "fail": false,
                  "pending": false,
                  "context": null,
                  "code": "// Click lần 1\nloginPage.clickLoginButton();\nloginPage.checkUsernameError(\"Tên đăng nhập không được để trống\");\n// Nhập giá trị và click lần 2\nloginPage.typeUsername(\"testuser\");\nloginPage.clickLoginButton();\nloginPage.checkPasswordError(\"Mật khẩu không được để trống\");\n// Nhập đầy đủ và click lần 3\nloginPage.typePassword(\"Test123\");\nloginPage.clickLoginButton();\ncy.wait(500);\ncy.url().should(\"include\", \"/product\", {\n  timeout: 3000\n});",
                  "err": {},
                  "uuid": "a22281fc-af2d-4d0a-87f3-f8eaa9d64816",
                  "parentUUID": "36d5f5bd-5673-4f27-9666-066a03bc8bcc",
                  "isHook": false,
                  "skipped": false
                },
                {
                  "title": "Nên responsive với viewport nhỏ",
                  "fullTitle": "Login E2E Tests UI Elements Interactions Nên responsive với viewport nhỏ",
                  "timedOut": null,
                  "duration": 144,
                  "state": "passed",
                  "speed": "fast",
                  "pass": true,
                  "fail": false,
                  "pending": false,
                  "context": null,
                  "code": "// Test mobile viewport\ncy.viewport(375, 667);\nloginPage.checkElementsVisible();\n// Test tablet viewport\ncy.viewport(768, 1024);\nloginPage.checkElementsVisible();",
                  "err": {},
                  "uuid": "b4700d93-a4de-4204-8570-d8f66bf4eb56",
                  "parentUUID": "36d5f5bd-5673-4f27-9666-066a03bc8bcc",
                  "isHook": false,
                  "skipped": false
                }
              ],
              "suites": [],
              "passes": [
                "e9aadc2e-f16d-4de9-a34a-112344849bab",
                "68539640-c63c-4eae-b685-1c2f2d28884f",
                "5015cbf5-9ee9-4571-935b-56fe565a5a81",
                "dc012d20-96ff-4ec8-88f9-5c1382dd201c",
                "ace1b1c8-b540-498b-956f-88594c605d5d",
                "82d12278-8211-4542-830d-e50feaa41d6b",
                "5a88a991-d9af-46f8-a85c-6da7af440749",
                "a22281fc-af2d-4d0a-87f3-f8eaa9d64816",
                "b4700d93-a4de-4204-8570-d8f66bf4eb56"
              ],
              "failures": [],
              "pending": [],
              "skipped": [],
              "duration": 8109,
              "root": false,
              "rootEmpty": false,
              "_timeout": 2000
            },
            {
              "uuid": "bfaadd45-32a2-44d8-8d57-25091605e551",
              "title": "Edge Cases & Security",
              "fullFile": "",
              "file": "",
              "beforeHooks": [],
              "afterHooks": [],
              "tests": [
                {
                  "title": "Nên xử lý special characters trong username",
                  "fullTitle": "Login E2E Tests Edge Cases & Security Nên xử lý special characters trong username",
                  "timedOut": null,
                  "duration": 875,
                  "state": "passed",
                  "speed": "fast",
                  "pass": true,
                  "fail": false,
                  "pending": false,
                  "context": null,
                  "code": "loginPage.login(\"test@user\", \"Test123\");\n// Tùy vào logic backend có accept hay không",
                  "err": {},
                  "uuid": "8521a41d-5fcb-42b1-b678-12cb52bfa7e3",
                  "parentUUID": "bfaadd45-32a2-44d8-8d57-25091605e551",
                  "isHook": false,
                  "skipped": false
                },
                {
                  "title": "Nên xử lý spaces trong inputs",
                  "fullTitle": "Login E2E Tests Edge Cases & Security Nên xử lý spaces trong inputs",
                  "timedOut": null,
                  "duration": 934,
                  "state": "passed",
                  "speed": "fast",
                  "pass": true,
                  "fail": false,
                  "pending": false,
                  "context": null,
                  "code": "loginPage.login(\"  testuser  \", \"  Test123  \");\n// Kiểm tra trim logic",
                  "err": {},
                  "uuid": "6e10e7a9-e11e-43ee-86d9-51239dc66c7c",
                  "parentUUID": "bfaadd45-32a2-44d8-8d57-25091605e551",
                  "isHook": false,
                  "skipped": false
                },
                {
                  "title": "Nên prevent multiple submissions",
                  "fullTitle": "Login E2E Tests Edge Cases & Security Nên prevent multiple submissions",
                  "timedOut": null,
                  "duration": 2397,
                  "state": "passed",
                  "speed": "fast",
                  "pass": true,
                  "fail": false,
                  "pending": false,
                  "context": null,
                  "code": "loginPage.typeUsername(\"testuser\");\nloginPage.typePassword(\"Test123\");\n// Click nhiều lần nhanh\ncy.get(loginPage.selectors.loginButton).click();\ncy.get(loginPage.selectors.loginButton).click();\ncy.get(loginPage.selectors.loginButton).click();\n// Vẫn chỉ login 1 lần\ncy.url().should(\"include\", \"/product\", {\n  timeout: 3000\n});",
                  "err": {},
                  "uuid": "9e5f0e17-b0f6-421e-aaf6-e00802b60cea",
                  "parentUUID": "bfaadd45-32a2-44d8-8d57-25091605e551",
                  "isHook": false,
                  "skipped": false
                },
                {
                  "title": "Nên clear old error messages khi submit lại",
                  "fullTitle": "Login E2E Tests Edge Cases & Security Nên clear old error messages khi submit lại",
                  "timedOut": null,
                  "duration": 557,
                  "state": "passed",
                  "speed": "fast",
                  "pass": true,
                  "fail": false,
                  "pending": false,
                  "context": null,
                  "code": "// Submit 1: Tạo lỗi\nloginPage.clickLoginButton();\nloginPage.checkUsernameError(\"Tên đăng nhập không được để trống\");\n// Submit 2: Lỗi khác\nloginPage.typeUsername(\"ab\");\nloginPage.clickLoginButton();\nloginPage.checkUsernameError(\"Tên đăng nhập phải có ít nhất 3 ký tự\");",
                  "err": {},
                  "uuid": "e109759a-bc2d-48e2-ba00-cab9f6c49406",
                  "parentUUID": "bfaadd45-32a2-44d8-8d57-25091605e551",
                  "isHook": false,
                  "skipped": false
                }
              ],
              "suites": [],
              "passes": [
                "8521a41d-5fcb-42b1-b678-12cb52bfa7e3",
                "6e10e7a9-e11e-43ee-86d9-51239dc66c7c",
                "9e5f0e17-b0f6-421e-aaf6-e00802b60cea",
                "e109759a-bc2d-48e2-ba00-cab9f6c49406"
              ],
              "failures": [],
              "pending": [],
              "skipped": [],
              "duration": 4763,
              "root": false,
              "rootEmpty": false,
              "_timeout": 2000
            }
          ],
          "passes": [],
          "failures": [],
          "pending": [],
          "skipped": [],
          "duration": 0,
          "root": false,
          "rootEmpty": false,
          "_timeout": 2000
        }
      ],
      "passes": [],
      "failures": [],
      "pending": [],
      "skipped": [],
      "duration": 0,
      "root": true,
      "rootEmpty": true,
      "_timeout": 2000
    }
  ],
  "meta": {
    "mocha": {
      "version": "7.2.0"
    },
    "mochawesome": {
      "options": {
        "quiet": false,
        "reportFilename": "mochawesome",
        "saveHtml": true,
        "saveJson": true,
        "consoleReporter": "spec",
        "useInlineDiffs": false,
        "code": true
      },
      "version": "7.1.4"
    },
    "marge": {
      "options": {
        "reportDir": "cypress/reports",
        "overwrite": false,
        "html": true,
        "json": true,
        "charts": true,
        "reportPageTitle": "Login E2E Test Report",
        "embeddedScreenshots": true,
        "inlineAssets": true
      },
      "version": "6.3.2"
    }
  }
}