{
  "stats": {
    "suites": 7,
    "tests": 31,
    "passes": 25,
    "pending": 0,
    "failures": 6,
    "start": "2025-11-30T11:51:44.961Z",
    "end": "2025-11-30T11:54:35.290Z",
    "duration": 170329,
    "testsRegistered": 31,
    "passPercent": 80.64516129032258,
    "pendingPercent": 0,
    "other": 0,
    "hasOther": false,
    "skipped": 0,
    "hasSkipped": false
  },
  "results": [
    {
      "uuid": "a6cf10f8-b23b-46e8-841e-3ce22a29ce6b",
      "title": "",
      "fullFile": "cypress\\e2e\\product.cy.js",
      "file": "cypress\\e2e\\product.cy.js",
      "beforeHooks": [],
      "afterHooks": [],
      "tests": [],
      "suites": [
        {
          "uuid": "256af628-46b6-425f-bba9-a7e0499ce4f7",
          "title": "Product E2E Tests",
          "fullFile": "",
          "file": "",
          "beforeHooks": [],
          "afterHooks": [],
          "tests": [],
          "suites": [
            {
              "uuid": "09f603d9-336d-49e9-80c8-e056770a0899",
              "title": "a) Create Product Flow",
              "fullFile": "",
              "file": "",
              "beforeHooks": [],
              "afterHooks": [],
              "tests": [
                {
                  "title": "Nên tạo sản phẩm mới thành công với đầy đủ thông tin",
                  "fullTitle": "Product E2E Tests a) Create Product Flow Nên tạo sản phẩm mới thành công với đầy đủ thông tin",
                  "timedOut": null,
                  "duration": 11792,
                  "state": "failed",
                  "speed": null,
                  "pass": false,
                  "fail": true,
                  "pending": false,
                  "context": null,
                  "code": "const newProduct = {\n  name: 'Laptop Dell',\n  price: '15000000',\n  quantity: '10',\n  description: 'Laptop Dell XPS 13 inch',\n  categoryId: '1'\n};\nproductPage.clickAddNew();\nproductPage.shouldShowForm();\nproductPage.shouldHaveFormTitle('Tạo Sản Phẩm Mới');\nproductPage.fillProductForm(newProduct);\nproductPage.clickSave();\ncy.wait(1000);\nproductPage.shouldShowSuccessMessage('Thêm mới thành công');\nproductPage.shouldNotShowForm();\nproductPage.shouldContainProductName('Laptop Dell');",
                  "err": {
                    "message": "AssertionError: Timed out retrying after 4000ms: expected '<div.toast-message.error>' to be 'visible'\n\nThis element `<div.toast-message.error>` is not visible because it has CSS property: `opacity: 0`",
                    "estack": "AssertionError: Timed out retrying after 4000ms: expected '<div.toast-message.error>' to be 'visible'\n\nThis element `<div.toast-message.error>` is not visible because it has CSS property: `opacity: 0`\n    at ProductPage.shouldShowSuccessMessage (webpack://frontend/./cypress/support/pages/ProductPage.js:348:7)\n    at Context.eval (webpack://frontend/./cypress/e2e/product.cy.js:34:18)",
                    "diff": null
                  },
                  "uuid": "7c156cf0-ad22-4d1b-aa87-55b4e638ff08",
                  "parentUUID": "09f603d9-336d-49e9-80c8-e056770a0899",
                  "isHook": false,
                  "skipped": false
                },
                {
                  "title": "Nên hiển thị form tạo mới khi click \"Thêm Mới\"",
                  "fullTitle": "Product E2E Tests a) Create Product Flow Nên hiển thị form tạo mới khi click \"Thêm Mới\"",
                  "timedOut": null,
                  "duration": 3733,
                  "state": "passed",
                  "speed": "fast",
                  "pass": true,
                  "fail": false,
                  "pending": false,
                  "context": null,
                  "code": "productPage.clickAddNew();\nproductPage.shouldShowForm();\nproductPage.shouldHaveFormTitle('Tạo Sản Phẩm Mới');",
                  "err": {},
                  "uuid": "6bd4a8d6-eb9b-4267-8f92-ce38dc2cb33a",
                  "parentUUID": "09f603d9-336d-49e9-80c8-e056770a0899",
                  "isHook": false,
                  "skipped": false
                },
                {
                  "title": "Nên đóng form khi click \"Hủy bỏ\"",
                  "fullTitle": "Product E2E Tests a) Create Product Flow Nên đóng form khi click \"Hủy bỏ\"",
                  "timedOut": null,
                  "duration": 3774,
                  "state": "passed",
                  "speed": "fast",
                  "pass": true,
                  "fail": false,
                  "pending": false,
                  "context": null,
                  "code": "productPage.clickAddNew();\nproductPage.shouldShowForm();\nproductPage.clickCancel();\nproductPage.shouldNotShowForm();",
                  "err": {},
                  "uuid": "e21719fe-6c15-4e7b-81ba-ff6331b4ca4c",
                  "parentUUID": "09f603d9-336d-49e9-80c8-e056770a0899",
                  "isHook": false,
                  "skipped": false
                },
                {
                  "title": "Nên validate tên sản phẩm không được để trống",
                  "fullTitle": "Product E2E Tests a) Create Product Flow Nên validate tên sản phẩm không được để trống",
                  "timedOut": null,
                  "duration": 4860,
                  "state": "passed",
                  "speed": "fast",
                  "pass": true,
                  "fail": false,
                  "pending": false,
                  "context": null,
                  "code": "productPage.clickAddNew();\nproductPage.fillProductForm({\n  name: '',\n  price: '10000',\n  quantity: '5',\n  categoryId: '1'\n});\nproductPage.clickSave();\nproductPage.shouldShowFormError('name', 'không được để trống');",
                  "err": {},
                  "uuid": "7d8d1192-167e-4fda-abb0-569ce118dc0b",
                  "parentUUID": "09f603d9-336d-49e9-80c8-e056770a0899",
                  "isHook": false,
                  "skipped": false
                },
                {
                  "title": "Nên validate giá sản phẩm phải lớn hơn 0",
                  "fullTitle": "Product E2E Tests a) Create Product Flow Nên validate giá sản phẩm phải lớn hơn 0",
                  "timedOut": null,
                  "duration": 5534,
                  "state": "passed",
                  "speed": "medium",
                  "pass": true,
                  "fail": false,
                  "pending": false,
                  "context": null,
                  "code": "productPage.clickAddNew();\nproductPage.fillProductForm({\n  name: 'Test Product',\n  price: '0',\n  quantity: '5',\n  categoryId: '1'\n});\nproductPage.clickSave();\nproductPage.shouldShowFormError('price', 'phải lớn hơn 0');",
                  "err": {},
                  "uuid": "23e05f61-fb8f-4bbe-ab11-b5415f262ef4",
                  "parentUUID": "09f603d9-336d-49e9-80c8-e056770a0899",
                  "isHook": false,
                  "skipped": false
                },
                {
                  "title": "Nên validate số lượng phải lớn hơn hoặc bằng 0",
                  "fullTitle": "Product E2E Tests a) Create Product Flow Nên validate số lượng phải lớn hơn hoặc bằng 0",
                  "timedOut": null,
                  "duration": 9293,
                  "state": "failed",
                  "speed": null,
                  "pass": false,
                  "fail": true,
                  "pending": false,
                  "context": null,
                  "code": "productPage.clickAddNew();\nproductPage.fillProductForm({\n  name: 'Test Product',\n  price: '10000',\n  quantity: '-1',\n  categoryId: '1'\n});\nproductPage.clickSave();\nproductPage.shouldShowFormError('quantity', 'không được âm');",
                  "err": {
                    "message": "AssertionError: Timed out retrying after 4000ms: expected '<span.error-message>' to contain 'không được âm'",
                    "estack": "AssertionError: Timed out retrying after 4000ms: expected '<span.error-message>' to contain 'không được âm'\n    at ProductPage.shouldShowFormError (webpack://frontend/./cypress/support/pages/ProductPage.js:299:7)\n    at Context.eval (webpack://frontend/./cypress/e2e/product.cy.js:85:18)",
                    "diff": null
                  },
                  "uuid": "86dab058-37df-476b-bc56-03e3d23be6d7",
                  "parentUUID": "09f603d9-336d-49e9-80c8-e056770a0899",
                  "isHook": false,
                  "skipped": false
                }
              ],
              "suites": [],
              "passes": [
                "6bd4a8d6-eb9b-4267-8f92-ce38dc2cb33a",
                "e21719fe-6c15-4e7b-81ba-ff6331b4ca4c",
                "7d8d1192-167e-4fda-abb0-569ce118dc0b",
                "23e05f61-fb8f-4bbe-ab11-b5415f262ef4"
              ],
              "failures": [
                "7c156cf0-ad22-4d1b-aa87-55b4e638ff08",
                "86dab058-37df-476b-bc56-03e3d23be6d7"
              ],
              "pending": [],
              "skipped": [],
              "duration": 38986,
              "root": false,
              "rootEmpty": false,
              "_timeout": 2000
            },
            {
              "uuid": "0409a30a-6d8a-4689-971c-cbaec837639c",
              "title": "b) Read/List Products Flow",
              "fullFile": "",
              "file": "",
              "beforeHooks": [],
              "afterHooks": [],
              "tests": [
                {
                  "title": "Nên hiển thị danh sách sản phẩm khi vào trang",
                  "fullTitle": "Product E2E Tests b) Read/List Products Flow Nên hiển thị danh sách sản phẩm khi vào trang",
                  "timedOut": null,
                  "duration": 3825,
                  "state": "passed",
                  "speed": "fast",
                  "pass": true,
                  "fail": false,
                  "pending": false,
                  "context": null,
                  "code": "productPage.shouldHaveTitle('Quản Lý Sản Phẩm');\nproductPage.shouldHaveSearchInput();\nproductPage.shouldHaveAddButton();\nproductPage.shouldHaveFilterSection();\nproductPage.waitForProducts();\nproductPage.shouldHaveMinimumProducts(1);",
                  "err": {},
                  "uuid": "eb18552c-0318-4da5-9882-25198cf96c32",
                  "parentUUID": "0409a30a-6d8a-4689-971c-cbaec837639c",
                  "isHook": false,
                  "skipped": false
                },
                {
                  "title": "Nên xem chi tiết sản phẩm khi click \"Xem Chi Tiết\"",
                  "fullTitle": "Product E2E Tests b) Read/List Products Flow Nên xem chi tiết sản phẩm khi click \"Xem Chi Tiết\"",
                  "timedOut": null,
                  "duration": 3538,
                  "state": "passed",
                  "speed": "fast",
                  "pass": true,
                  "fail": false,
                  "pending": false,
                  "context": null,
                  "code": "// Lấy tên sản phẩm đầu tiên\nproductPage.getProductNameByIndex(0).then(productName => {\n  productPage.clickViewDetail(0);\n  productPage.shouldShowDetailModal();\n  productPage.shouldShowDetailName(productName);\n});",
                  "err": {},
                  "uuid": "1203fa15-2142-4cc1-be07-4b22092ec6d4",
                  "parentUUID": "0409a30a-6d8a-4689-971c-cbaec837639c",
                  "isHook": false,
                  "skipped": false
                },
                {
                  "title": "Nên đóng modal chi tiết khi click nút đóng",
                  "fullTitle": "Product E2E Tests b) Read/List Products Flow Nên đóng modal chi tiết khi click nút đóng",
                  "timedOut": null,
                  "duration": 3730,
                  "state": "passed",
                  "speed": "fast",
                  "pass": true,
                  "fail": false,
                  "pending": false,
                  "context": null,
                  "code": "productPage.clickViewDetail(0);\nproductPage.shouldShowDetailModal();\nproductPage.closeDetailModal();\nproductPage.shouldNotShowDetailModal();",
                  "err": {},
                  "uuid": "8a74719b-8e5d-4ca9-a63a-53cdbfa1ab27",
                  "parentUUID": "0409a30a-6d8a-4689-971c-cbaec837639c",
                  "isHook": false,
                  "skipped": false
                },
                {
                  "title": "Nên hiển thị đầy đủ thông tin trong modal chi tiết",
                  "fullTitle": "Product E2E Tests b) Read/List Products Flow Nên hiển thị đầy đủ thông tin trong modal chi tiết",
                  "timedOut": null,
                  "duration": 3566,
                  "state": "passed",
                  "speed": "fast",
                  "pass": true,
                  "fail": false,
                  "pending": false,
                  "context": null,
                  "code": "productPage.clickViewDetail(0);\nproductPage.shouldShowDetailModal();\n// Verify các elements hiển thị\ncy.get('.detail-name').should('be.visible');\ncy.get('.detail-price').should('be.visible');\ncy.get('.detail-category').should('be.visible');\ncy.get('.detail-row:contains(\"Tồn kho\")').should('be.visible');\ncy.get('.detail-description-content').should('be.visible');",
                  "err": {},
                  "uuid": "48b48265-3ede-4331-91d2-5ded3f6cb31d",
                  "parentUUID": "0409a30a-6d8a-4689-971c-cbaec837639c",
                  "isHook": false,
                  "skipped": false
                },
                {
                  "title": "Nên phân trang đúng khi có nhiều sản phẩm",
                  "fullTitle": "Product E2E Tests b) Read/List Products Flow Nên phân trang đúng khi có nhiều sản phẩm",
                  "timedOut": null,
                  "duration": 4183,
                  "state": "passed",
                  "speed": "fast",
                  "pass": true,
                  "fail": false,
                  "pending": false,
                  "context": null,
                  "code": "// Kiểm tra xem có pagination không\ncy.get('body').then($body => {\n  if ($body.find('.pagination').length > 0) {\n    productPage.shouldHavePagination();\n    productPage.shouldBeOnPage(1);\n    // Click next page\n    cy.get('.page-btn:last').then($btn => {\n      if (!$btn.prop('disabled')) {\n        productPage.clickNextPage();\n        cy.wait(500);\n        productPage.shouldBeOnPage(2);\n      }\n    });\n  }\n});",
                  "err": {},
                  "uuid": "cf482504-1f9e-4a3c-8a51-1db736b06b73",
                  "parentUUID": "0409a30a-6d8a-4689-971c-cbaec837639c",
                  "isHook": false,
                  "skipped": false
                }
              ],
              "suites": [],
              "passes": [
                "eb18552c-0318-4da5-9882-25198cf96c32",
                "1203fa15-2142-4cc1-be07-4b22092ec6d4",
                "8a74719b-8e5d-4ca9-a63a-53cdbfa1ab27",
                "48b48265-3ede-4331-91d2-5ded3f6cb31d",
                "cf482504-1f9e-4a3c-8a51-1db736b06b73"
              ],
              "failures": [],
              "pending": [],
              "skipped": [],
              "duration": 18842,
              "root": false,
              "rootEmpty": false,
              "_timeout": 2000
            },
            {
              "uuid": "f0410861-5b3e-43df-994d-b8b16905eda9",
              "title": "c) Update Product Flow",
              "fullFile": "",
              "file": "",
              "beforeHooks": [],
              "afterHooks": [],
              "tests": [
                {
                  "title": "Nên cập nhật sản phẩm thành công",
                  "fullTitle": "Product E2E Tests c) Update Product Flow Nên cập nhật sản phẩm thành công",
                  "timedOut": null,
                  "duration": 5494,
                  "state": "passed",
                  "speed": "medium",
                  "pass": true,
                  "fail": false,
                  "pending": false,
                  "context": null,
                  "code": "// Click vào sản phẩm đầu tiên để xem chi tiết\nproductPage.clickViewDetail(0);\nproductPage.shouldShowDetailModal();\n// Click edit từ modal\nproductPage.clickDetailEdit();\nproductPage.shouldShowForm();\nproductPage.shouldHaveFormTitle('Chỉnh Sửa Sản Phẩm');\n// Update thông tin\ncy.get('[name=\"price\"]').clear().type('18000000');\nproductPage.clickSave();\ncy.wait(1000);\nproductPage.shouldShowSuccessMessage('Cập nhật thành công');\nproductPage.shouldNotShowForm();",
                  "err": {},
                  "uuid": "5542f3ea-b671-4489-aa77-db88f709044b",
                  "parentUUID": "f0410861-5b3e-43df-994d-b8b16905eda9",
                  "isHook": false,
                  "skipped": false
                },
                {
                  "title": "Nên mở form edit với dữ liệu hiện tại của sản phẩm",
                  "fullTitle": "Product E2E Tests c) Update Product Flow Nên mở form edit với dữ liệu hiện tại của sản phẩm",
                  "timedOut": null,
                  "duration": 3692,
                  "state": "passed",
                  "speed": "fast",
                  "pass": true,
                  "fail": false,
                  "pending": false,
                  "context": null,
                  "code": "productPage.getProductNameByIndex(0).then(productName => {\n  productPage.clickViewDetail(0);\n  productPage.clickDetailEdit();\n  productPage.shouldShowForm();\n  productPage.shouldHaveFormTitle('Chỉnh Sửa Sản Phẩm');\n  productPage.shouldHaveFormValue('name', productName);\n});",
                  "err": {},
                  "uuid": "057058a9-2ec3-477d-aca3-4ce312f3fc0c",
                  "parentUUID": "f0410861-5b3e-43df-994d-b8b16905eda9",
                  "isHook": false,
                  "skipped": false
                },
                {
                  "title": "Nên validate khi update với dữ liệu không hợp lệ",
                  "fullTitle": "Product E2E Tests c) Update Product Flow Nên validate khi update với dữ liệu không hợp lệ",
                  "timedOut": null,
                  "duration": 4281,
                  "state": "passed",
                  "speed": "fast",
                  "pass": true,
                  "fail": false,
                  "pending": false,
                  "context": null,
                  "code": "productPage.clickViewDetail(0);\nproductPage.clickDetailEdit();\n// Xóa tên sản phẩm (invalid)\ncy.get('[name=\"name\"]').clear();\nproductPage.clickSave();\nproductPage.shouldShowFormError('name', 'không được để trống');\nproductPage.shouldShowForm(); // Form vẫn mở",
                  "err": {},
                  "uuid": "c15692e3-0415-48ad-9ff7-5a369be4ee97",
                  "parentUUID": "f0410861-5b3e-43df-994d-b8b16905eda9",
                  "isHook": false,
                  "skipped": false
                },
                {
                  "title": "Nên hủy bỏ update khi click \"Hủy bỏ\"",
                  "fullTitle": "Product E2E Tests c) Update Product Flow Nên hủy bỏ update khi click \"Hủy bỏ\"",
                  "timedOut": null,
                  "duration": 4347,
                  "state": "passed",
                  "speed": "fast",
                  "pass": true,
                  "fail": false,
                  "pending": false,
                  "context": null,
                  "code": "productPage.clickViewDetail(0);\nproductPage.clickDetailEdit();\nproductPage.shouldShowForm();\n// Thay đổi dữ liệu nhưng không save\ncy.get('[name=\"price\"]').clear().type('99999999');\nproductPage.clickCancel();\nproductPage.shouldNotShowForm();",
                  "err": {},
                  "uuid": "c92851d4-7a9f-4c22-a0a8-349a0a42a14b",
                  "parentUUID": "f0410861-5b3e-43df-994d-b8b16905eda9",
                  "isHook": false,
                  "skipped": false
                }
              ],
              "suites": [],
              "passes": [
                "5542f3ea-b671-4489-aa77-db88f709044b",
                "057058a9-2ec3-477d-aca3-4ce312f3fc0c",
                "c15692e3-0415-48ad-9ff7-5a369be4ee97",
                "c92851d4-7a9f-4c22-a0a8-349a0a42a14b"
              ],
              "failures": [],
              "pending": [],
              "skipped": [],
              "duration": 17814,
              "root": false,
              "rootEmpty": false,
              "_timeout": 2000
            },
            {
              "uuid": "ed6ae0ce-919b-4223-8c52-3ede2213fce9",
              "title": "d) Delete Product Flow",
              "fullFile": "",
              "file": "",
              "beforeHooks": [],
              "afterHooks": [],
              "tests": [
                {
                  "title": "Nên hiển thị modal xác nhận khi xóa sản phẩm",
                  "fullTitle": "Product E2E Tests d) Delete Product Flow Nên hiển thị modal xác nhận khi xóa sản phẩm",
                  "timedOut": null,
                  "duration": 3750,
                  "state": "passed",
                  "speed": "fast",
                  "pass": true,
                  "fail": false,
                  "pending": false,
                  "context": null,
                  "code": "productPage.getProductNameByIndex(0).then(productName => {\n  productPage.clickViewDetail(0);\n  productPage.clickDetailDelete();\n  productPage.shouldShowDeleteModal();\n  productPage.shouldShowDeleteConfirmation(productName);\n});",
                  "err": {},
                  "uuid": "164a81a3-62a6-477a-bb00-9f3cc42b9a34",
                  "parentUUID": "ed6ae0ce-919b-4223-8c52-3ede2213fce9",
                  "isHook": false,
                  "skipped": false
                },
                {
                  "title": "Nên hủy xóa khi click \"Hủy bỏ\" trong modal xác nhận",
                  "fullTitle": "Product E2E Tests d) Delete Product Flow Nên hủy xóa khi click \"Hủy bỏ\" trong modal xác nhận",
                  "timedOut": null,
                  "duration": 3871,
                  "state": "passed",
                  "speed": "fast",
                  "pass": true,
                  "fail": false,
                  "pending": false,
                  "context": null,
                  "code": "productPage.clickViewDetail(0);\nproductPage.clickDetailDelete();\nproductPage.shouldShowDeleteModal();\nproductPage.cancelDelete();\nproductPage.shouldNotShowDeleteModal();",
                  "err": {},
                  "uuid": "b7910538-d791-4504-855c-ea41bddb9bae",
                  "parentUUID": "ed6ae0ce-919b-4223-8c52-3ede2213fce9",
                  "isHook": false,
                  "skipped": false
                },
                {
                  "title": "Nên xóa sản phẩm thành công khi xác nhận",
                  "fullTitle": "Product E2E Tests d) Delete Product Flow Nên xóa sản phẩm thành công khi xác nhận",
                  "timedOut": null,
                  "duration": 9086,
                  "state": "failed",
                  "speed": null,
                  "pass": false,
                  "fail": true,
                  "pending": false,
                  "context": null,
                  "code": "// Đếm số sản phẩm trước khi xóa\nproductPage.getProductCount().then(initialCount => {\n  productPage.getProductNameByIndex(0).then(productName => {\n    productPage.clickViewDetail(0);\n    productPage.clickDetailDelete();\n    productPage.shouldShowDeleteModal();\n    productPage.confirmDelete();\n    cy.wait(1000);\n    productPage.shouldShowSuccessMessage('Đã xóa sản phẩm thành công');\n    productPage.shouldNotShowDeleteModal();\n    // Verify sản phẩm đã bị xóa\n    cy.get('.product-card').should('have.length.lessThan', initialCount);\n  });\n});",
                  "err": {
                    "message": "AssertionError: Timed out retrying after 4000ms: expected '[ <div.product-card>, 11 more... ]' to have a length below 12 but got 12",
                    "estack": "AssertionError: Timed out retrying after 4000ms: expected '[ <div.product-card>, 11 more... ]' to have a length below 12 but got 12\n    at Context.eval (webpack://frontend/./cypress/e2e/product.cy.js:247:34)\n    at getRet (http://localhost:3000/__cypress/runner/cypress_runner.js:122341:20)\n    at tryCatcher (http://localhost:3000/__cypress/runner/cypress_runner.js:1777:23)\n    at Promise.attempt.Promise.try (http://localhost:3000/__cypress/runner/cypress_runner.js:4285:29)\n    at Context.thenFn (http://localhost:3000/__cypress/runner/cypress_runner.js:122352:66)\n    at Context.then (http://localhost:3000/__cypress/runner/cypress_runner.js:122603:21)\n    at wrapped (http://localhost:3000/__cypress/runner/cypress_runner.js:145681:19)",
                    "diff": ""
                  },
                  "uuid": "459c60e2-d904-414d-b8c4-5d2ac27f7c17",
                  "parentUUID": "ed6ae0ce-919b-4223-8c52-3ede2213fce9",
                  "isHook": false,
                  "skipped": false
                },
                {
                  "title": "Nên xóa đúng sản phẩm được chọn",
                  "fullTitle": "Product E2E Tests d) Delete Product Flow Nên xóa đúng sản phẩm được chọn",
                  "timedOut": null,
                  "duration": 5298,
                  "state": "passed",
                  "speed": "medium",
                  "pass": true,
                  "fail": false,
                  "pending": false,
                  "context": null,
                  "code": "productPage.getProductNameByIndex(0).then(productNameToDelete => {\n  productPage.clickViewDetail(0);\n  productPage.clickDetailDelete();\n  productPage.confirmDelete();\n  cy.wait(1000);\n  // Verify sản phẩm không còn trong danh sách\n  cy.get('.product-card').each($card => {\n    cy.wrap($card).find('.card-title').should('not.contain', productNameToDelete);\n  });\n});",
                  "err": {},
                  "uuid": "cfb5e9c6-43f2-4fb0-9e02-3a6fbc865f77",
                  "parentUUID": "ed6ae0ce-919b-4223-8c52-3ede2213fce9",
                  "isHook": false,
                  "skipped": false
                }
              ],
              "suites": [],
              "passes": [
                "164a81a3-62a6-477a-bb00-9f3cc42b9a34",
                "b7910538-d791-4504-855c-ea41bddb9bae",
                "cfb5e9c6-43f2-4fb0-9e02-3a6fbc865f77"
              ],
              "failures": [
                "459c60e2-d904-414d-b8c4-5d2ac27f7c17"
              ],
              "pending": [],
              "skipped": [],
              "duration": 22005,
              "root": false,
              "rootEmpty": false,
              "_timeout": 2000
            },
            {
              "uuid": "19474a1b-2729-4257-b748-4aa60432813f",
              "title": "e) Search and Filter Functionality",
              "fullFile": "",
              "file": "",
              "beforeHooks": [],
              "afterHooks": [],
              "tests": [
                {
                  "title": "Nên tìm kiếm sản phẩm theo tên",
                  "fullTitle": "Product E2E Tests e) Search and Filter Functionality Nên tìm kiếm sản phẩm theo tên",
                  "timedOut": null,
                  "duration": 4638,
                  "state": "passed",
                  "speed": "fast",
                  "pass": true,
                  "fail": false,
                  "pending": false,
                  "context": null,
                  "code": "productPage.getProductNameByIndex(0).then(productName => {\n  const searchTerm = productName.substring(0, 5);\n  productPage.typeSearch(searchTerm);\n  cy.wait(500);\n  // Verify kết quả tìm kiếm\n  cy.get('.product-card').each($card => {\n    cy.wrap($card).find('.card-title').invoke('text').should('match', new RegExp(searchTerm, 'i'));\n  });\n});",
                  "err": {},
                  "uuid": "7688b50c-3ac6-49da-b24b-265383832cce",
                  "parentUUID": "19474a1b-2729-4257-b748-4aa60432813f",
                  "isHook": false,
                  "skipped": false
                },
                {
                  "title": "Nên hiển thị \"Không tìm thấy\" khi search không có kết quả",
                  "fullTitle": "Product E2E Tests e) Search and Filter Functionality Nên hiển thị \"Không tìm thấy\" khi search không có kết quả",
                  "timedOut": null,
                  "duration": 4692,
                  "state": "passed",
                  "speed": "fast",
                  "pass": true,
                  "fail": false,
                  "pending": false,
                  "context": null,
                  "code": "productPage.typeSearch('ProductNotExist123456789');\ncy.wait(500);\nproductPage.shouldShowNoResults();",
                  "err": {},
                  "uuid": "b0d61b67-4e39-4882-9f46-85d623be5406",
                  "parentUUID": "19474a1b-2729-4257-b748-4aa60432813f",
                  "isHook": false,
                  "skipped": false
                },
                {
                  "title": "Nên clear search và hiển thị lại tất cả sản phẩm",
                  "fullTitle": "Product E2E Tests e) Search and Filter Functionality Nên clear search và hiển thị lại tất cả sản phẩm",
                  "timedOut": null,
                  "duration": 5070,
                  "state": "passed",
                  "speed": "medium",
                  "pass": true,
                  "fail": false,
                  "pending": false,
                  "context": null,
                  "code": "// Search trước\nproductPage.typeSearch('test');\ncy.wait(500);\n// Clear search\nproductPage.clearSearch();\ncy.wait(500);\n// Verify hiển thị lại products\nproductPage.shouldHaveMinimumProducts(1);",
                  "err": {},
                  "uuid": "484ed447-f648-4aa6-890e-c565737d3a00",
                  "parentUUID": "19474a1b-2729-4257-b748-4aa60432813f",
                  "isHook": false,
                  "skipped": false
                },
                {
                  "title": "Nên lọc sản phẩm theo danh mục",
                  "fullTitle": "Product E2E Tests e) Search and Filter Functionality Nên lọc sản phẩm theo danh mục",
                  "timedOut": null,
                  "duration": 9416,
                  "state": "failed",
                  "speed": null,
                  "pass": false,
                  "fail": true,
                  "pending": false,
                  "context": null,
                  "code": "// Click vào filter đầu tiên (không phải \"Tất cả\")\ncy.get('.filter-pill').eq(1).then($pill => {\n  const categoryName = $pill.text().trim();\n  cy.wrap($pill).click();\n  cy.wait(500);\n  productPage.shouldHaveActiveFilter(categoryName);\n  // Verify tất cả sản phẩm đều thuộc category này\n  cy.get('.product-card').each($card => {\n    cy.wrap($card).find('.card-category').should('contain', categoryName);\n  });\n});",
                  "err": {
                    "message": "AssertionError: Timed out retrying after 4000ms: Expected to find element: `.product-card`, but never found it.",
                    "estack": "AssertionError: Timed out retrying after 4000ms: Expected to find element: `.product-card`, but never found it.\n    at Context.eval (webpack://frontend/./cypress/e2e/product.cy.js:316:11)\n    at getRet (http://localhost:3000/__cypress/runner/cypress_runner.js:122341:20)\n    at tryCatcher (http://localhost:3000/__cypress/runner/cypress_runner.js:1777:23)\n    at Promise.attempt.Promise.try (http://localhost:3000/__cypress/runner/cypress_runner.js:4285:29)\n    at Context.thenFn (http://localhost:3000/__cypress/runner/cypress_runner.js:122352:66)\n    at Context.then (http://localhost:3000/__cypress/runner/cypress_runner.js:122603:21)\n    at wrapped (http://localhost:3000/__cypress/runner/cypress_runner.js:145681:19)",
                    "diff": null
                  },
                  "uuid": "a29c2bd7-dc18-41e9-9c39-e106e0a3a375",
                  "parentUUID": "19474a1b-2729-4257-b748-4aa60432813f",
                  "isHook": false,
                  "skipped": false
                },
                {
                  "title": "Nên reset filter về \"Tất cả\"",
                  "fullTitle": "Product E2E Tests e) Search and Filter Functionality Nên reset filter về \"Tất cả\"",
                  "timedOut": null,
                  "duration": 4889,
                  "state": "passed",
                  "speed": "fast",
                  "pass": true,
                  "fail": false,
                  "pending": false,
                  "context": null,
                  "code": "// Chọn một category cụ thể\ncy.get('.filter-pill').eq(1).click();\ncy.wait(500);\n// Click \"Tất cả\"\nproductPage.selectFilter('Tất cả');\ncy.wait(500);\nproductPage.shouldHaveActiveFilter('Tất cả');\nproductPage.shouldHaveMinimumProducts(1);",
                  "err": {},
                  "uuid": "5a4817fc-0f20-4c7b-a5fb-2a001ea19298",
                  "parentUUID": "19474a1b-2729-4257-b748-4aa60432813f",
                  "isHook": false,
                  "skipped": false
                },
                {
                  "title": "Nên kết hợp search và filter",
                  "fullTitle": "Product E2E Tests e) Search and Filter Functionality Nên kết hợp search và filter",
                  "timedOut": null,
                  "duration": 9356,
                  "state": "failed",
                  "speed": null,
                  "pass": false,
                  "fail": true,
                  "pending": false,
                  "context": null,
                  "code": "// Chọn category\ncy.get('.filter-pill').eq(1).then($pill => {\n  const categoryName = $pill.text().trim();\n  cy.wrap($pill).click();\n  cy.wait(500);\n  // Sau đó search\n  productPage.getProductNameByIndex(0).then(productName => {\n    const searchTerm = productName.substring(0, 3);\n    productPage.typeSearch(searchTerm);\n    cy.wait(500);\n    // Verify cả filter và search đều hoạt động\n    productPage.shouldHaveActiveFilter(categoryName);\n    cy.get('.search-input').should('have.value', searchTerm);\n  });\n});",
                  "err": {
                    "message": "AssertionError: Timed out retrying after 4000ms: Expected to find element: `.product-card`, but never found it.",
                    "estack": "AssertionError: Timed out retrying after 4000ms: Expected to find element: `.product-card`, but never found it.\n    at ProductPage.getProductNameByIndex (webpack://frontend/./cypress/support/pages/ProductPage.js:393:7)\n    at Context.eval (webpack://frontend/./cypress/e2e/product.cy.js:343:20)\n    at getRet (http://localhost:3000/__cypress/runner/cypress_runner.js:122341:20)\n    at tryCatcher (http://localhost:3000/__cypress/runner/cypress_runner.js:1777:23)\n    at Promise.attempt.Promise.try (http://localhost:3000/__cypress/runner/cypress_runner.js:4285:29)\n    at Context.thenFn (http://localhost:3000/__cypress/runner/cypress_runner.js:122352:66)\n    at Context.then (http://localhost:3000/__cypress/runner/cypress_runner.js:122603:21)\n    at wrapped (http://localhost:3000/__cypress/runner/cypress_runner.js:145681:19)",
                    "diff": null
                  },
                  "uuid": "896f0618-80eb-416e-8c3b-759ffed56090",
                  "parentUUID": "19474a1b-2729-4257-b748-4aa60432813f",
                  "isHook": false,
                  "skipped": false
                },
                {
                  "title": "Nên reset về trang 1 khi search hoặc filter",
                  "fullTitle": "Product E2E Tests e) Search and Filter Functionality Nên reset về trang 1 khi search hoặc filter",
                  "timedOut": null,
                  "duration": 10693,
                  "state": "failed",
                  "speed": null,
                  "pass": false,
                  "fail": true,
                  "pending": false,
                  "context": null,
                  "code": "// Nếu có pagination, đi đến trang 2\ncy.get('body').then($body => {\n  if ($body.find('.pagination').length > 0) {\n    cy.get('.page-btn:last').then($btn => {\n      if (!$btn.prop('disabled')) {\n        productPage.clickNextPage();\n        cy.wait(500);\n        // Sau đó search -> nên reset về trang 1\n        productPage.typeSearch('test');\n        cy.wait(500);\n        // Verify về trang 1\n        cy.get('.page-btn.active').should('contain', '1');\n      }\n    });\n  }\n});",
                  "err": {
                    "message": "AssertionError: Timed out retrying after 4000ms: Expected to find element: `.page-btn.active`, but never found it.",
                    "estack": "AssertionError: Timed out retrying after 4000ms: Expected to find element: `.page-btn.active`, but never found it.\n    at Context.eval (webpack://frontend/./cypress/e2e/product.cy.js:369:41)\n    at getRet (http://localhost:3000/__cypress/runner/cypress_runner.js:122341:20)\n    at tryCatcher (http://localhost:3000/__cypress/runner/cypress_runner.js:1777:23)\n    at Promise.attempt.Promise.try (http://localhost:3000/__cypress/runner/cypress_runner.js:4285:29)\n    at Context.thenFn (http://localhost:3000/__cypress/runner/cypress_runner.js:122352:66)\n    at Context.then (http://localhost:3000/__cypress/runner/cypress_runner.js:122603:21)\n    at wrapped (http://localhost:3000/__cypress/runner/cypress_runner.js:145681:19)",
                    "diff": null
                  },
                  "uuid": "cf8ef69e-ab21-49fa-bf6f-aa324cf6b2f7",
                  "parentUUID": "19474a1b-2729-4257-b748-4aa60432813f",
                  "isHook": false,
                  "skipped": false
                }
              ],
              "suites": [],
              "passes": [
                "7688b50c-3ac6-49da-b24b-265383832cce",
                "b0d61b67-4e39-4882-9f46-85d623be5406",
                "484ed447-f648-4aa6-890e-c565737d3a00",
                "5a4817fc-0f20-4c7b-a5fb-2a001ea19298"
              ],
              "failures": [
                "a29c2bd7-dc18-41e9-9c39-e106e0a3a375",
                "896f0618-80eb-416e-8c3b-759ffed56090",
                "cf8ef69e-ab21-49fa-bf6f-aa324cf6b2f7"
              ],
              "pending": [],
              "skipped": [],
              "duration": 48754,
              "root": false,
              "rootEmpty": false,
              "_timeout": 2000
            },
            {
              "uuid": "5b73669a-2ac2-48f3-b214-03d257c53b2d",
              "title": "Additional E2E Scenarios",
              "fullFile": "",
              "file": "",
              "beforeHooks": [],
              "afterHooks": [],
              "tests": [
                {
                  "title": "Nên hiển thị placeholder image khi sản phẩm không có ảnh",
                  "fullTitle": "Product E2E Tests Additional E2E Scenarios Nên hiển thị placeholder image khi sản phẩm không có ảnh",
                  "timedOut": null,
                  "duration": 3606,
                  "state": "passed",
                  "speed": "fast",
                  "pass": true,
                  "fail": false,
                  "pending": false,
                  "context": null,
                  "code": "cy.get('.card-image').first().should('have.attr', 'src');",
                  "err": {},
                  "uuid": "7ffd0656-0548-4b69-a3c5-4fa9b25b73ff",
                  "parentUUID": "5b73669a-2ac2-48f3-b214-03d257c53b2d",
                  "isHook": false,
                  "skipped": false
                },
                {
                  "title": "Nên format giá tiền đúng định dạng VND",
                  "fullTitle": "Product E2E Tests Additional E2E Scenarios Nên format giá tiền đúng định dạng VND",
                  "timedOut": null,
                  "duration": 3542,
                  "state": "passed",
                  "speed": "fast",
                  "pass": true,
                  "fail": false,
                  "pending": false,
                  "context": null,
                  "code": "cy.get('.card-price').first().invoke('text').should('match', /\\d{1,3}(,\\d{3})*\\s*đ/);",
                  "err": {},
                  "uuid": "1411cff7-823f-4a72-a6e8-9dfea37a7585",
                  "parentUUID": "5b73669a-2ac2-48f3-b214-03d257c53b2d",
                  "isHook": false,
                  "skipped": false
                },
                {
                  "title": "Nên có nút logout và hoạt động đúng",
                  "fullTitle": "Product E2E Tests Additional E2E Scenarios Nên có nút logout và hoạt động đúng",
                  "timedOut": null,
                  "duration": 3862,
                  "state": "passed",
                  "speed": "fast",
                  "pass": true,
                  "fail": false,
                  "pending": false,
                  "context": null,
                  "code": "productPage.shouldHaveLogoutButton();\nproductPage.clickLogout();\n// Verify redirect về login\ncy.url().should('include', '/login');",
                  "err": {},
                  "uuid": "2c5d6110-1669-4dc0-8d01-b3dd4803aea5",
                  "parentUUID": "5b73669a-2ac2-48f3-b214-03d257c53b2d",
                  "isHook": false,
                  "skipped": false
                },
                {
                  "title": "Nên persist data sau khi reload trang",
                  "fullTitle": "Product E2E Tests Additional E2E Scenarios Nên persist data sau khi reload trang",
                  "timedOut": null,
                  "duration": 4709,
                  "state": "passed",
                  "speed": "fast",
                  "pass": true,
                  "fail": false,
                  "pending": false,
                  "context": null,
                  "code": "productPage.getProductCount().then(initialCount => {\n  cy.reload();\n  cy.wait(1000);\n  productPage.getProductCount().should('equal', initialCount);\n});",
                  "err": {},
                  "uuid": "a5647522-246c-43bc-9ae2-60a257b7c016",
                  "parentUUID": "5b73669a-2ac2-48f3-b214-03d257c53b2d",
                  "isHook": false,
                  "skipped": false
                },
                {
                  "title": "Nên hiển thị loading state khi tải dữ liệu",
                  "fullTitle": "Product E2E Tests Additional E2E Scenarios Nên hiển thị loading state khi tải dữ liệu",
                  "timedOut": null,
                  "duration": 3706,
                  "state": "passed",
                  "speed": "fast",
                  "pass": true,
                  "fail": false,
                  "pending": false,
                  "context": null,
                  "code": "cy.intercept('GET', '**/api/products**', req => {\n  req.reply(res => {\n    res.setDelay(1000); // Delay 1s để thấy loading\n  });\n}).as('getProducts');\ncy.reload();\n// Có thể check loading spinner hoặc message nếu có\ncy.get('body').should('be.visible');",
                  "err": {},
                  "uuid": "afd967c2-d176-4a85-99cc-1bc3749622e2",
                  "parentUUID": "5b73669a-2ac2-48f3-b214-03d257c53b2d",
                  "isHook": false,
                  "skipped": false
                }
              ],
              "suites": [],
              "passes": [
                "7ffd0656-0548-4b69-a3c5-4fa9b25b73ff",
                "1411cff7-823f-4a72-a6e8-9dfea37a7585",
                "2c5d6110-1669-4dc0-8d01-b3dd4803aea5",
                "a5647522-246c-43bc-9ae2-60a257b7c016",
                "afd967c2-d176-4a85-99cc-1bc3749622e2"
              ],
              "failures": [],
              "pending": [],
              "skipped": [],
              "duration": 19425,
              "root": false,
              "rootEmpty": false,
              "_timeout": 2000
            }
          ],
          "passes": [],
          "failures": [],
          "pending": [],
          "skipped": [],
          "duration": 0,
          "root": false,
          "rootEmpty": false,
          "_timeout": 2000
        }
      ],
      "passes": [],
      "failures": [],
      "pending": [],
      "skipped": [],
      "duration": 0,
      "root": true,
      "rootEmpty": true,
      "_timeout": 2000
    }
  ],
  "meta": {
    "mocha": {
      "version": "7.2.0"
    },
    "mochawesome": {
      "options": {
        "quiet": false,
        "reportFilename": "mochawesome",
        "saveHtml": true,
        "saveJson": true,
        "consoleReporter": "spec",
        "useInlineDiffs": false,
        "code": true
      },
      "version": "7.1.4"
    },
    "marge": {
      "options": {
        "reportDir": "cypress/reports",
        "overwrite": false,
        "html": true,
        "json": true,
        "charts": true,
        "reportPageTitle": "Login E2E Test Report",
        "embeddedScreenshots": true,
        "inlineAssets": true
      },
      "version": "6.3.2"
    }
  }
}