{
  "stats": {
    "suites": 6,
    "tests": 27,
    "passes": 27,
    "pending": 0,
    "failures": 0,
    "start": "2025-11-30T19:10:29.443Z",
    "end": "2025-11-30T19:11:04.167Z",
    "duration": 34724,
    "testsRegistered": 27,
    "passPercent": 100,
    "pendingPercent": 0,
    "other": 0,
    "hasOther": false,
    "skipped": 0,
    "hasSkipped": false
  },
  "results": [
    {
      "uuid": "b760d574-0cfb-4495-a652-5a452fe977c0",
      "title": "",
      "fullFile": "cypress\\e2e\\login.cy.js",
      "file": "cypress\\e2e\\login.cy.js",
      "beforeHooks": [],
      "afterHooks": [],
      "tests": [],
      "suites": [
        {
          "uuid": "08892f01-44c9-4011-80bb-b34ce4a20564",
          "title": "Login E2E Tests",
          "fullFile": "",
          "file": "",
          "beforeHooks": [],
          "afterHooks": [],
          "tests": [],
          "suites": [
            {
              "uuid": "7ff58c7a-049d-4519-a2de-6964773be358",
              "title": "Complete Login Flow",
              "fullFile": "",
              "file": "",
              "beforeHooks": [],
              "afterHooks": [],
              "tests": [
                {
                  "title": "Nên hiển thị tất cả các elements của form login",
                  "fullTitle": "Login E2E Tests Complete Login Flow Nên hiển thị tất cả các elements của form login",
                  "timedOut": null,
                  "duration": 697,
                  "state": "passed",
                  "speed": "fast",
                  "pass": true,
                  "fail": false,
                  "pending": false,
                  "context": null,
                  "code": "loginPage.checkElementsVisible();\n// Kiểm tra placeholder/labels\ncy.get(loginPage.selectors.usernameInput).should(\"have.attr\", \"type\", \"text\").and(\"have.attr\", \"id\", \"username\");\ncy.get(loginPage.selectors.passwordInput).should(\"have.attr\", \"type\", \"password\").and(\"have.attr\", \"id\", \"password\");\ncy.get(loginPage.selectors.loginButton).should(\"contain\", \"Đăng nhập\").and(\"have.attr\", \"type\", \"submit\");",
                  "err": {},
                  "uuid": "279c18c0-1a30-4ffb-861f-3f219d590fe3",
                  "parentUUID": "7ff58c7a-049d-4519-a2de-6964773be358",
                  "isHook": false,
                  "skipped": false
                },
                {
                  "title": "Nên đăng nhập thành công với credentials hợp lệ",
                  "fullTitle": "Login E2E Tests Complete Login Flow Nên đăng nhập thành công với credentials hợp lệ",
                  "timedOut": null,
                  "duration": 2769,
                  "state": "passed",
                  "speed": "fast",
                  "pass": true,
                  "fail": false,
                  "pending": false,
                  "context": null,
                  "code": "// Nhập thông tin hợp lệ\nloginPage.login(\"testuser\", \"Test123\");\n// Đợi và kiểm tra chuyển hướng\ncy.wait(500);\ncy.url().should(\"include\", \"/product\", {\n  timeout: 3000\n});\n// Kiểm tra token được lưu\nloginPage.checkTokenSaved();",
                  "err": {},
                  "uuid": "574cadba-ab25-477e-a813-bb3549d7245f",
                  "parentUUID": "7ff58c7a-049d-4519-a2de-6964773be358",
                  "isHook": false,
                  "skipped": false
                },
                {
                  "title": "Nên thực hiện complete flow: nhập username → nhập password → submit → redirect",
                  "fullTitle": "Login E2E Tests Complete Login Flow Nên thực hiện complete flow: nhập username → nhập password → submit → redirect",
                  "timedOut": null,
                  "duration": 2402,
                  "state": "passed",
                  "speed": "fast",
                  "pass": true,
                  "fail": false,
                  "pending": false,
                  "context": null,
                  "code": "// Step 1: Nhập username\nloginPage.typeUsername(\"testuser\");\ncy.get(loginPage.selectors.usernameInput).should(\"have.value\", \"testuser\");\n// Step 2: Nhập password\nloginPage.typePassword(\"Test123\");\ncy.get(loginPage.selectors.passwordInput).should(\"have.value\", \"Test123\");\n// Step 3: Click submit\nloginPage.clickLoginButton();\n// Step 4: Đợi và kiểm tra redirect\ncy.url().should(\"include\", \"/product\", {\n  timeout: 3000\n});\n// Step 5: Kiểm tra token exists\ncy.window().its(\"localStorage.token\").should(\"exist\");",
                  "err": {},
                  "uuid": "1ea475b8-cfe9-4ca1-ad14-993d6eb10554",
                  "parentUUID": "7ff58c7a-049d-4519-a2de-6964773be358",
                  "isHook": false,
                  "skipped": false
                }
              ],
              "suites": [],
              "passes": [
                "279c18c0-1a30-4ffb-861f-3f219d590fe3",
                "574cadba-ab25-477e-a813-bb3549d7245f",
                "1ea475b8-cfe9-4ca1-ad14-993d6eb10554"
              ],
              "failures": [],
              "pending": [],
              "skipped": [],
              "duration": 5868,
              "root": false,
              "rootEmpty": false,
              "_timeout": 2000
            },
            {
              "uuid": "28a8a9e0-8427-4aff-bafd-667a9111a46d",
              "title": "Validation Messages",
              "fullFile": "",
              "file": "",
              "beforeHooks": [],
              "afterHooks": [],
              "tests": [
                {
                  "title": "Nên hiển thị lỗi khi username trống",
                  "fullTitle": "Login E2E Tests Validation Messages Nên hiển thị lỗi khi username trống",
                  "timedOut": null,
                  "duration": 501,
                  "state": "passed",
                  "speed": "fast",
                  "pass": true,
                  "fail": false,
                  "pending": false,
                  "context": null,
                  "code": "loginPage.typePassword(\"Test123\");\nloginPage.clickLoginButton();\nloginPage.checkUsernameError(\"Tên đăng nhập không được để trống\");\nloginPage.checkInvalidClass(\"username\");",
                  "err": {},
                  "uuid": "c72b2406-c550-47e1-a7f7-b91126321b39",
                  "parentUUID": "28a8a9e0-8427-4aff-bafd-667a9111a46d",
                  "isHook": false,
                  "skipped": false
                },
                {
                  "title": "Nên hiển thị lỗi khi password trống",
                  "fullTitle": "Login E2E Tests Validation Messages Nên hiển thị lỗi khi password trống",
                  "timedOut": null,
                  "duration": 524,
                  "state": "passed",
                  "speed": "fast",
                  "pass": true,
                  "fail": false,
                  "pending": false,
                  "context": null,
                  "code": "loginPage.typeUsername(\"testuser\");\nloginPage.clickLoginButton();\nloginPage.checkPasswordError(\"Mật khẩu không được để trống\");\nloginPage.checkInvalidClass(\"password\");",
                  "err": {},
                  "uuid": "42acf9c2-ab5a-43ed-88f3-fd5897c875a5",
                  "parentUUID": "28a8a9e0-8427-4aff-bafd-667a9111a46d",
                  "isHook": false,
                  "skipped": false
                },
                {
                  "title": "Nên hiển thị lỗi khi cả username và password trống",
                  "fullTitle": "Login E2E Tests Validation Messages Nên hiển thị lỗi khi cả username và password trống",
                  "timedOut": null,
                  "duration": 200,
                  "state": "passed",
                  "speed": "fast",
                  "pass": true,
                  "fail": false,
                  "pending": false,
                  "context": null,
                  "code": "loginPage.clickLoginButton();\nloginPage.checkUsernameError(\"Tên đăng nhập không được để trống\");\nloginPage.checkPasswordError(\"Mật khẩu không được để trống\");",
                  "err": {},
                  "uuid": "e2b71cad-f48b-499d-a465-bd2292ae04d3",
                  "parentUUID": "28a8a9e0-8427-4aff-bafd-667a9111a46d",
                  "isHook": false,
                  "skipped": false
                },
                {
                  "title": "Nên hiển thị lỗi khi username quá ngắn",
                  "fullTitle": "Login E2E Tests Validation Messages Nên hiển thị lỗi khi username quá ngắn",
                  "timedOut": null,
                  "duration": 736,
                  "state": "passed",
                  "speed": "fast",
                  "pass": true,
                  "fail": false,
                  "pending": false,
                  "context": null,
                  "code": "loginPage.typeUsername(\"ab\");\nloginPage.typePassword(\"Test123\");\nloginPage.clickLoginButton();\nloginPage.checkUsernameError(\"Tên đăng nhập phải có ít nhất 3 ký tự\");",
                  "err": {},
                  "uuid": "fb8f21ec-6777-49f1-a5c5-2be9eea3599e",
                  "parentUUID": "28a8a9e0-8427-4aff-bafd-667a9111a46d",
                  "isHook": false,
                  "skipped": false
                },
                {
                  "title": "Nên hiển thị lỗi khi password quá ngắn",
                  "fullTitle": "Login E2E Tests Validation Messages Nên hiển thị lỗi khi password quá ngắn",
                  "timedOut": null,
                  "duration": 814,
                  "state": "passed",
                  "speed": "fast",
                  "pass": true,
                  "fail": false,
                  "pending": false,
                  "context": null,
                  "code": "loginPage.typeUsername(\"testuser\");\nloginPage.typePassword(\"12345\");\nloginPage.clickLoginButton();\nloginPage.checkPasswordError(\"Mật khẩu phải có ít nhất 6 ký tự\");",
                  "err": {},
                  "uuid": "cd5384d0-2545-4ac7-8aff-979fc5e2d884",
                  "parentUUID": "28a8a9e0-8427-4aff-bafd-667a9111a46d",
                  "isHook": false,
                  "skipped": false
                },
                {
                  "title": "Nên xóa error message khi người dùng sửa input hợp lệ",
                  "fullTitle": "Login E2E Tests Validation Messages Nên xóa error message khi người dùng sửa input hợp lệ",
                  "timedOut": null,
                  "duration": 888,
                  "state": "passed",
                  "speed": "fast",
                  "pass": true,
                  "fail": false,
                  "pending": false,
                  "context": null,
                  "code": "// Tạo lỗi trước\nloginPage.clickLoginButton();\nloginPage.checkUsernameError(\"Tên đăng nhập không được để trống\");\n// Nhập lại giá trị hợp lệ và submit\nloginPage.typeUsername(\"testuser\");\nloginPage.typePassword(\"Test123\");\nloginPage.clickLoginButton();\n// Không còn error\nloginPage.checkNoUsernameError();\nloginPage.checkNoPasswordError();",
                  "err": {},
                  "uuid": "779da004-f75c-42ca-bccc-05204af3b214",
                  "parentUUID": "28a8a9e0-8427-4aff-bafd-667a9111a46d",
                  "isHook": false,
                  "skipped": false
                }
              ],
              "suites": [],
              "passes": [
                "c72b2406-c550-47e1-a7f7-b91126321b39",
                "42acf9c2-ab5a-43ed-88f3-fd5897c875a5",
                "e2b71cad-f48b-499d-a465-bd2292ae04d3",
                "fb8f21ec-6777-49f1-a5c5-2be9eea3599e",
                "cd5384d0-2545-4ac7-8aff-979fc5e2d884",
                "779da004-f75c-42ca-bccc-05204af3b214"
              ],
              "failures": [],
              "pending": [],
              "skipped": [],
              "duration": 3663,
              "root": false,
              "rootEmpty": false,
              "_timeout": 2000
            },
            {
              "uuid": "99ad551e-6673-4138-b740-685cde0f2515",
              "title": "Success/Error Flows",
              "fullFile": "",
              "file": "",
              "beforeHooks": [],
              "afterHooks": [],
              "tests": [
                {
                  "title": "Nên hiển thị error message khi credentials không đúng",
                  "fullTitle": "Login E2E Tests Success/Error Flows Nên hiển thị error message khi credentials không đúng",
                  "timedOut": null,
                  "duration": 1923,
                  "state": "passed",
                  "speed": "fast",
                  "pass": true,
                  "fail": false,
                  "pending": false,
                  "context": null,
                  "code": "loginPage.login(\"wronguser\", \"Wrong123\");\n// Đợi response và kiểm tra thông báo lỗi\ncy.wait(1000);\ncy.get(\".toast-message\").should(\"be.visible\").and(\"contain\", \"không đúng\");\n// Không chuyển hướng\ncy.url().should(\"include\", \"/login\");\n// Không lưu token\ncy.window().then(window => {\n  const token = window.localStorage.getItem(\"token\");\n  expect(token).to.be.null;\n});",
                  "err": {},
                  "uuid": "eb06767a-287b-4ba0-80e4-cad078febeb2",
                  "parentUUID": "99ad551e-6673-4138-b740-685cde0f2515",
                  "isHook": false,
                  "skipped": false
                },
                {
                  "title": "Nên xử lý đúng khi username sai",
                  "fullTitle": "Login E2E Tests Success/Error Flows Nên xử lý đúng khi username sai",
                  "timedOut": null,
                  "duration": 1941,
                  "state": "passed",
                  "speed": "fast",
                  "pass": true,
                  "fail": false,
                  "pending": false,
                  "context": null,
                  "code": "loginPage.login(\"invaliduser\", \"Test123\");\ncy.wait(1000);\ncy.get(\".toast-message\").should(\"be.visible\").and(\"contain\", \"không đúng\");\ncy.url().should(\"include\", \"/login\");",
                  "err": {},
                  "uuid": "b6905d52-3990-4c01-b1e9-b2e4bceb165f",
                  "parentUUID": "99ad551e-6673-4138-b740-685cde0f2515",
                  "isHook": false,
                  "skipped": false
                },
                {
                  "title": "Nên xử lý đúng khi password sai",
                  "fullTitle": "Login E2E Tests Success/Error Flows Nên xử lý đúng khi password sai",
                  "timedOut": null,
                  "duration": 1892,
                  "state": "passed",
                  "speed": "fast",
                  "pass": true,
                  "fail": false,
                  "pending": false,
                  "context": null,
                  "code": "loginPage.login(\"testuser\", \"Wrong123\");\ncy.wait(1000);\ncy.get(\".toast-message\").should(\"be.visible\").and(\"contain\", \"không đúng\");\ncy.url().should(\"include\", \"/login\");",
                  "err": {},
                  "uuid": "9cdcbadb-4508-4245-9e79-d81c89e4a169",
                  "parentUUID": "99ad551e-6673-4138-b740-685cde0f2515",
                  "isHook": false,
                  "skipped": false
                },
                {
                  "title": "Nên cho phép thử lại sau khi đăng nhập thất bại",
                  "fullTitle": "Login E2E Tests Success/Error Flows Nên cho phép thử lại sau khi đăng nhập thất bại",
                  "timedOut": null,
                  "duration": 4513,
                  "state": "passed",
                  "speed": "fast",
                  "pass": true,
                  "fail": false,
                  "pending": false,
                  "context": null,
                  "code": "// Lần 1: Thất bại\nloginPage.login(\"testuser\", \"Wrong123\");\ncy.wait(1000);\ncy.get(\".toast-message\").should(\"be.visible\").and(\"contain\", \"không đúng\");\n// Clear form\nloginPage.clearForm();\n// Lần 2: Thành công\nloginPage.login(\"testuser\", \"Test123\");\ncy.wait(500);\ncy.url().should(\"include\", \"/product\", {\n  timeout: 3000\n});",
                  "err": {},
                  "uuid": "2db1961c-1bfe-4334-acd3-5607fa87f7bd",
                  "parentUUID": "99ad551e-6673-4138-b740-685cde0f2515",
                  "isHook": false,
                  "skipped": false
                },
                {
                  "title": "Nên hiển thị loading state khi đang xử lý login",
                  "fullTitle": "Login E2E Tests Success/Error Flows Nên hiển thị loading state khi đang xử lý login",
                  "timedOut": null,
                  "duration": 805,
                  "state": "passed",
                  "speed": "fast",
                  "pass": true,
                  "fail": false,
                  "pending": false,
                  "context": null,
                  "code": "loginPage.login(\"testuser\", \"Test123\");\n// Button vẫn tồn tại trong quá trình xử lý\ncy.get(loginPage.selectors.loginButton).should(\"exist\");",
                  "err": {},
                  "uuid": "3c95e55c-719a-4ed6-a7d7-353ece4c2627",
                  "parentUUID": "99ad551e-6673-4138-b740-685cde0f2515",
                  "isHook": false,
                  "skipped": false
                }
              ],
              "suites": [],
              "passes": [
                "eb06767a-287b-4ba0-80e4-cad078febeb2",
                "b6905d52-3990-4c01-b1e9-b2e4bceb165f",
                "9cdcbadb-4508-4245-9e79-d81c89e4a169",
                "2db1961c-1bfe-4334-acd3-5607fa87f7bd",
                "3c95e55c-719a-4ed6-a7d7-353ece4c2627"
              ],
              "failures": [],
              "pending": [],
              "skipped": [],
              "duration": 11074,
              "root": false,
              "rootEmpty": false,
              "_timeout": 2000
            },
            {
              "uuid": "5ee6959e-b2e2-4371-8eba-8600e5f749b0",
              "title": "UI Elements Interactions",
              "fullFile": "",
              "file": "",
              "beforeHooks": [],
              "afterHooks": [],
              "tests": [
                {
                  "title": "Nên focus vào username input khi page load",
                  "fullTitle": "Login E2E Tests UI Elements Interactions Nên focus vào username input khi page load",
                  "timedOut": null,
                  "duration": 191,
                  "state": "passed",
                  "speed": "fast",
                  "pass": true,
                  "fail": false,
                  "pending": false,
                  "context": null,
                  "code": "// Click vào input để test focus behavior\ncy.get(loginPage.selectors.usernameInput).click().should(\"be.focused\");",
                  "err": {},
                  "uuid": "4475e55b-4786-4c84-9063-d1cd6cafa258",
                  "parentUUID": "5ee6959e-b2e2-4371-8eba-8600e5f749b0",
                  "isHook": false,
                  "skipped": false
                },
                {
                  "title": "Nên chuyển focus từ username sang password",
                  "fullTitle": "Login E2E Tests UI Elements Interactions Nên chuyển focus từ username sang password",
                  "timedOut": null,
                  "duration": 105,
                  "state": "passed",
                  "speed": "fast",
                  "pass": true,
                  "fail": false,
                  "pending": false,
                  "context": null,
                  "code": "// Test focus capability - manually moving focus between fields\ncy.get(loginPage.selectors.usernameInput).focus().should(\"be.focused\");\ncy.get(loginPage.selectors.passwordInput).focus().should(\"be.focused\");\n// Note: Actual Tab key simulation requires cypress-real-events plugin",
                  "err": {},
                  "uuid": "240637d9-7efe-41a0-bc14-40ecd3c8d4fb",
                  "parentUUID": "5ee6959e-b2e2-4371-8eba-8600e5f749b0",
                  "isHook": false,
                  "skipped": false
                },
                {
                  "title": "Nên submit form khi nhấn Enter ở username field",
                  "fullTitle": "Login E2E Tests UI Elements Interactions Nên submit form khi nhấn Enter ở username field",
                  "timedOut": null,
                  "duration": 494,
                  "state": "passed",
                  "speed": "fast",
                  "pass": true,
                  "fail": false,
                  "pending": false,
                  "context": null,
                  "code": "loginPage.typeUsername(\"testuser\");\ncy.get(loginPage.selectors.usernameInput).type(\"{enter}\");\n// Nên có validation error vì password trống\nloginPage.checkPasswordError(\"Mật khẩu không được để trống\");",
                  "err": {},
                  "uuid": "d54f0085-6ec8-4684-9bbb-6e0bba4f7826",
                  "parentUUID": "5ee6959e-b2e2-4371-8eba-8600e5f749b0",
                  "isHook": false,
                  "skipped": false
                },
                {
                  "title": "Nên submit form khi nhấn Enter ở password field",
                  "fullTitle": "Login E2E Tests UI Elements Interactions Nên submit form khi nhấn Enter ở password field",
                  "timedOut": null,
                  "duration": 2328,
                  "state": "passed",
                  "speed": "fast",
                  "pass": true,
                  "fail": false,
                  "pending": false,
                  "context": null,
                  "code": "loginPage.typeUsername(\"testuser\");\nloginPage.typePassword(\"Test123\");\ncy.get(loginPage.selectors.passwordInput).type(\"{enter}\");\n// Nên login thành công và redirect\ncy.wait(500);\ncy.url().should(\"include\", \"/product\", {\n  timeout: 3000\n});",
                  "err": {},
                  "uuid": "09ba9db1-f4d0-4eb1-84b0-3101485aaa9f",
                  "parentUUID": "5ee6959e-b2e2-4371-8eba-8600e5f749b0",
                  "isHook": false,
                  "skipped": false
                },
                {
                  "title": "Nên mask password input",
                  "fullTitle": "Login E2E Tests UI Elements Interactions Nên mask password input",
                  "timedOut": null,
                  "duration": 421,
                  "state": "passed",
                  "speed": "fast",
                  "pass": true,
                  "fail": false,
                  "pending": false,
                  "context": null,
                  "code": "cy.get(loginPage.selectors.passwordInput).should(\"have.attr\", \"type\", \"password\");\nloginPage.typePassword(\"Test123\");\ncy.get(loginPage.selectors.passwordInput).should(\"have.value\", \"Test123\").and(\"have.attr\", \"type\", \"password\");",
                  "err": {},
                  "uuid": "87c5c199-bf78-46fc-9203-6bb928d9566f",
                  "parentUUID": "5ee6959e-b2e2-4371-8eba-8600e5f749b0",
                  "isHook": false,
                  "skipped": false
                },
                {
                  "title": "Nên có thể clear và re-type inputs",
                  "fullTitle": "Login E2E Tests UI Elements Interactions Nên có thể clear và re-type inputs",
                  "timedOut": null,
                  "duration": 1542,
                  "state": "passed",
                  "speed": "fast",
                  "pass": true,
                  "fail": false,
                  "pending": false,
                  "context": null,
                  "code": "// Type lần 1\nloginPage.typeUsername(\"user1\");\nloginPage.typePassword(\"pass1\");\n// Clear và type lại\nloginPage.clearForm();\ncy.get(loginPage.selectors.usernameInput).should(\"have.value\", \"\");\ncy.get(loginPage.selectors.passwordInput).should(\"have.value\", \"\");\n// Type lần 2\nloginPage.typeUsername(\"user2\");\nloginPage.typePassword(\"pass2\");\ncy.get(loginPage.selectors.usernameInput).should(\"have.value\", \"user2\");\ncy.get(loginPage.selectors.passwordInput).should(\"have.value\", \"pass2\");",
                  "err": {},
                  "uuid": "667a9740-a7cc-4516-b721-91535ea19b73",
                  "parentUUID": "5ee6959e-b2e2-4371-8eba-8600e5f749b0",
                  "isHook": false,
                  "skipped": false
                },
                {
                  "title": "Nên thêm class 'invalid' cho fields có lỗi",
                  "fullTitle": "Login E2E Tests UI Elements Interactions Nên thêm class 'invalid' cho fields có lỗi",
                  "timedOut": null,
                  "duration": 203,
                  "state": "passed",
                  "speed": "fast",
                  "pass": true,
                  "fail": false,
                  "pending": false,
                  "context": null,
                  "code": "loginPage.clickLoginButton();\ncy.get(loginPage.selectors.usernameInput).should(\"have.class\", \"invalid\");\ncy.get(loginPage.selectors.passwordInput).should(\"have.class\", \"invalid\");",
                  "err": {},
                  "uuid": "0700f395-f550-42ec-a327-9c9c7286c9bc",
                  "parentUUID": "5ee6959e-b2e2-4371-8eba-8600e5f749b0",
                  "isHook": false,
                  "skipped": false
                },
                {
                  "title": "Nên có thể click vào button nhiều lần",
                  "fullTitle": "Login E2E Tests UI Elements Interactions Nên có thể click vào button nhiều lần",
                  "timedOut": null,
                  "duration": 2525,
                  "state": "passed",
                  "speed": "fast",
                  "pass": true,
                  "fail": false,
                  "pending": false,
                  "context": null,
                  "code": "// Click lần 1\nloginPage.clickLoginButton();\nloginPage.checkUsernameError(\"Tên đăng nhập không được để trống\");\n// Nhập giá trị và click lần 2\nloginPage.typeUsername(\"testuser\");\nloginPage.clickLoginButton();\nloginPage.checkPasswordError(\"Mật khẩu không được để trống\");\n// Nhập đầy đủ và click lần 3\nloginPage.typePassword(\"Test123\");\nloginPage.clickLoginButton();\ncy.wait(500);\ncy.url().should(\"include\", \"/product\", {\n  timeout: 3000\n});",
                  "err": {},
                  "uuid": "5e3a0b80-d6c6-41b6-ac4b-5e902807a909",
                  "parentUUID": "5ee6959e-b2e2-4371-8eba-8600e5f749b0",
                  "isHook": false,
                  "skipped": false
                },
                {
                  "title": "Nên responsive với viewport nhỏ",
                  "fullTitle": "Login E2E Tests UI Elements Interactions Nên responsive với viewport nhỏ",
                  "timedOut": null,
                  "duration": 157,
                  "state": "passed",
                  "speed": "fast",
                  "pass": true,
                  "fail": false,
                  "pending": false,
                  "context": null,
                  "code": "// Test mobile viewport\ncy.viewport(375, 667);\nloginPage.checkElementsVisible();\n// Test tablet viewport\ncy.viewport(768, 1024);\nloginPage.checkElementsVisible();",
                  "err": {},
                  "uuid": "e436736c-578f-4d6a-aaa3-5309d32615af",
                  "parentUUID": "5ee6959e-b2e2-4371-8eba-8600e5f749b0",
                  "isHook": false,
                  "skipped": false
                }
              ],
              "suites": [],
              "passes": [
                "4475e55b-4786-4c84-9063-d1cd6cafa258",
                "240637d9-7efe-41a0-bc14-40ecd3c8d4fb",
                "d54f0085-6ec8-4684-9bbb-6e0bba4f7826",
                "09ba9db1-f4d0-4eb1-84b0-3101485aaa9f",
                "87c5c199-bf78-46fc-9203-6bb928d9566f",
                "667a9740-a7cc-4516-b721-91535ea19b73",
                "0700f395-f550-42ec-a327-9c9c7286c9bc",
                "5e3a0b80-d6c6-41b6-ac4b-5e902807a909",
                "e436736c-578f-4d6a-aaa3-5309d32615af"
              ],
              "failures": [],
              "pending": [],
              "skipped": [],
              "duration": 7966,
              "root": false,
              "rootEmpty": false,
              "_timeout": 2000
            },
            {
              "uuid": "abab8ff8-2f46-49f1-967b-e02c4b70bab3",
              "title": "Edge Cases & Security",
              "fullFile": "",
              "file": "",
              "beforeHooks": [],
              "afterHooks": [],
              "tests": [
                {
                  "title": "Nên xử lý special characters trong username",
                  "fullTitle": "Login E2E Tests Edge Cases & Security Nên xử lý special characters trong username",
                  "timedOut": null,
                  "duration": 830,
                  "state": "passed",
                  "speed": "fast",
                  "pass": true,
                  "fail": false,
                  "pending": false,
                  "context": null,
                  "code": "loginPage.login(\"test@user\", \"Test123\");\n// Tùy vào logic backend có accept hay không",
                  "err": {},
                  "uuid": "da21b24f-e300-4f84-9a81-918f6d4d056b",
                  "parentUUID": "abab8ff8-2f46-49f1-967b-e02c4b70bab3",
                  "isHook": false,
                  "skipped": false
                },
                {
                  "title": "Nên xử lý spaces trong inputs",
                  "fullTitle": "Login E2E Tests Edge Cases & Security Nên xử lý spaces trong inputs",
                  "timedOut": null,
                  "duration": 916,
                  "state": "passed",
                  "speed": "fast",
                  "pass": true,
                  "fail": false,
                  "pending": false,
                  "context": null,
                  "code": "loginPage.login(\"  testuser  \", \"  Test123  \");\n// Kiểm tra trim logic",
                  "err": {},
                  "uuid": "770fd1a9-38b4-4956-9279-56a63c2d2e2c",
                  "parentUUID": "abab8ff8-2f46-49f1-967b-e02c4b70bab3",
                  "isHook": false,
                  "skipped": false
                },
                {
                  "title": "Nên prevent multiple submissions",
                  "fullTitle": "Login E2E Tests Edge Cases & Security Nên prevent multiple submissions",
                  "timedOut": null,
                  "duration": 2360,
                  "state": "passed",
                  "speed": "fast",
                  "pass": true,
                  "fail": false,
                  "pending": false,
                  "context": null,
                  "code": "loginPage.typeUsername(\"testuser\");\nloginPage.typePassword(\"Test123\");\n// Click nhiều lần nhanh\ncy.get(loginPage.selectors.loginButton).click();\ncy.get(loginPage.selectors.loginButton).click();\ncy.get(loginPage.selectors.loginButton).click();\n// Vẫn chỉ login 1 lần\ncy.url().should(\"include\", \"/product\", {\n  timeout: 3000\n});",
                  "err": {},
                  "uuid": "4b6a7e93-19ce-4156-973d-6984e3de507e",
                  "parentUUID": "abab8ff8-2f46-49f1-967b-e02c4b70bab3",
                  "isHook": false,
                  "skipped": false
                },
                {
                  "title": "Nên clear old error messages khi submit lại",
                  "fullTitle": "Login E2E Tests Edge Cases & Security Nên clear old error messages khi submit lại",
                  "timedOut": null,
                  "duration": 504,
                  "state": "passed",
                  "speed": "fast",
                  "pass": true,
                  "fail": false,
                  "pending": false,
                  "context": null,
                  "code": "// Submit 1: Tạo lỗi\nloginPage.clickLoginButton();\nloginPage.checkUsernameError(\"Tên đăng nhập không được để trống\");\n// Submit 2: Lỗi khác\nloginPage.typeUsername(\"ab\");\nloginPage.clickLoginButton();\nloginPage.checkUsernameError(\"Tên đăng nhập phải có ít nhất 3 ký tự\");",
                  "err": {},
                  "uuid": "5ce5d7a5-3c4e-4e6f-9550-42bb774db3d4",
                  "parentUUID": "abab8ff8-2f46-49f1-967b-e02c4b70bab3",
                  "isHook": false,
                  "skipped": false
                }
              ],
              "suites": [],
              "passes": [
                "da21b24f-e300-4f84-9a81-918f6d4d056b",
                "770fd1a9-38b4-4956-9279-56a63c2d2e2c",
                "4b6a7e93-19ce-4156-973d-6984e3de507e",
                "5ce5d7a5-3c4e-4e6f-9550-42bb774db3d4"
              ],
              "failures": [],
              "pending": [],
              "skipped": [],
              "duration": 4610,
              "root": false,
              "rootEmpty": false,
              "_timeout": 2000
            }
          ],
          "passes": [],
          "failures": [],
          "pending": [],
          "skipped": [],
          "duration": 0,
          "root": false,
          "rootEmpty": false,
          "_timeout": 2000
        }
      ],
      "passes": [],
      "failures": [],
      "pending": [],
      "skipped": [],
      "duration": 0,
      "root": true,
      "rootEmpty": true,
      "_timeout": 2000
    }
  ],
  "meta": {
    "mocha": {
      "version": "7.2.0"
    },
    "mochawesome": {
      "options": {
        "quiet": false,
        "reportFilename": "mochawesome",
        "saveHtml": true,
        "saveJson": true,
        "consoleReporter": "spec",
        "useInlineDiffs": false,
        "code": true
      },
      "version": "7.1.4"
    },
    "marge": {
      "options": {
        "reportDir": "cypress/reports",
        "overwrite": false,
        "html": true,
        "json": true,
        "charts": true,
        "reportPageTitle": "Login E2E Test Report",
        "embeddedScreenshots": true,
        "inlineAssets": true
      },
      "version": "6.3.2"
    }
  }
}