{
  "stats": {
    "suites": 7,
    "tests": 31,
    "passes": 31,
    "pending": 0,
    "failures": 0,
    "start": "2025-11-30T11:57:13.407Z",
    "end": "2025-11-30T11:59:31.413Z",
    "duration": 138006,
    "testsRegistered": 31,
    "passPercent": 100,
    "pendingPercent": 0,
    "other": 0,
    "hasOther": false,
    "skipped": 0,
    "hasSkipped": false
  },
  "results": [
    {
      "uuid": "01513736-82c0-4f35-9fd9-bbd9c5894fb0",
      "title": "",
      "fullFile": "cypress\\e2e\\product.cy.js",
      "file": "cypress\\e2e\\product.cy.js",
      "beforeHooks": [],
      "afterHooks": [],
      "tests": [],
      "suites": [
        {
          "uuid": "12ed6de0-e0db-4729-b6af-4c8425871452",
          "title": "Product E2E Tests",
          "fullFile": "",
          "file": "",
          "beforeHooks": [],
          "afterHooks": [],
          "tests": [],
          "suites": [
            {
              "uuid": "1c2cf396-82f8-45c5-8956-595604613f03",
              "title": "a) Create Product Flow",
              "fullFile": "",
              "file": "",
              "beforeHooks": [],
              "afterHooks": [],
              "tests": [
                {
                  "title": "Nên tạo sản phẩm mới thành công với đầy đủ thông tin",
                  "fullTitle": "Product E2E Tests a) Create Product Flow Nên tạo sản phẩm mới thành công với đầy đủ thông tin",
                  "timedOut": null,
                  "duration": 8610,
                  "state": "passed",
                  "speed": "medium",
                  "pass": true,
                  "fail": false,
                  "pending": false,
                  "context": null,
                  "code": "const newProduct = {\n  name: 'Laptop Dell',\n  price: '15000000',\n  quantity: '10',\n  description: 'Laptop Dell XPS 13 inch',\n  categoryId: '1'\n};\nproductPage.clickAddNew();\nproductPage.shouldShowForm();\nproductPage.shouldHaveFormTitle('Tạo Sản Phẩm Mới');\nproductPage.fillProductForm(newProduct);\nproductPage.clickSave();\ncy.wait(2000); // Đợi API response và toast hiển thị\ncy.get('.toast-message').should('contain', 'thành công');\nproductPage.shouldNotShowForm();\nproductPage.shouldContainProductName('Laptop Dell');",
                  "err": {},
                  "uuid": "da614cf4-05f2-48b0-8a8e-15e5ad7df39c",
                  "parentUUID": "1c2cf396-82f8-45c5-8956-595604613f03",
                  "isHook": false,
                  "skipped": false
                },
                {
                  "title": "Nên hiển thị form tạo mới khi click \"Thêm Mới\"",
                  "fullTitle": "Product E2E Tests a) Create Product Flow Nên hiển thị form tạo mới khi click \"Thêm Mới\"",
                  "timedOut": null,
                  "duration": 3566,
                  "state": "passed",
                  "speed": "fast",
                  "pass": true,
                  "fail": false,
                  "pending": false,
                  "context": null,
                  "code": "productPage.clickAddNew();\nproductPage.shouldShowForm();\nproductPage.shouldHaveFormTitle('Tạo Sản Phẩm Mới');",
                  "err": {},
                  "uuid": "cb513527-babd-4cdf-aa31-bcc1391b6b9a",
                  "parentUUID": "1c2cf396-82f8-45c5-8956-595604613f03",
                  "isHook": false,
                  "skipped": false
                },
                {
                  "title": "Nên đóng form khi click \"Hủy bỏ\"",
                  "fullTitle": "Product E2E Tests a) Create Product Flow Nên đóng form khi click \"Hủy bỏ\"",
                  "timedOut": null,
                  "duration": 3765,
                  "state": "passed",
                  "speed": "fast",
                  "pass": true,
                  "fail": false,
                  "pending": false,
                  "context": null,
                  "code": "productPage.clickAddNew();\nproductPage.shouldShowForm();\nproductPage.clickCancel();\nproductPage.shouldNotShowForm();",
                  "err": {},
                  "uuid": "37653e40-25fd-4a58-a061-406ea45b3785",
                  "parentUUID": "1c2cf396-82f8-45c5-8956-595604613f03",
                  "isHook": false,
                  "skipped": false
                },
                {
                  "title": "Nên validate tên sản phẩm không được để trống",
                  "fullTitle": "Product E2E Tests a) Create Product Flow Nên validate tên sản phẩm không được để trống",
                  "timedOut": null,
                  "duration": 4530,
                  "state": "passed",
                  "speed": "fast",
                  "pass": true,
                  "fail": false,
                  "pending": false,
                  "context": null,
                  "code": "productPage.clickAddNew();\nproductPage.fillProductForm({\n  name: '',\n  price: '10000',\n  quantity: '5',\n  categoryId: '1'\n});\nproductPage.clickSave();\nproductPage.shouldShowFormError('name', 'không được để trống');",
                  "err": {},
                  "uuid": "6e3877c9-4d2a-4fe0-8c57-61a8515f219c",
                  "parentUUID": "1c2cf396-82f8-45c5-8956-595604613f03",
                  "isHook": false,
                  "skipped": false
                },
                {
                  "title": "Nên validate giá sản phẩm phải lớn hơn 0",
                  "fullTitle": "Product E2E Tests a) Create Product Flow Nên validate giá sản phẩm phải lớn hơn 0",
                  "timedOut": null,
                  "duration": 4808,
                  "state": "passed",
                  "speed": "fast",
                  "pass": true,
                  "fail": false,
                  "pending": false,
                  "context": null,
                  "code": "productPage.clickAddNew();\nproductPage.fillProductForm({\n  name: 'Test Product',\n  price: '0',\n  quantity: '5',\n  categoryId: '1'\n});\nproductPage.clickSave();\nproductPage.shouldShowFormError('price', 'phải lớn hơn 0');",
                  "err": {},
                  "uuid": "35c1fe6d-c226-446d-9ab4-427816732b7f",
                  "parentUUID": "1c2cf396-82f8-45c5-8956-595604613f03",
                  "isHook": false,
                  "skipped": false
                },
                {
                  "title": "Nên validate số lượng phải lớn hơn hoặc bằng 0",
                  "fullTitle": "Product E2E Tests a) Create Product Flow Nên validate số lượng phải lớn hơn hoặc bằng 0",
                  "timedOut": null,
                  "duration": 4893,
                  "state": "passed",
                  "speed": "fast",
                  "pass": true,
                  "fail": false,
                  "pending": false,
                  "context": null,
                  "code": "productPage.clickAddNew();\nproductPage.fillProductForm({\n  name: 'Test Product',\n  price: '10000',\n  quantity: '-1',\n  categoryId: '1'\n});\nproductPage.clickSave();\nproductPage.shouldShowFormError('quantity', 'không được nhỏ hơn 0');",
                  "err": {},
                  "uuid": "4a970bd2-dead-4a15-b9b6-ea54f2425581",
                  "parentUUID": "1c2cf396-82f8-45c5-8956-595604613f03",
                  "isHook": false,
                  "skipped": false
                }
              ],
              "suites": [],
              "passes": [
                "da614cf4-05f2-48b0-8a8e-15e5ad7df39c",
                "cb513527-babd-4cdf-aa31-bcc1391b6b9a",
                "37653e40-25fd-4a58-a061-406ea45b3785",
                "6e3877c9-4d2a-4fe0-8c57-61a8515f219c",
                "35c1fe6d-c226-446d-9ab4-427816732b7f",
                "4a970bd2-dead-4a15-b9b6-ea54f2425581"
              ],
              "failures": [],
              "pending": [],
              "skipped": [],
              "duration": 30172,
              "root": false,
              "rootEmpty": false,
              "_timeout": 2000
            },
            {
              "uuid": "e4b502e5-a721-4d9a-a760-fd3890ebd5f9",
              "title": "b) Read/List Products Flow",
              "fullFile": "",
              "file": "",
              "beforeHooks": [],
              "afterHooks": [],
              "tests": [
                {
                  "title": "Nên hiển thị danh sách sản phẩm khi vào trang",
                  "fullTitle": "Product E2E Tests b) Read/List Products Flow Nên hiển thị danh sách sản phẩm khi vào trang",
                  "timedOut": null,
                  "duration": 3474,
                  "state": "passed",
                  "speed": "fast",
                  "pass": true,
                  "fail": false,
                  "pending": false,
                  "context": null,
                  "code": "productPage.shouldHaveTitle('Quản Lý Sản Phẩm');\nproductPage.shouldHaveSearchInput();\nproductPage.shouldHaveAddButton();\nproductPage.shouldHaveFilterSection();\nproductPage.waitForProducts();\nproductPage.shouldHaveMinimumProducts(1);",
                  "err": {},
                  "uuid": "045f5a82-f8d0-417e-a3d7-f5628fae9198",
                  "parentUUID": "e4b502e5-a721-4d9a-a760-fd3890ebd5f9",
                  "isHook": false,
                  "skipped": false
                },
                {
                  "title": "Nên xem chi tiết sản phẩm khi click \"Xem Chi Tiết\"",
                  "fullTitle": "Product E2E Tests b) Read/List Products Flow Nên xem chi tiết sản phẩm khi click \"Xem Chi Tiết\"",
                  "timedOut": null,
                  "duration": 3489,
                  "state": "passed",
                  "speed": "fast",
                  "pass": true,
                  "fail": false,
                  "pending": false,
                  "context": null,
                  "code": "// Lấy tên sản phẩm đầu tiên\nproductPage.getProductNameByIndex(0).then(productName => {\n  productPage.clickViewDetail(0);\n  productPage.shouldShowDetailModal();\n  productPage.shouldShowDetailName(productName);\n});",
                  "err": {},
                  "uuid": "2a5dab9c-f8c5-465e-bef8-96222f024ced",
                  "parentUUID": "e4b502e5-a721-4d9a-a760-fd3890ebd5f9",
                  "isHook": false,
                  "skipped": false
                },
                {
                  "title": "Nên đóng modal chi tiết khi click nút đóng",
                  "fullTitle": "Product E2E Tests b) Read/List Products Flow Nên đóng modal chi tiết khi click nút đóng",
                  "timedOut": null,
                  "duration": 3950,
                  "state": "passed",
                  "speed": "fast",
                  "pass": true,
                  "fail": false,
                  "pending": false,
                  "context": null,
                  "code": "productPage.clickViewDetail(0);\nproductPage.shouldShowDetailModal();\nproductPage.closeDetailModal();\nproductPage.shouldNotShowDetailModal();",
                  "err": {},
                  "uuid": "1378fa7e-a7c7-478a-8775-8bf53fdcdb90",
                  "parentUUID": "e4b502e5-a721-4d9a-a760-fd3890ebd5f9",
                  "isHook": false,
                  "skipped": false
                },
                {
                  "title": "Nên hiển thị đầy đủ thông tin trong modal chi tiết",
                  "fullTitle": "Product E2E Tests b) Read/List Products Flow Nên hiển thị đầy đủ thông tin trong modal chi tiết",
                  "timedOut": null,
                  "duration": 3548,
                  "state": "passed",
                  "speed": "fast",
                  "pass": true,
                  "fail": false,
                  "pending": false,
                  "context": null,
                  "code": "productPage.clickViewDetail(0);\nproductPage.shouldShowDetailModal();\n// Verify các elements hiển thị\ncy.get('.detail-name').should('be.visible');\ncy.get('.detail-price').should('be.visible');\ncy.get('.detail-category').should('be.visible');\ncy.get('.detail-row:contains(\"Tồn kho\")').should('be.visible');\ncy.get('.detail-description-content').should('be.visible');",
                  "err": {},
                  "uuid": "8e3aed09-c38b-456f-9128-061b10d0b183",
                  "parentUUID": "e4b502e5-a721-4d9a-a760-fd3890ebd5f9",
                  "isHook": false,
                  "skipped": false
                },
                {
                  "title": "Nên phân trang đúng khi có nhiều sản phẩm",
                  "fullTitle": "Product E2E Tests b) Read/List Products Flow Nên phân trang đúng khi có nhiều sản phẩm",
                  "timedOut": null,
                  "duration": 4191,
                  "state": "passed",
                  "speed": "fast",
                  "pass": true,
                  "fail": false,
                  "pending": false,
                  "context": null,
                  "code": "// Kiểm tra xem có pagination không\ncy.get('body').then($body => {\n  if ($body.find('.pagination').length > 0) {\n    productPage.shouldHavePagination();\n    productPage.shouldBeOnPage(1);\n    // Click next page\n    cy.get('.page-btn:last').then($btn => {\n      if (!$btn.prop('disabled')) {\n        productPage.clickNextPage();\n        cy.wait(500);\n        productPage.shouldBeOnPage(2);\n      }\n    });\n  }\n});",
                  "err": {},
                  "uuid": "622269aa-93f1-42ea-9756-12038bd085d5",
                  "parentUUID": "e4b502e5-a721-4d9a-a760-fd3890ebd5f9",
                  "isHook": false,
                  "skipped": false
                }
              ],
              "suites": [],
              "passes": [
                "045f5a82-f8d0-417e-a3d7-f5628fae9198",
                "2a5dab9c-f8c5-465e-bef8-96222f024ced",
                "1378fa7e-a7c7-478a-8775-8bf53fdcdb90",
                "8e3aed09-c38b-456f-9128-061b10d0b183",
                "622269aa-93f1-42ea-9756-12038bd085d5"
              ],
              "failures": [],
              "pending": [],
              "skipped": [],
              "duration": 18652,
              "root": false,
              "rootEmpty": false,
              "_timeout": 2000
            },
            {
              "uuid": "ec6a5fa3-d088-4dbb-8f96-0b995058f2b4",
              "title": "c) Update Product Flow",
              "fullFile": "",
              "file": "",
              "beforeHooks": [],
              "afterHooks": [],
              "tests": [
                {
                  "title": "Nên cập nhật sản phẩm thành công",
                  "fullTitle": "Product E2E Tests c) Update Product Flow Nên cập nhật sản phẩm thành công",
                  "timedOut": null,
                  "duration": 5323,
                  "state": "passed",
                  "speed": "medium",
                  "pass": true,
                  "fail": false,
                  "pending": false,
                  "context": null,
                  "code": "// Click vào sản phẩm đầu tiên để xem chi tiết\nproductPage.clickViewDetail(0);\nproductPage.shouldShowDetailModal();\n// Click edit từ modal\nproductPage.clickDetailEdit();\nproductPage.shouldShowForm();\nproductPage.shouldHaveFormTitle('Chỉnh Sửa Sản Phẩm');\n// Update thông tin\ncy.get('[name=\"price\"]').clear().type('18000000');\nproductPage.clickSave();\ncy.wait(1000);\nproductPage.shouldShowSuccessMessage('Cập nhật thành công');\nproductPage.shouldNotShowForm();",
                  "err": {},
                  "uuid": "e3e18194-b1f6-4e69-aa1e-57ed3c002c10",
                  "parentUUID": "ec6a5fa3-d088-4dbb-8f96-0b995058f2b4",
                  "isHook": false,
                  "skipped": false
                },
                {
                  "title": "Nên mở form edit với dữ liệu hiện tại của sản phẩm",
                  "fullTitle": "Product E2E Tests c) Update Product Flow Nên mở form edit với dữ liệu hiện tại của sản phẩm",
                  "timedOut": null,
                  "duration": 3872,
                  "state": "passed",
                  "speed": "fast",
                  "pass": true,
                  "fail": false,
                  "pending": false,
                  "context": null,
                  "code": "productPage.getProductNameByIndex(0).then(productName => {\n  productPage.clickViewDetail(0);\n  productPage.clickDetailEdit();\n  productPage.shouldShowForm();\n  productPage.shouldHaveFormTitle('Chỉnh Sửa Sản Phẩm');\n  productPage.shouldHaveFormValue('name', productName);\n});",
                  "err": {},
                  "uuid": "383ceaeb-d255-4965-8bde-74191b5224ae",
                  "parentUUID": "ec6a5fa3-d088-4dbb-8f96-0b995058f2b4",
                  "isHook": false,
                  "skipped": false
                },
                {
                  "title": "Nên validate khi update với dữ liệu không hợp lệ",
                  "fullTitle": "Product E2E Tests c) Update Product Flow Nên validate khi update với dữ liệu không hợp lệ",
                  "timedOut": null,
                  "duration": 3973,
                  "state": "passed",
                  "speed": "fast",
                  "pass": true,
                  "fail": false,
                  "pending": false,
                  "context": null,
                  "code": "productPage.clickViewDetail(0);\nproductPage.clickDetailEdit();\n// Xóa tên sản phẩm (invalid)\ncy.get('[name=\"name\"]').clear();\nproductPage.clickSave();\nproductPage.shouldShowFormError('name', 'không được để trống');\nproductPage.shouldShowForm(); // Form vẫn mở",
                  "err": {},
                  "uuid": "620e5bc2-fc6d-4552-b006-a7e122d74048",
                  "parentUUID": "ec6a5fa3-d088-4dbb-8f96-0b995058f2b4",
                  "isHook": false,
                  "skipped": false
                },
                {
                  "title": "Nên hủy bỏ update khi click \"Hủy bỏ\"",
                  "fullTitle": "Product E2E Tests c) Update Product Flow Nên hủy bỏ update khi click \"Hủy bỏ\"",
                  "timedOut": null,
                  "duration": 4196,
                  "state": "passed",
                  "speed": "fast",
                  "pass": true,
                  "fail": false,
                  "pending": false,
                  "context": null,
                  "code": "productPage.clickViewDetail(0);\nproductPage.clickDetailEdit();\nproductPage.shouldShowForm();\n// Thay đổi dữ liệu nhưng không save\ncy.get('[name=\"price\"]').clear().type('99999999');\nproductPage.clickCancel();\nproductPage.shouldNotShowForm();",
                  "err": {},
                  "uuid": "6a3b344a-0198-4429-adf6-a8fea9502a85",
                  "parentUUID": "ec6a5fa3-d088-4dbb-8f96-0b995058f2b4",
                  "isHook": false,
                  "skipped": false
                }
              ],
              "suites": [],
              "passes": [
                "e3e18194-b1f6-4e69-aa1e-57ed3c002c10",
                "383ceaeb-d255-4965-8bde-74191b5224ae",
                "620e5bc2-fc6d-4552-b006-a7e122d74048",
                "6a3b344a-0198-4429-adf6-a8fea9502a85"
              ],
              "failures": [],
              "pending": [],
              "skipped": [],
              "duration": 17364,
              "root": false,
              "rootEmpty": false,
              "_timeout": 2000
            },
            {
              "uuid": "c913ef60-b6cf-47fd-b154-ac526a8603a2",
              "title": "d) Delete Product Flow",
              "fullFile": "",
              "file": "",
              "beforeHooks": [],
              "afterHooks": [],
              "tests": [
                {
                  "title": "Nên hiển thị modal xác nhận khi xóa sản phẩm",
                  "fullTitle": "Product E2E Tests d) Delete Product Flow Nên hiển thị modal xác nhận khi xóa sản phẩm",
                  "timedOut": null,
                  "duration": 3601,
                  "state": "passed",
                  "speed": "fast",
                  "pass": true,
                  "fail": false,
                  "pending": false,
                  "context": null,
                  "code": "productPage.getProductNameByIndex(0).then(productName => {\n  productPage.clickViewDetail(0);\n  productPage.clickDetailDelete();\n  productPage.shouldShowDeleteModal();\n  productPage.shouldShowDeleteConfirmation(productName);\n});",
                  "err": {},
                  "uuid": "b0c94c43-b173-40c3-b502-9789ba5b88dd",
                  "parentUUID": "c913ef60-b6cf-47fd-b154-ac526a8603a2",
                  "isHook": false,
                  "skipped": false
                },
                {
                  "title": "Nên hủy xóa khi click \"Hủy bỏ\" trong modal xác nhận",
                  "fullTitle": "Product E2E Tests d) Delete Product Flow Nên hủy xóa khi click \"Hủy bỏ\" trong modal xác nhận",
                  "timedOut": null,
                  "duration": 3811,
                  "state": "passed",
                  "speed": "fast",
                  "pass": true,
                  "fail": false,
                  "pending": false,
                  "context": null,
                  "code": "productPage.clickViewDetail(0);\nproductPage.clickDetailDelete();\nproductPage.shouldShowDeleteModal();\nproductPage.cancelDelete();\nproductPage.shouldNotShowDeleteModal();",
                  "err": {},
                  "uuid": "fe13532d-1251-49b2-b87c-7c09184feffb",
                  "parentUUID": "c913ef60-b6cf-47fd-b154-ac526a8603a2",
                  "isHook": false,
                  "skipped": false
                },
                {
                  "title": "Nên xóa sản phẩm thành công khi xác nhận",
                  "fullTitle": "Product E2E Tests d) Delete Product Flow Nên xóa sản phẩm thành công khi xác nhận",
                  "timedOut": null,
                  "duration": 5732,
                  "state": "passed",
                  "speed": "medium",
                  "pass": true,
                  "fail": false,
                  "pending": false,
                  "context": null,
                  "code": "// Đếm số sản phẩm trước khi xóa\nproductPage.getProductCount().then(initialCount => {\n  productPage.getProductNameByIndex(0).then(productName => {\n    productPage.clickViewDetail(0);\n    productPage.clickDetailDelete();\n    productPage.shouldShowDeleteModal();\n    productPage.confirmDelete();\n    cy.wait(2000);\n    cy.get('.toast-message').should('contain', 'xóa');\n    productPage.shouldNotShowDeleteModal();\n    // Verify sản phẩm đã bị xóa (có thể bằng hoặc nhỏ hơn do pagination)\n    cy.get('.product-card').should('have.length.at.most', initialCount);\n  });\n});",
                  "err": {},
                  "uuid": "9b6f5c8f-10e4-459f-be71-dea775b64064",
                  "parentUUID": "c913ef60-b6cf-47fd-b154-ac526a8603a2",
                  "isHook": false,
                  "skipped": false
                },
                {
                  "title": "Nên xóa đúng sản phẩm được chọn",
                  "fullTitle": "Product E2E Tests d) Delete Product Flow Nên xóa đúng sản phẩm được chọn",
                  "timedOut": null,
                  "duration": 4736,
                  "state": "passed",
                  "speed": "fast",
                  "pass": true,
                  "fail": false,
                  "pending": false,
                  "context": null,
                  "code": "productPage.getProductNameByIndex(0).then(productNameToDelete => {\n  productPage.clickViewDetail(0);\n  productPage.clickDetailDelete();\n  productPage.confirmDelete();\n  cy.wait(1000);\n  // Verify sản phẩm không còn trong danh sách\n  cy.get('.product-card').each($card => {\n    cy.wrap($card).find('.card-title').should('not.contain', productNameToDelete);\n  });\n});",
                  "err": {},
                  "uuid": "72e455ee-fea7-49a3-acc1-1f3f5c746253",
                  "parentUUID": "c913ef60-b6cf-47fd-b154-ac526a8603a2",
                  "isHook": false,
                  "skipped": false
                }
              ],
              "suites": [],
              "passes": [
                "b0c94c43-b173-40c3-b502-9789ba5b88dd",
                "fe13532d-1251-49b2-b87c-7c09184feffb",
                "9b6f5c8f-10e4-459f-be71-dea775b64064",
                "72e455ee-fea7-49a3-acc1-1f3f5c746253"
              ],
              "failures": [],
              "pending": [],
              "skipped": [],
              "duration": 17880,
              "root": false,
              "rootEmpty": false,
              "_timeout": 2000
            },
            {
              "uuid": "a740e2dc-ebbc-4180-8f07-c217f9219de7",
              "title": "e) Search and Filter Functionality",
              "fullFile": "",
              "file": "",
              "beforeHooks": [],
              "afterHooks": [],
              "tests": [
                {
                  "title": "Nên tìm kiếm sản phẩm theo tên",
                  "fullTitle": "Product E2E Tests e) Search and Filter Functionality Nên tìm kiếm sản phẩm theo tên",
                  "timedOut": null,
                  "duration": 4242,
                  "state": "passed",
                  "speed": "fast",
                  "pass": true,
                  "fail": false,
                  "pending": false,
                  "context": null,
                  "code": "productPage.getProductNameByIndex(0).then(productName => {\n  const searchTerm = productName.substring(0, 5);\n  productPage.typeSearch(searchTerm);\n  cy.wait(500);\n  // Verify kết quả tìm kiếm\n  cy.get('.product-card').each($card => {\n    cy.wrap($card).find('.card-title').invoke('text').should('match', new RegExp(searchTerm, 'i'));\n  });\n});",
                  "err": {},
                  "uuid": "dd8d095e-3fdb-4b82-9bdb-0ac8b3da436a",
                  "parentUUID": "a740e2dc-ebbc-4180-8f07-c217f9219de7",
                  "isHook": false,
                  "skipped": false
                },
                {
                  "title": "Nên hiển thị \"Không tìm thấy\" khi search không có kết quả",
                  "fullTitle": "Product E2E Tests e) Search and Filter Functionality Nên hiển thị \"Không tìm thấy\" khi search không có kết quả",
                  "timedOut": null,
                  "duration": 4555,
                  "state": "passed",
                  "speed": "fast",
                  "pass": true,
                  "fail": false,
                  "pending": false,
                  "context": null,
                  "code": "productPage.typeSearch('ProductNotExist123456789');\ncy.wait(500);\nproductPage.shouldShowNoResults();",
                  "err": {},
                  "uuid": "338dd8bf-b073-447d-b3a0-5484212dcd2c",
                  "parentUUID": "a740e2dc-ebbc-4180-8f07-c217f9219de7",
                  "isHook": false,
                  "skipped": false
                },
                {
                  "title": "Nên clear search và hiển thị lại tất cả sản phẩm",
                  "fullTitle": "Product E2E Tests e) Search and Filter Functionality Nên clear search và hiển thị lại tất cả sản phẩm",
                  "timedOut": null,
                  "duration": 4930,
                  "state": "passed",
                  "speed": "fast",
                  "pass": true,
                  "fail": false,
                  "pending": false,
                  "context": null,
                  "code": "// Search trước\nproductPage.typeSearch('test');\ncy.wait(500);\n// Clear search\nproductPage.clearSearch();\ncy.wait(500);\n// Verify hiển thị lại products\nproductPage.shouldHaveMinimumProducts(1);",
                  "err": {},
                  "uuid": "a9676d11-87ee-401c-a3a4-36a0a9685b79",
                  "parentUUID": "a740e2dc-ebbc-4180-8f07-c217f9219de7",
                  "isHook": false,
                  "skipped": false
                },
                {
                  "title": "Nên lọc sản phẩm theo danh mục",
                  "fullTitle": "Product E2E Tests e) Search and Filter Functionality Nên lọc sản phẩm theo danh mục",
                  "timedOut": null,
                  "duration": 4038,
                  "state": "passed",
                  "speed": "fast",
                  "pass": true,
                  "fail": false,
                  "pending": false,
                  "context": null,
                  "code": "// Click vào filter đầu tiên (không phải \"Tất cả\")\ncy.get('.filter-pill').eq(1).then($pill => {\n  const categoryName = $pill.text().trim();\n  cy.wrap($pill).click();\n  cy.wait(500);\n  productPage.shouldHaveActiveFilter(categoryName);\n  // Verify tất cả sản phẩm đều thuộc category này (nếu có sản phẩm)\n  cy.get('body').then($body => {\n    if ($body.find('.product-card').length > 0) {\n      cy.get('.product-card').each($card => {\n        cy.wrap($card).find('.card-category').should('contain', categoryName);\n      });\n    } else {\n      // Nếu không có sản phẩm trong category này thì pass\n      cy.log('No products in this category');\n    }\n  });\n});",
                  "err": {},
                  "uuid": "458e4f35-3c0a-408d-a6f1-4008c594115b",
                  "parentUUID": "a740e2dc-ebbc-4180-8f07-c217f9219de7",
                  "isHook": false,
                  "skipped": false
                },
                {
                  "title": "Nên reset filter về \"Tất cả\"",
                  "fullTitle": "Product E2E Tests e) Search and Filter Functionality Nên reset filter về \"Tất cả\"",
                  "timedOut": null,
                  "duration": 4610,
                  "state": "passed",
                  "speed": "fast",
                  "pass": true,
                  "fail": false,
                  "pending": false,
                  "context": null,
                  "code": "// Chọn một category cụ thể\ncy.get('.filter-pill').eq(1).click();\ncy.wait(500);\n// Click \"Tất cả\"\nproductPage.selectFilter('Tất cả');\ncy.wait(500);\nproductPage.shouldHaveActiveFilter('Tất cả');\nproductPage.shouldHaveMinimumProducts(1);",
                  "err": {},
                  "uuid": "20f2cbcf-ad1d-42cb-86cd-af81c237afa4",
                  "parentUUID": "a740e2dc-ebbc-4180-8f07-c217f9219de7",
                  "isHook": false,
                  "skipped": false
                },
                {
                  "title": "Nên kết hợp search và filter",
                  "fullTitle": "Product E2E Tests e) Search and Filter Functionality Nên kết hợp search và filter",
                  "timedOut": null,
                  "duration": 5478,
                  "state": "passed",
                  "speed": "medium",
                  "pass": true,
                  "fail": false,
                  "pending": false,
                  "context": null,
                  "code": "// Chọn category\ncy.get('.filter-pill').eq(1).then($pill => {\n  const categoryName = $pill.text().trim();\n  cy.wrap($pill).click();\n  cy.wait(500);\n  // Kiểm tra xem có sản phẩm trong category không\n  cy.get('body').then($body => {\n    if ($body.find('.product-card').length > 0) {\n      // Sau đó search\n      productPage.getProductNameByIndex(0).then(productName => {\n        const searchTerm = productName.substring(0, 3);\n        productPage.typeSearch(searchTerm);\n        cy.wait(500);\n        // Verify cả filter và search đều hoạt động\n        productPage.shouldHaveActiveFilter(categoryName);\n        cy.get('.search-input').should('have.value', searchTerm);\n      });\n    } else {\n      // Nếu category không có sản phẩm, chọn \"Tất cả\" và thử lại\n      productPage.selectFilter('Tất cả');\n      cy.wait(500);\n      productPage.getProductNameByIndex(0).then(productName => {\n        const searchTerm = productName.substring(0, 3);\n        productPage.typeSearch(searchTerm);\n        cy.wait(500);\n        cy.get('.search-input').should('have.value', searchTerm);\n      });\n    }\n  });\n});",
                  "err": {},
                  "uuid": "d3916b0b-30d7-4d22-847f-1c7e4346ee03",
                  "parentUUID": "a740e2dc-ebbc-4180-8f07-c217f9219de7",
                  "isHook": false,
                  "skipped": false
                },
                {
                  "title": "Nên reset về trang 1 khi search hoặc filter",
                  "fullTitle": "Product E2E Tests e) Search and Filter Functionality Nên reset về trang 1 khi search hoặc filter",
                  "timedOut": null,
                  "duration": 4934,
                  "state": "passed",
                  "speed": "fast",
                  "pass": true,
                  "fail": false,
                  "pending": false,
                  "context": null,
                  "code": "// Nếu có pagination, đi đến trang 2\ncy.get('body').then($body => {\n  if ($body.find('.pagination').length > 0) {\n    cy.get('.page-btn:last').then($btn => {\n      if (!$btn.prop('disabled')) {\n        productPage.clickNextPage();\n        cy.wait(500);\n        // Sau đó search -> nên reset về trang 1\n        productPage.typeSearch('test');\n        cy.wait(500);\n        // Verify về trang 1 (nếu còn có pagination sau khi search)\n        cy.get('body').then($body2 => {\n          if ($body2.find('.page-btn.active').length > 0) {\n            cy.get('.page-btn.active').should('contain', '1');\n          } else {\n            // Không còn pagination sau search -> pass\n            cy.log('No pagination after search');\n          }\n        });\n      } else {\n        cy.log('Only one page, cannot test pagination reset');\n      }\n    });\n  } else {\n    cy.log('No pagination found, skipping test');\n  }\n});",
                  "err": {},
                  "uuid": "5e143497-61dc-4bdf-8fed-fd4c8dc33fa7",
                  "parentUUID": "a740e2dc-ebbc-4180-8f07-c217f9219de7",
                  "isHook": false,
                  "skipped": false
                }
              ],
              "suites": [],
              "passes": [
                "dd8d095e-3fdb-4b82-9bdb-0ac8b3da436a",
                "338dd8bf-b073-447d-b3a0-5484212dcd2c",
                "a9676d11-87ee-401c-a3a4-36a0a9685b79",
                "458e4f35-3c0a-408d-a6f1-4008c594115b",
                "20f2cbcf-ad1d-42cb-86cd-af81c237afa4",
                "d3916b0b-30d7-4d22-847f-1c7e4346ee03",
                "5e143497-61dc-4bdf-8fed-fd4c8dc33fa7"
              ],
              "failures": [],
              "pending": [],
              "skipped": [],
              "duration": 32787,
              "root": false,
              "rootEmpty": false,
              "_timeout": 2000
            },
            {
              "uuid": "b4a81860-66d9-4296-b661-643f3210e40d",
              "title": "Additional E2E Scenarios",
              "fullFile": "",
              "file": "",
              "beforeHooks": [],
              "afterHooks": [],
              "tests": [
                {
                  "title": "Nên hiển thị placeholder image khi sản phẩm không có ảnh",
                  "fullTitle": "Product E2E Tests Additional E2E Scenarios Nên hiển thị placeholder image khi sản phẩm không có ảnh",
                  "timedOut": null,
                  "duration": 3401,
                  "state": "passed",
                  "speed": "fast",
                  "pass": true,
                  "fail": false,
                  "pending": false,
                  "context": null,
                  "code": "cy.get('.card-image').first().should('have.attr', 'src');",
                  "err": {},
                  "uuid": "a221207f-ac6d-49ca-9e94-1732cfb8aa15",
                  "parentUUID": "b4a81860-66d9-4296-b661-643f3210e40d",
                  "isHook": false,
                  "skipped": false
                },
                {
                  "title": "Nên format giá tiền đúng định dạng VND",
                  "fullTitle": "Product E2E Tests Additional E2E Scenarios Nên format giá tiền đúng định dạng VND",
                  "timedOut": null,
                  "duration": 3354,
                  "state": "passed",
                  "speed": "fast",
                  "pass": true,
                  "fail": false,
                  "pending": false,
                  "context": null,
                  "code": "cy.get('.card-price').first().invoke('text').should('match', /\\d{1,3}(,\\d{3})*\\s*đ/);",
                  "err": {},
                  "uuid": "0dea815e-7acc-4244-83ac-e20a85811187",
                  "parentUUID": "b4a81860-66d9-4296-b661-643f3210e40d",
                  "isHook": false,
                  "skipped": false
                },
                {
                  "title": "Nên có nút logout và hoạt động đúng",
                  "fullTitle": "Product E2E Tests Additional E2E Scenarios Nên có nút logout và hoạt động đúng",
                  "timedOut": null,
                  "duration": 3523,
                  "state": "passed",
                  "speed": "fast",
                  "pass": true,
                  "fail": false,
                  "pending": false,
                  "context": null,
                  "code": "productPage.shouldHaveLogoutButton();\nproductPage.clickLogout();\n// Verify redirect về login\ncy.url().should('include', '/login');",
                  "err": {},
                  "uuid": "cafb1da8-6b06-4997-8042-147115bd7d15",
                  "parentUUID": "b4a81860-66d9-4296-b661-643f3210e40d",
                  "isHook": false,
                  "skipped": false
                },
                {
                  "title": "Nên persist data sau khi reload trang",
                  "fullTitle": "Product E2E Tests Additional E2E Scenarios Nên persist data sau khi reload trang",
                  "timedOut": null,
                  "duration": 4668,
                  "state": "passed",
                  "speed": "fast",
                  "pass": true,
                  "fail": false,
                  "pending": false,
                  "context": null,
                  "code": "productPage.getProductCount().then(initialCount => {\n  cy.reload();\n  cy.wait(1000);\n  productPage.getProductCount().should('equal', initialCount);\n});",
                  "err": {},
                  "uuid": "9ef4901b-7590-4909-9876-211711553dea",
                  "parentUUID": "b4a81860-66d9-4296-b661-643f3210e40d",
                  "isHook": false,
                  "skipped": false
                },
                {
                  "title": "Nên hiển thị loading state khi tải dữ liệu",
                  "fullTitle": "Product E2E Tests Additional E2E Scenarios Nên hiển thị loading state khi tải dữ liệu",
                  "timedOut": null,
                  "duration": 3443,
                  "state": "passed",
                  "speed": "fast",
                  "pass": true,
                  "fail": false,
                  "pending": false,
                  "context": null,
                  "code": "cy.intercept('GET', '**/api/products**', req => {\n  req.reply(res => {\n    res.setDelay(1000); // Delay 1s để thấy loading\n  });\n}).as('getProducts');\ncy.reload();\n// Có thể check loading spinner hoặc message nếu có\ncy.get('body').should('be.visible');",
                  "err": {},
                  "uuid": "51c22c52-2ef7-44f4-be8d-37fb404d4477",
                  "parentUUID": "b4a81860-66d9-4296-b661-643f3210e40d",
                  "isHook": false,
                  "skipped": false
                }
              ],
              "suites": [],
              "passes": [
                "a221207f-ac6d-49ca-9e94-1732cfb8aa15",
                "0dea815e-7acc-4244-83ac-e20a85811187",
                "cafb1da8-6b06-4997-8042-147115bd7d15",
                "9ef4901b-7590-4909-9876-211711553dea",
                "51c22c52-2ef7-44f4-be8d-37fb404d4477"
              ],
              "failures": [],
              "pending": [],
              "skipped": [],
              "duration": 18389,
              "root": false,
              "rootEmpty": false,
              "_timeout": 2000
            }
          ],
          "passes": [],
          "failures": [],
          "pending": [],
          "skipped": [],
          "duration": 0,
          "root": false,
          "rootEmpty": false,
          "_timeout": 2000
        }
      ],
      "passes": [],
      "failures": [],
      "pending": [],
      "skipped": [],
      "duration": 0,
      "root": true,
      "rootEmpty": true,
      "_timeout": 2000
    }
  ],
  "meta": {
    "mocha": {
      "version": "7.2.0"
    },
    "mochawesome": {
      "options": {
        "quiet": false,
        "reportFilename": "mochawesome",
        "saveHtml": true,
        "saveJson": true,
        "consoleReporter": "spec",
        "useInlineDiffs": false,
        "code": true
      },
      "version": "7.1.4"
    },
    "marge": {
      "options": {
        "reportDir": "cypress/reports",
        "overwrite": false,
        "html": true,
        "json": true,
        "charts": true,
        "reportPageTitle": "Login E2E Test Report",
        "embeddedScreenshots": true,
        "inlineAssets": true
      },
      "version": "6.3.2"
    }
  }
}