{
  "stats": {
    "suites": 6,
    "tests": 27,
    "passes": 27,
    "pending": 0,
    "failures": 0,
    "start": "2025-11-30T11:28:42.982Z",
    "end": "2025-11-30T11:29:19.433Z",
    "duration": 36451,
    "testsRegistered": 27,
    "passPercent": 100,
    "pendingPercent": 0,
    "other": 0,
    "hasOther": false,
    "skipped": 0,
    "hasSkipped": false
  },
  "results": [
    {
      "uuid": "8a17f6bc-08a8-449a-b12d-be3f588da8a1",
      "title": "",
      "fullFile": "cypress\\e2e\\login.cy.js",
      "file": "cypress\\e2e\\login.cy.js",
      "beforeHooks": [],
      "afterHooks": [],
      "tests": [],
      "suites": [
        {
          "uuid": "db5b7eb9-6b23-45a2-9c7b-460ddc9401ae",
          "title": "Login E2E Tests",
          "fullFile": "",
          "file": "",
          "beforeHooks": [],
          "afterHooks": [],
          "tests": [],
          "suites": [
            {
              "uuid": "511a58ed-ff70-481c-873b-cd7ba1670c9a",
              "title": "Complete Login Flow",
              "fullFile": "",
              "file": "",
              "beforeHooks": [],
              "afterHooks": [],
              "tests": [
                {
                  "title": "Nên hiển thị tất cả các elements của form login",
                  "fullTitle": "Login E2E Tests Complete Login Flow Nên hiển thị tất cả các elements của form login",
                  "timedOut": null,
                  "duration": 629,
                  "state": "passed",
                  "speed": "fast",
                  "pass": true,
                  "fail": false,
                  "pending": false,
                  "context": null,
                  "code": "loginPage.checkElementsVisible();\n// Kiểm tra placeholder/labels\ncy.get(loginPage.selectors.usernameInput).should(\"have.attr\", \"type\", \"text\").and(\"have.attr\", \"id\", \"username\");\ncy.get(loginPage.selectors.passwordInput).should(\"have.attr\", \"type\", \"password\").and(\"have.attr\", \"id\", \"password\");\ncy.get(loginPage.selectors.loginButton).should(\"contain\", \"Đăng nhập\").and(\"have.attr\", \"type\", \"submit\");",
                  "err": {},
                  "uuid": "bdacf472-deca-4f28-b79c-67af449e6efb",
                  "parentUUID": "511a58ed-ff70-481c-873b-cd7ba1670c9a",
                  "isHook": false,
                  "skipped": false
                },
                {
                  "title": "Nên đăng nhập thành công với credentials hợp lệ",
                  "fullTitle": "Login E2E Tests Complete Login Flow Nên đăng nhập thành công với credentials hợp lệ",
                  "timedOut": null,
                  "duration": 3276,
                  "state": "passed",
                  "speed": "fast",
                  "pass": true,
                  "fail": false,
                  "pending": false,
                  "context": null,
                  "code": "// Nhập thông tin hợp lệ\nloginPage.login(\"testuser\", \"Test123\");\n// Đợi và kiểm tra chuyển hướng\ncy.wait(500);\ncy.url().should(\"include\", \"/product\", {\n  timeout: 3000\n});\n// Kiểm tra token được lưu\nloginPage.checkTokenSaved();",
                  "err": {},
                  "uuid": "92f5bfb7-bcb9-413d-93a5-19e275771f69",
                  "parentUUID": "511a58ed-ff70-481c-873b-cd7ba1670c9a",
                  "isHook": false,
                  "skipped": false
                },
                {
                  "title": "Nên thực hiện complete flow: nhập username → nhập password → submit → redirect",
                  "fullTitle": "Login E2E Tests Complete Login Flow Nên thực hiện complete flow: nhập username → nhập password → submit → redirect",
                  "timedOut": null,
                  "duration": 2493,
                  "state": "passed",
                  "speed": "fast",
                  "pass": true,
                  "fail": false,
                  "pending": false,
                  "context": null,
                  "code": "// Step 1: Nhập username\nloginPage.typeUsername(\"testuser\");\ncy.get(loginPage.selectors.usernameInput).should(\"have.value\", \"testuser\");\n// Step 2: Nhập password\nloginPage.typePassword(\"Test123\");\ncy.get(loginPage.selectors.passwordInput).should(\"have.value\", \"Test123\");\n// Step 3: Click submit\nloginPage.clickLoginButton();\n// Step 4: Đợi và kiểm tra redirect\ncy.url().should(\"include\", \"/product\", {\n  timeout: 3000\n});\n// Step 5: Kiểm tra token exists\ncy.window().its(\"localStorage.token\").should(\"exist\");",
                  "err": {},
                  "uuid": "c3f5d5b1-05bd-42a1-8c1b-0944cd59acf8",
                  "parentUUID": "511a58ed-ff70-481c-873b-cd7ba1670c9a",
                  "isHook": false,
                  "skipped": false
                }
              ],
              "suites": [],
              "passes": [
                "bdacf472-deca-4f28-b79c-67af449e6efb",
                "92f5bfb7-bcb9-413d-93a5-19e275771f69",
                "c3f5d5b1-05bd-42a1-8c1b-0944cd59acf8"
              ],
              "failures": [],
              "pending": [],
              "skipped": [],
              "duration": 6398,
              "root": false,
              "rootEmpty": false,
              "_timeout": 2000
            },
            {
              "uuid": "3cf74f83-98ec-48d2-acf3-d94354970220",
              "title": "Validation Messages",
              "fullFile": "",
              "file": "",
              "beforeHooks": [],
              "afterHooks": [],
              "tests": [
                {
                  "title": "Nên hiển thị lỗi khi username trống",
                  "fullTitle": "Login E2E Tests Validation Messages Nên hiển thị lỗi khi username trống",
                  "timedOut": null,
                  "duration": 522,
                  "state": "passed",
                  "speed": "fast",
                  "pass": true,
                  "fail": false,
                  "pending": false,
                  "context": null,
                  "code": "loginPage.typePassword(\"Test123\");\nloginPage.clickLoginButton();\nloginPage.checkUsernameError(\"Tên đăng nhập không được để trống\");\nloginPage.checkInvalidClass(\"username\");",
                  "err": {},
                  "uuid": "f1db5f3c-1f35-42ac-9452-6f110455c093",
                  "parentUUID": "3cf74f83-98ec-48d2-acf3-d94354970220",
                  "isHook": false,
                  "skipped": false
                },
                {
                  "title": "Nên hiển thị lỗi khi password trống",
                  "fullTitle": "Login E2E Tests Validation Messages Nên hiển thị lỗi khi password trống",
                  "timedOut": null,
                  "duration": 538,
                  "state": "passed",
                  "speed": "fast",
                  "pass": true,
                  "fail": false,
                  "pending": false,
                  "context": null,
                  "code": "loginPage.typeUsername(\"testuser\");\nloginPage.clickLoginButton();\nloginPage.checkPasswordError(\"Mật khẩu không được để trống\");\nloginPage.checkInvalidClass(\"password\");",
                  "err": {},
                  "uuid": "0cd0304d-598a-4be6-ba08-90c3bca73072",
                  "parentUUID": "3cf74f83-98ec-48d2-acf3-d94354970220",
                  "isHook": false,
                  "skipped": false
                },
                {
                  "title": "Nên hiển thị lỗi khi cả username và password trống",
                  "fullTitle": "Login E2E Tests Validation Messages Nên hiển thị lỗi khi cả username và password trống",
                  "timedOut": null,
                  "duration": 211,
                  "state": "passed",
                  "speed": "fast",
                  "pass": true,
                  "fail": false,
                  "pending": false,
                  "context": null,
                  "code": "loginPage.clickLoginButton();\nloginPage.checkUsernameError(\"Tên đăng nhập không được để trống\");\nloginPage.checkPasswordError(\"Mật khẩu không được để trống\");",
                  "err": {},
                  "uuid": "05d3655b-fdcc-48d1-ad05-7bc1d2161ed6",
                  "parentUUID": "3cf74f83-98ec-48d2-acf3-d94354970220",
                  "isHook": false,
                  "skipped": false
                },
                {
                  "title": "Nên hiển thị lỗi khi username quá ngắn",
                  "fullTitle": "Login E2E Tests Validation Messages Nên hiển thị lỗi khi username quá ngắn",
                  "timedOut": null,
                  "duration": 750,
                  "state": "passed",
                  "speed": "fast",
                  "pass": true,
                  "fail": false,
                  "pending": false,
                  "context": null,
                  "code": "loginPage.typeUsername(\"ab\");\nloginPage.typePassword(\"Test123\");\nloginPage.clickLoginButton();\nloginPage.checkUsernameError(\"Tên đăng nhập phải có ít nhất 3 ký tự\");",
                  "err": {},
                  "uuid": "f00270ac-3e3c-43d6-b1f9-26006d9e2781",
                  "parentUUID": "3cf74f83-98ec-48d2-acf3-d94354970220",
                  "isHook": false,
                  "skipped": false
                },
                {
                  "title": "Nên hiển thị lỗi khi password quá ngắn",
                  "fullTitle": "Login E2E Tests Validation Messages Nên hiển thị lỗi khi password quá ngắn",
                  "timedOut": null,
                  "duration": 819,
                  "state": "passed",
                  "speed": "fast",
                  "pass": true,
                  "fail": false,
                  "pending": false,
                  "context": null,
                  "code": "loginPage.typeUsername(\"testuser\");\nloginPage.typePassword(\"12345\");\nloginPage.clickLoginButton();\nloginPage.checkPasswordError(\"Mật khẩu phải có ít nhất 6 ký tự\");",
                  "err": {},
                  "uuid": "677de50b-065d-48f0-a8f5-b6f64f683ea1",
                  "parentUUID": "3cf74f83-98ec-48d2-acf3-d94354970220",
                  "isHook": false,
                  "skipped": false
                },
                {
                  "title": "Nên xóa error message khi người dùng sửa input hợp lệ",
                  "fullTitle": "Login E2E Tests Validation Messages Nên xóa error message khi người dùng sửa input hợp lệ",
                  "timedOut": null,
                  "duration": 919,
                  "state": "passed",
                  "speed": "fast",
                  "pass": true,
                  "fail": false,
                  "pending": false,
                  "context": null,
                  "code": "// Tạo lỗi trước\nloginPage.clickLoginButton();\nloginPage.checkUsernameError(\"Tên đăng nhập không được để trống\");\n// Nhập lại giá trị hợp lệ và submit\nloginPage.typeUsername(\"testuser\");\nloginPage.typePassword(\"Test123\");\nloginPage.clickLoginButton();\n// Không còn error\nloginPage.checkNoUsernameError();\nloginPage.checkNoPasswordError();",
                  "err": {},
                  "uuid": "bd77756a-159a-471f-90db-c3f3666f7ed8",
                  "parentUUID": "3cf74f83-98ec-48d2-acf3-d94354970220",
                  "isHook": false,
                  "skipped": false
                }
              ],
              "suites": [],
              "passes": [
                "f1db5f3c-1f35-42ac-9452-6f110455c093",
                "0cd0304d-598a-4be6-ba08-90c3bca73072",
                "05d3655b-fdcc-48d1-ad05-7bc1d2161ed6",
                "f00270ac-3e3c-43d6-b1f9-26006d9e2781",
                "677de50b-065d-48f0-a8f5-b6f64f683ea1",
                "bd77756a-159a-471f-90db-c3f3666f7ed8"
              ],
              "failures": [],
              "pending": [],
              "skipped": [],
              "duration": 3759,
              "root": false,
              "rootEmpty": false,
              "_timeout": 2000
            },
            {
              "uuid": "330c7d4f-7f80-47dd-a0e6-5ae1a64ad0f4",
              "title": "Success/Error Flows",
              "fullFile": "",
              "file": "",
              "beforeHooks": [],
              "afterHooks": [],
              "tests": [
                {
                  "title": "Nên hiển thị error message khi credentials không đúng",
                  "fullTitle": "Login E2E Tests Success/Error Flows Nên hiển thị error message khi credentials không đúng",
                  "timedOut": null,
                  "duration": 1965,
                  "state": "passed",
                  "speed": "fast",
                  "pass": true,
                  "fail": false,
                  "pending": false,
                  "context": null,
                  "code": "loginPage.login(\"wronguser\", \"Wrong123\");\n// Đợi response và kiểm tra thông báo lỗi\ncy.wait(1000);\ncy.get(\".toast-message\").should(\"be.visible\").and(\"contain\", \"không đúng\");\n// Không chuyển hướng\ncy.url().should(\"include\", \"/login\");\n// Không lưu token\ncy.window().then(window => {\n  const token = window.localStorage.getItem(\"token\");\n  expect(token).to.be.null;\n});",
                  "err": {},
                  "uuid": "60561129-939b-4db2-aa73-f44a6dea2c15",
                  "parentUUID": "330c7d4f-7f80-47dd-a0e6-5ae1a64ad0f4",
                  "isHook": false,
                  "skipped": false
                },
                {
                  "title": "Nên xử lý đúng khi username sai",
                  "fullTitle": "Login E2E Tests Success/Error Flows Nên xử lý đúng khi username sai",
                  "timedOut": null,
                  "duration": 2049,
                  "state": "passed",
                  "speed": "fast",
                  "pass": true,
                  "fail": false,
                  "pending": false,
                  "context": null,
                  "code": "loginPage.login(\"invaliduser\", \"Test123\");\ncy.wait(1000);\ncy.get(\".toast-message\").should(\"be.visible\").and(\"contain\", \"không đúng\");\ncy.url().should(\"include\", \"/login\");",
                  "err": {},
                  "uuid": "c8236cc0-519c-4a88-a3ad-fc717efde260",
                  "parentUUID": "330c7d4f-7f80-47dd-a0e6-5ae1a64ad0f4",
                  "isHook": false,
                  "skipped": false
                },
                {
                  "title": "Nên xử lý đúng khi password sai",
                  "fullTitle": "Login E2E Tests Success/Error Flows Nên xử lý đúng khi password sai",
                  "timedOut": null,
                  "duration": 1949,
                  "state": "passed",
                  "speed": "fast",
                  "pass": true,
                  "fail": false,
                  "pending": false,
                  "context": null,
                  "code": "loginPage.login(\"testuser\", \"Wrong123\");\ncy.wait(1000);\ncy.get(\".toast-message\").should(\"be.visible\").and(\"contain\", \"không đúng\");\ncy.url().should(\"include\", \"/login\");",
                  "err": {},
                  "uuid": "08b90ab1-053d-46e7-8dc3-62df74fc8615",
                  "parentUUID": "330c7d4f-7f80-47dd-a0e6-5ae1a64ad0f4",
                  "isHook": false,
                  "skipped": false
                },
                {
                  "title": "Nên cho phép thử lại sau khi đăng nhập thất bại",
                  "fullTitle": "Login E2E Tests Success/Error Flows Nên cho phép thử lại sau khi đăng nhập thất bại",
                  "timedOut": null,
                  "duration": 4674,
                  "state": "passed",
                  "speed": "fast",
                  "pass": true,
                  "fail": false,
                  "pending": false,
                  "context": null,
                  "code": "// Lần 1: Thất bại\nloginPage.login(\"testuser\", \"Wrong123\");\ncy.wait(1000);\ncy.get(\".toast-message\").should(\"be.visible\").and(\"contain\", \"không đúng\");\n// Clear form\nloginPage.clearForm();\n// Lần 2: Thành công\nloginPage.login(\"testuser\", \"Test123\");\ncy.wait(500);\ncy.url().should(\"include\", \"/product\", {\n  timeout: 3000\n});",
                  "err": {},
                  "uuid": "314327d1-7289-4af2-9188-d512e8e4f887",
                  "parentUUID": "330c7d4f-7f80-47dd-a0e6-5ae1a64ad0f4",
                  "isHook": false,
                  "skipped": false
                },
                {
                  "title": "Nên hiển thị loading state khi đang xử lý login",
                  "fullTitle": "Login E2E Tests Success/Error Flows Nên hiển thị loading state khi đang xử lý login",
                  "timedOut": null,
                  "duration": 845,
                  "state": "passed",
                  "speed": "fast",
                  "pass": true,
                  "fail": false,
                  "pending": false,
                  "context": null,
                  "code": "loginPage.login(\"testuser\", \"Test123\");\n// Button vẫn tồn tại trong quá trình xử lý\ncy.get(loginPage.selectors.loginButton).should(\"exist\");",
                  "err": {},
                  "uuid": "328ffc4f-8721-4978-8d9e-ca578d7baa92",
                  "parentUUID": "330c7d4f-7f80-47dd-a0e6-5ae1a64ad0f4",
                  "isHook": false,
                  "skipped": false
                }
              ],
              "suites": [],
              "passes": [
                "60561129-939b-4db2-aa73-f44a6dea2c15",
                "c8236cc0-519c-4a88-a3ad-fc717efde260",
                "08b90ab1-053d-46e7-8dc3-62df74fc8615",
                "314327d1-7289-4af2-9188-d512e8e4f887",
                "328ffc4f-8721-4978-8d9e-ca578d7baa92"
              ],
              "failures": [],
              "pending": [],
              "skipped": [],
              "duration": 11482,
              "root": false,
              "rootEmpty": false,
              "_timeout": 2000
            },
            {
              "uuid": "d79f128e-2aef-4a85-a500-78e298356d95",
              "title": "UI Elements Interactions",
              "fullFile": "",
              "file": "",
              "beforeHooks": [],
              "afterHooks": [],
              "tests": [
                {
                  "title": "Nên focus vào username input khi page load",
                  "fullTitle": "Login E2E Tests UI Elements Interactions Nên focus vào username input khi page load",
                  "timedOut": null,
                  "duration": 197,
                  "state": "passed",
                  "speed": "fast",
                  "pass": true,
                  "fail": false,
                  "pending": false,
                  "context": null,
                  "code": "// Click vào input để test focus behavior\ncy.get(loginPage.selectors.usernameInput).click().should(\"be.focused\");",
                  "err": {},
                  "uuid": "6362f6d0-7621-4edd-956c-66b9566db887",
                  "parentUUID": "d79f128e-2aef-4a85-a500-78e298356d95",
                  "isHook": false,
                  "skipped": false
                },
                {
                  "title": "Nên chuyển focus từ username sang password",
                  "fullTitle": "Login E2E Tests UI Elements Interactions Nên chuyển focus từ username sang password",
                  "timedOut": null,
                  "duration": 157,
                  "state": "passed",
                  "speed": "fast",
                  "pass": true,
                  "fail": false,
                  "pending": false,
                  "context": null,
                  "code": "// Test focus capability - manually moving focus between fields\ncy.get(loginPage.selectors.usernameInput).focus().should(\"be.focused\");\ncy.get(loginPage.selectors.passwordInput).focus().should(\"be.focused\");\n// Note: Actual Tab key simulation requires cypress-real-events plugin",
                  "err": {},
                  "uuid": "a30c9339-7b0f-4bf9-97c6-4f6dba5453d7",
                  "parentUUID": "d79f128e-2aef-4a85-a500-78e298356d95",
                  "isHook": false,
                  "skipped": false
                },
                {
                  "title": "Nên submit form khi nhấn Enter ở username field",
                  "fullTitle": "Login E2E Tests UI Elements Interactions Nên submit form khi nhấn Enter ở username field",
                  "timedOut": null,
                  "duration": 551,
                  "state": "passed",
                  "speed": "fast",
                  "pass": true,
                  "fail": false,
                  "pending": false,
                  "context": null,
                  "code": "loginPage.typeUsername(\"testuser\");\ncy.get(loginPage.selectors.usernameInput).type(\"{enter}\");\n// Nên có validation error vì password trống\nloginPage.checkPasswordError(\"Mật khẩu không được để trống\");",
                  "err": {},
                  "uuid": "7804df2f-9546-443d-be5d-c1929053d04d",
                  "parentUUID": "d79f128e-2aef-4a85-a500-78e298356d95",
                  "isHook": false,
                  "skipped": false
                },
                {
                  "title": "Nên submit form khi nhấn Enter ở password field",
                  "fullTitle": "Login E2E Tests UI Elements Interactions Nên submit form khi nhấn Enter ở password field",
                  "timedOut": null,
                  "duration": 2391,
                  "state": "passed",
                  "speed": "fast",
                  "pass": true,
                  "fail": false,
                  "pending": false,
                  "context": null,
                  "code": "loginPage.typeUsername(\"testuser\");\nloginPage.typePassword(\"Test123\");\ncy.get(loginPage.selectors.passwordInput).type(\"{enter}\");\n// Nên login thành công và redirect\ncy.wait(500);\ncy.url().should(\"include\", \"/product\", {\n  timeout: 3000\n});",
                  "err": {},
                  "uuid": "9d915352-3816-47dd-9073-3bbdec85cb1e",
                  "parentUUID": "d79f128e-2aef-4a85-a500-78e298356d95",
                  "isHook": false,
                  "skipped": false
                },
                {
                  "title": "Nên mask password input",
                  "fullTitle": "Login E2E Tests UI Elements Interactions Nên mask password input",
                  "timedOut": null,
                  "duration": 435,
                  "state": "passed",
                  "speed": "fast",
                  "pass": true,
                  "fail": false,
                  "pending": false,
                  "context": null,
                  "code": "cy.get(loginPage.selectors.passwordInput).should(\"have.attr\", \"type\", \"password\");\nloginPage.typePassword(\"Test123\");\ncy.get(loginPage.selectors.passwordInput).should(\"have.value\", \"Test123\").and(\"have.attr\", \"type\", \"password\");",
                  "err": {},
                  "uuid": "1218b15c-989f-467f-81f0-b8b3d5939222",
                  "parentUUID": "d79f128e-2aef-4a85-a500-78e298356d95",
                  "isHook": false,
                  "skipped": false
                },
                {
                  "title": "Nên có thể clear và re-type inputs",
                  "fullTitle": "Login E2E Tests UI Elements Interactions Nên có thể clear và re-type inputs",
                  "timedOut": null,
                  "duration": 1554,
                  "state": "passed",
                  "speed": "fast",
                  "pass": true,
                  "fail": false,
                  "pending": false,
                  "context": null,
                  "code": "// Type lần 1\nloginPage.typeUsername(\"user1\");\nloginPage.typePassword(\"pass1\");\n// Clear và type lại\nloginPage.clearForm();\ncy.get(loginPage.selectors.usernameInput).should(\"have.value\", \"\");\ncy.get(loginPage.selectors.passwordInput).should(\"have.value\", \"\");\n// Type lần 2\nloginPage.typeUsername(\"user2\");\nloginPage.typePassword(\"pass2\");\ncy.get(loginPage.selectors.usernameInput).should(\"have.value\", \"user2\");\ncy.get(loginPage.selectors.passwordInput).should(\"have.value\", \"pass2\");",
                  "err": {},
                  "uuid": "38283cb5-4cee-4ace-a1f0-7f8b49e81c5c",
                  "parentUUID": "d79f128e-2aef-4a85-a500-78e298356d95",
                  "isHook": false,
                  "skipped": false
                },
                {
                  "title": "Nên thêm class 'invalid' cho fields có lỗi",
                  "fullTitle": "Login E2E Tests UI Elements Interactions Nên thêm class 'invalid' cho fields có lỗi",
                  "timedOut": null,
                  "duration": 204,
                  "state": "passed",
                  "speed": "fast",
                  "pass": true,
                  "fail": false,
                  "pending": false,
                  "context": null,
                  "code": "loginPage.clickLoginButton();\ncy.get(loginPage.selectors.usernameInput).should(\"have.class\", \"invalid\");\ncy.get(loginPage.selectors.passwordInput).should(\"have.class\", \"invalid\");",
                  "err": {},
                  "uuid": "b3ae1b2f-99cb-4f92-9493-649095794e1a",
                  "parentUUID": "d79f128e-2aef-4a85-a500-78e298356d95",
                  "isHook": false,
                  "skipped": false
                },
                {
                  "title": "Nên có thể click vào button nhiều lần",
                  "fullTitle": "Login E2E Tests UI Elements Interactions Nên có thể click vào button nhiều lần",
                  "timedOut": null,
                  "duration": 2622,
                  "state": "passed",
                  "speed": "fast",
                  "pass": true,
                  "fail": false,
                  "pending": false,
                  "context": null,
                  "code": "// Click lần 1\nloginPage.clickLoginButton();\nloginPage.checkUsernameError(\"Tên đăng nhập không được để trống\");\n// Nhập giá trị và click lần 2\nloginPage.typeUsername(\"testuser\");\nloginPage.clickLoginButton();\nloginPage.checkPasswordError(\"Mật khẩu không được để trống\");\n// Nhập đầy đủ và click lần 3\nloginPage.typePassword(\"Test123\");\nloginPage.clickLoginButton();\ncy.wait(500);\ncy.url().should(\"include\", \"/product\", {\n  timeout: 3000\n});",
                  "err": {},
                  "uuid": "f03e9782-006d-4547-8789-852e60d0b3b2",
                  "parentUUID": "d79f128e-2aef-4a85-a500-78e298356d95",
                  "isHook": false,
                  "skipped": false
                },
                {
                  "title": "Nên responsive với viewport nhỏ",
                  "fullTitle": "Login E2E Tests UI Elements Interactions Nên responsive với viewport nhỏ",
                  "timedOut": null,
                  "duration": 235,
                  "state": "passed",
                  "speed": "fast",
                  "pass": true,
                  "fail": false,
                  "pending": false,
                  "context": null,
                  "code": "// Test mobile viewport\ncy.viewport(375, 667);\nloginPage.checkElementsVisible();\n// Test tablet viewport\ncy.viewport(768, 1024);\nloginPage.checkElementsVisible();",
                  "err": {},
                  "uuid": "4f4829b0-28e2-46c4-afd7-1e92d5d38e62",
                  "parentUUID": "d79f128e-2aef-4a85-a500-78e298356d95",
                  "isHook": false,
                  "skipped": false
                }
              ],
              "suites": [],
              "passes": [
                "6362f6d0-7621-4edd-956c-66b9566db887",
                "a30c9339-7b0f-4bf9-97c6-4f6dba5453d7",
                "7804df2f-9546-443d-be5d-c1929053d04d",
                "9d915352-3816-47dd-9073-3bbdec85cb1e",
                "1218b15c-989f-467f-81f0-b8b3d5939222",
                "38283cb5-4cee-4ace-a1f0-7f8b49e81c5c",
                "b3ae1b2f-99cb-4f92-9493-649095794e1a",
                "f03e9782-006d-4547-8789-852e60d0b3b2",
                "4f4829b0-28e2-46c4-afd7-1e92d5d38e62"
              ],
              "failures": [],
              "pending": [],
              "skipped": [],
              "duration": 8346,
              "root": false,
              "rootEmpty": false,
              "_timeout": 2000
            },
            {
              "uuid": "4b7ea593-dd73-4553-a3da-a2e9302c4845",
              "title": "Edge Cases & Security",
              "fullFile": "",
              "file": "",
              "beforeHooks": [],
              "afterHooks": [],
              "tests": [
                {
                  "title": "Nên xử lý special characters trong username",
                  "fullTitle": "Login E2E Tests Edge Cases & Security Nên xử lý special characters trong username",
                  "timedOut": null,
                  "duration": 860,
                  "state": "passed",
                  "speed": "fast",
                  "pass": true,
                  "fail": false,
                  "pending": false,
                  "context": null,
                  "code": "loginPage.login(\"test@user\", \"Test123\");\n// Tùy vào logic backend có accept hay không",
                  "err": {},
                  "uuid": "dc86a8d9-e723-4d4a-90fa-57aaecbeb81b",
                  "parentUUID": "4b7ea593-dd73-4553-a3da-a2e9302c4845",
                  "isHook": false,
                  "skipped": false
                },
                {
                  "title": "Nên xử lý spaces trong inputs",
                  "fullTitle": "Login E2E Tests Edge Cases & Security Nên xử lý spaces trong inputs",
                  "timedOut": null,
                  "duration": 937,
                  "state": "passed",
                  "speed": "fast",
                  "pass": true,
                  "fail": false,
                  "pending": false,
                  "context": null,
                  "code": "loginPage.login(\"  testuser  \", \"  Test123  \");\n// Kiểm tra trim logic",
                  "err": {},
                  "uuid": "9d2c1cbf-4662-4dc7-a145-a2f175583b4d",
                  "parentUUID": "4b7ea593-dd73-4553-a3da-a2e9302c4845",
                  "isHook": false,
                  "skipped": false
                },
                {
                  "title": "Nên prevent multiple submissions",
                  "fullTitle": "Login E2E Tests Edge Cases & Security Nên prevent multiple submissions",
                  "timedOut": null,
                  "duration": 2382,
                  "state": "passed",
                  "speed": "fast",
                  "pass": true,
                  "fail": false,
                  "pending": false,
                  "context": null,
                  "code": "loginPage.typeUsername(\"testuser\");\nloginPage.typePassword(\"Test123\");\n// Click nhiều lần nhanh\ncy.get(loginPage.selectors.loginButton).click();\ncy.get(loginPage.selectors.loginButton).click();\ncy.get(loginPage.selectors.loginButton).click();\n// Vẫn chỉ login 1 lần\ncy.url().should(\"include\", \"/product\", {\n  timeout: 3000\n});",
                  "err": {},
                  "uuid": "b32f570c-856e-4e23-9a10-4c6f4de43d34",
                  "parentUUID": "4b7ea593-dd73-4553-a3da-a2e9302c4845",
                  "isHook": false,
                  "skipped": false
                },
                {
                  "title": "Nên clear old error messages khi submit lại",
                  "fullTitle": "Login E2E Tests Edge Cases & Security Nên clear old error messages khi submit lại",
                  "timedOut": null,
                  "duration": 519,
                  "state": "passed",
                  "speed": "fast",
                  "pass": true,
                  "fail": false,
                  "pending": false,
                  "context": null,
                  "code": "// Submit 1: Tạo lỗi\nloginPage.clickLoginButton();\nloginPage.checkUsernameError(\"Tên đăng nhập không được để trống\");\n// Submit 2: Lỗi khác\nloginPage.typeUsername(\"ab\");\nloginPage.clickLoginButton();\nloginPage.checkUsernameError(\"Tên đăng nhập phải có ít nhất 3 ký tự\");",
                  "err": {},
                  "uuid": "600b9dcd-9f71-41b3-8b32-988d617c8c1f",
                  "parentUUID": "4b7ea593-dd73-4553-a3da-a2e9302c4845",
                  "isHook": false,
                  "skipped": false
                }
              ],
              "suites": [],
              "passes": [
                "dc86a8d9-e723-4d4a-90fa-57aaecbeb81b",
                "9d2c1cbf-4662-4dc7-a145-a2f175583b4d",
                "b32f570c-856e-4e23-9a10-4c6f4de43d34",
                "600b9dcd-9f71-41b3-8b32-988d617c8c1f"
              ],
              "failures": [],
              "pending": [],
              "skipped": [],
              "duration": 4698,
              "root": false,
              "rootEmpty": false,
              "_timeout": 2000
            }
          ],
          "passes": [],
          "failures": [],
          "pending": [],
          "skipped": [],
          "duration": 0,
          "root": false,
          "rootEmpty": false,
          "_timeout": 2000
        }
      ],
      "passes": [],
      "failures": [],
      "pending": [],
      "skipped": [],
      "duration": 0,
      "root": true,
      "rootEmpty": true,
      "_timeout": 2000
    }
  ],
  "meta": {
    "mocha": {
      "version": "7.2.0"
    },
    "mochawesome": {
      "options": {
        "quiet": false,
        "reportFilename": "mochawesome",
        "saveHtml": true,
        "saveJson": true,
        "consoleReporter": "spec",
        "useInlineDiffs": false,
        "code": true
      },
      "version": "7.1.4"
    },
    "marge": {
      "options": {
        "reportDir": "cypress/reports",
        "overwrite": false,
        "html": true,
        "json": true,
        "charts": true,
        "reportPageTitle": "Login E2E Test Report",
        "embeddedScreenshots": true,
        "inlineAssets": true
      },
      "version": "6.3.2"
    }
  }
}